<?xml version="1.0" encoding="UTF-8"?>
<testsuite xmlns:xsi="http://www.w3.org/2001/XMLSchema-instance" xsi:noNamespaceSchemaLocation="https://maven.apache.org/surefire/maven-surefire-plugin/xsd/surefire-test-report-3.0.xsd" version="3.0" name="TestSuite" time="608.305" tests="45" errors="0" skipped="10" failures="11">
  <properties>
    <property name="java.specification.version" value="23"/>
    <property name="webdriver.chrome.driver" value="C:\Users\visha\.cache\selenium\chromedriver\win64\141.0.7390.65\chromedriver.exe"/>
    <property name="sun.cpu.isalist" value="amd64"/>
    <property name="sun.jnu.encoding" value="Cp1252"/>
    <property name="java.class.path" value="D:\Software Testing\Eclipse\Demoblaze-E-commerce-Automation-Framework-master\target\test-classes;D:\Software Testing\Eclipse\Demoblaze-E-commerce-Automation-Framework-master\target\classes;C:\Users\visha\.m2\repository\org\seleniumhq\selenium\selenium-java\4.15.0\selenium-java-4.15.0.jar;C:\Users\visha\.m2\repository\org\seleniumhq\selenium\selenium-api\4.15.0\selenium-api-4.15.0.jar;C:\Users\visha\.m2\repository\org\seleniumhq\selenium\selenium-chrome-driver\4.15.0\selenium-chrome-driver-4.15.0.jar;C:\Users\visha\.m2\repository\com\google\auto\service\auto-service-annotations\1.1.1\auto-service-annotations-1.1.1.jar;C:\Users\visha\.m2\repository\org\seleniumhq\selenium\selenium-chromium-driver\4.15.0\selenium-chromium-driver-4.15.0.jar;C:\Users\visha\.m2\repository\org\seleniumhq\selenium\selenium-json\4.15.0\selenium-json-4.15.0.jar;C:\Users\visha\.m2\repository\org\seleniumhq\selenium\selenium-manager\4.15.0\selenium-manager-4.15.0.jar;C:\Users\visha\.m2\repository\org\seleniumhq\selenium\selenium-devtools-v117\4.15.0\selenium-devtools-v117-4.15.0.jar;C:\Users\visha\.m2\repository\org\seleniumhq\selenium\selenium-devtools-v118\4.15.0\selenium-devtools-v118-4.15.0.jar;C:\Users\visha\.m2\repository\org\seleniumhq\selenium\selenium-devtools-v119\4.15.0\selenium-devtools-v119-4.15.0.jar;C:\Users\visha\.m2\repository\org\seleniumhq\selenium\selenium-devtools-v85\4.15.0\selenium-devtools-v85-4.15.0.jar;C:\Users\visha\.m2\repository\org\seleniumhq\selenium\selenium-edge-driver\4.15.0\selenium-edge-driver-4.15.0.jar;C:\Users\visha\.m2\repository\org\seleniumhq\selenium\selenium-firefox-driver\4.15.0\selenium-firefox-driver-4.15.0.jar;C:\Users\visha\.m2\repository\org\seleniumhq\selenium\selenium-http\4.15.0\selenium-http-4.15.0.jar;C:\Users\visha\.m2\repository\dev\failsafe\failsafe\3.3.2\failsafe-3.3.2.jar;C:\Users\visha\.m2\repository\org\seleniumhq\selenium\selenium-ie-driver\4.15.0\selenium-ie-driver-4.15.0.jar;C:\Users\visha\.m2\repository\org\seleniumhq\selenium\selenium-remote-driver\4.15.0\selenium-remote-driver-4.15.0.jar;C:\Users\visha\.m2\repository\com\google\guava\guava\32.1.2-jre\guava-32.1.2-jre.jar;C:\Users\visha\.m2\repository\com\google\guava\failureaccess\1.0.1\failureaccess-1.0.1.jar;C:\Users\visha\.m2\repository\com\google\guava\listenablefuture\9999.0-empty-to-avoid-conflict-with-guava\listenablefuture-9999.0-empty-to-avoid-conflict-with-guava.jar;C:\Users\visha\.m2\repository\com\google\code\findbugs\jsr305\3.0.2\jsr305-3.0.2.jar;C:\Users\visha\.m2\repository\org\checkerframework\checker-qual\3.33.0\checker-qual-3.33.0.jar;C:\Users\visha\.m2\repository\com\google\errorprone\error_prone_annotations\2.18.0\error_prone_annotations-2.18.0.jar;C:\Users\visha\.m2\repository\com\google\j2objc\j2objc-annotations\2.8\j2objc-annotations-2.8.jar;C:\Users\visha\.m2\repository\io\opentelemetry\opentelemetry-api\1.28.0\opentelemetry-api-1.28.0.jar;C:\Users\visha\.m2\repository\io\opentelemetry\opentelemetry-context\1.28.0\opentelemetry-context-1.28.0.jar;C:\Users\visha\.m2\repository\io\opentelemetry\opentelemetry-exporter-logging\1.28.0\opentelemetry-exporter-logging-1.28.0.jar;C:\Users\visha\.m2\repository\io\opentelemetry\opentelemetry-sdk-metrics\1.28.0\opentelemetry-sdk-metrics-1.28.0.jar;C:\Users\visha\.m2\repository\io\opentelemetry\opentelemetry-extension-incubator\1.28.0-alpha\opentelemetry-extension-incubator-1.28.0-alpha.jar;C:\Users\visha\.m2\repository\io\opentelemetry\opentelemetry-sdk-logs\1.28.0\opentelemetry-sdk-logs-1.28.0.jar;C:\Users\visha\.m2\repository\io\opentelemetry\opentelemetry-sdk-common\1.28.0\opentelemetry-sdk-common-1.28.0.jar;C:\Users\visha\.m2\repository\io\opentelemetry\opentelemetry-sdk-extension-autoconfigure-spi\1.28.0\opentelemetry-sdk-extension-autoconfigure-spi-1.28.0.jar;C:\Users\visha\.m2\repository\io\opentelemetry\opentelemetry-sdk-extension-autoconfigure\1.28.0\opentelemetry-sdk-extension-autoconfigure-1.28.0.jar;C:\Users\visha\.m2\repository\io\opentelemetry\opentelemetry-api-events\1.28.0-alpha\opentelemetry-api-events-1.28.0-alpha.jar;C:\Users\visha\.m2\repository\io\opentelemetry\opentelemetry-sdk-trace\1.28.0\opentelemetry-sdk-trace-1.28.0.jar;C:\Users\visha\.m2\repository\io\opentelemetry\opentelemetry-sdk\1.28.0\opentelemetry-sdk-1.28.0.jar;C:\Users\visha\.m2\repository\io\opentelemetry\opentelemetry-semconv\1.28.0-alpha\opentelemetry-semconv-1.28.0-alpha.jar;C:\Users\visha\.m2\repository\net\bytebuddy\byte-buddy\1.14.5\byte-buddy-1.14.5.jar;C:\Users\visha\.m2\repository\org\seleniumhq\selenium\selenium-os\4.15.0\selenium-os-4.15.0.jar;C:\Users\visha\.m2\repository\org\apache\commons\commons-exec\1.3\commons-exec-1.3.jar;C:\Users\visha\.m2\repository\org\seleniumhq\selenium\selenium-safari-driver\4.15.0\selenium-safari-driver-4.15.0.jar;C:\Users\visha\.m2\repository\org\seleniumhq\selenium\selenium-support\4.15.0\selenium-support-4.15.0.jar;C:\Users\visha\.m2\repository\org\testng\testng\7.8.0\testng-7.8.0.jar;C:\Users\visha\.m2\repository\org\slf4j\slf4j-api\1.7.36\slf4j-api-1.7.36.jar;C:\Users\visha\.m2\repository\com\beust\jcommander\1.82\jcommander-1.82.jar;C:\Users\visha\.m2\repository\org\webjars\jquery\3.6.1\jquery-3.6.1.jar;C:\Users\visha\.m2\repository\io\github\bonigarcia\webdrivermanager\5.6.2\webdrivermanager-5.6.2.jar;C:\Users\visha\.m2\repository\com\google\code\gson\gson\2.10.1\gson-2.10.1.jar;C:\Users\visha\.m2\repository\com\github\docker-java\docker-java\3.3.4\docker-java-3.3.4.jar;C:\Users\visha\.m2\repository\com\github\docker-java\docker-java-core\3.3.4\docker-java-core-3.3.4.jar;C:\Users\visha\.m2\repository\com\github\docker-java\docker-java-api\3.3.4\docker-java-api-3.3.4.jar;C:\Users\visha\.m2\repository\com\fasterxml\jackson\core\jackson-annotations\2.10.3\jackson-annotations-2.10.3.jar;C:\Users\visha\.m2\repository\com\fasterxml\jackson\core\jackson-databind\2.10.3\jackson-databind-2.10.3.jar;C:\Users\visha\.m2\repository\com\fasterxml\jackson\core\jackson-core\2.10.3\jackson-core-2.10.3.jar;C:\Users\visha\.m2\repository\org\bouncycastle\bcpkix-jdk18on\1.76\bcpkix-jdk18on-1.76.jar;C:\Users\visha\.m2\repository\org\bouncycastle\bcprov-jdk18on\1.76\bcprov-jdk18on-1.76.jar;C:\Users\visha\.m2\repository\org\bouncycastle\bcutil-jdk18on\1.76\bcutil-jdk18on-1.76.jar;C:\Users\visha\.m2\repository\org\slf4j\jcl-over-slf4j\1.7.30\jcl-over-slf4j-1.7.30.jar;C:\Users\visha\.m2\repository\com\github\docker-java\docker-java-transport-httpclient5\3.3.4\docker-java-transport-httpclient5-3.3.4.jar;C:\Users\visha\.m2\repository\com\github\docker-java\docker-java-transport\3.3.4\docker-java-transport-3.3.4.jar;C:\Users\visha\.m2\repository\net\java\dev\jna\jna\5.13.0\jna-5.13.0.jar;C:\Users\visha\.m2\repository\org\brotli\dec\0.1.2\dec-0.1.2.jar;C:\Users\visha\.m2\repository\org\apache\commons\commons-lang3\3.13.0\commons-lang3-3.13.0.jar;C:\Users\visha\.m2\repository\org\apache\commons\commons-compress\1.24.0\commons-compress-1.24.0.jar;C:\Users\visha\.m2\repository\org\apache\httpcomponents\client5\httpclient5\5.2.1\httpclient5-5.2.1.jar;C:\Users\visha\.m2\repository\org\apache\httpcomponents\core5\httpcore5\5.2\httpcore5-5.2.jar;C:\Users\visha\.m2\repository\org\apache\httpcomponents\core5\httpcore5-h2\5.2\httpcore5-h2-5.2.jar;C:\Users\visha\.m2\repository\org\apache\poi\poi-ooxml\5.2.5\poi-ooxml-5.2.5.jar;C:\Users\visha\.m2\repository\org\apache\poi\poi\5.2.5\poi-5.2.5.jar;C:\Users\visha\.m2\repository\commons-codec\commons-codec\1.16.0\commons-codec-1.16.0.jar;C:\Users\visha\.m2\repository\org\apache\commons\commons-math3\3.6.1\commons-math3-3.6.1.jar;C:\Users\visha\.m2\repository\com\zaxxer\SparseBitSet\1.3\SparseBitSet-1.3.jar;C:\Users\visha\.m2\repository\org\apache\poi\poi-ooxml-lite\5.2.5\poi-ooxml-lite-5.2.5.jar;C:\Users\visha\.m2\repository\org\apache\xmlbeans\xmlbeans\5.2.0\xmlbeans-5.2.0.jar;C:\Users\visha\.m2\repository\com\github\virtuald\curvesapi\1.08\curvesapi-1.08.jar;C:\Users\visha\.m2\repository\org\apache\commons\commons-collections4\4.4\commons-collections4-4.4.jar;C:\Users\visha\.m2\repository\org\apache\logging\log4j\log4j-core\2.22.0\log4j-core-2.22.0.jar;C:\Users\visha\.m2\repository\org\apache\logging\log4j\log4j-api\2.22.0\log4j-api-2.22.0.jar;C:\Users\visha\.m2\repository\commons-io\commons-io\2.15.1\commons-io-2.15.1.jar;C:\Users\visha\.m2\repository\com\aventstack\extentreports\5.1.1\extentreports-5.1.1.jar;C:\Users\visha\.m2\repository\io\reactivex\rxjava3\rxjava\3.1.6\rxjava-3.1.6.jar;C:\Users\visha\.m2\repository\org\reactivestreams\reactive-streams\1.0.4\reactive-streams-1.0.4.jar;C:\Users\visha\.m2\repository\org\freemarker\freemarker\2.3.32\freemarker-2.3.32.jar;C:\Users\visha\.m2\repository\org\projectlombok\lombok\1.18.26\lombok-1.18.26.jar;"/>
    <property name="java.vm.vendor" value="Eclipse Adoptium"/>
    <property name="sun.arch.data.model" value="64"/>
    <property name="user.variant" value=""/>
    <property name="java.vendor.url" value="https://adoptium.net/"/>
    <property name="user.timezone" value="Asia/Calcutta"/>
    <property name="os.name" value="Windows 11"/>
    <property name="java.vm.specification.version" value="23"/>
    <property name="sun.java.launcher" value="SUN_STANDARD"/>
    <property name="user.country" value="IN"/>
    <property name="sun.boot.library.path" value="C:\Users\visha\.p2\pool\plugins\org.eclipse.justj.openjdk.hotspot.jre.full.win32.x86_64_23.0.1.v20241024-1700\jre\bin"/>
    <property name="sun.java.command" value="C:\Users\visha\AppData\Local\Temp\surefire2887662967394478065\surefirebooter-20251008174058435_3.jar C:\Users\visha\AppData\Local\Temp\surefire2887662967394478065 2025-10-08T17-40-56_775-jvmRun1 surefire-20251008174058435_1tmp surefire_0-20251008174058435_2tmp"/>
    <property name="jdk.debug" value="release"/>
    <property name="surefire.test.class.path" value="D:\Software Testing\Eclipse\Demoblaze-E-commerce-Automation-Framework-master\target\test-classes;D:\Software Testing\Eclipse\Demoblaze-E-commerce-Automation-Framework-master\target\classes;C:\Users\visha\.m2\repository\org\seleniumhq\selenium\selenium-java\4.15.0\selenium-java-4.15.0.jar;C:\Users\visha\.m2\repository\org\seleniumhq\selenium\selenium-api\4.15.0\selenium-api-4.15.0.jar;C:\Users\visha\.m2\repository\org\seleniumhq\selenium\selenium-chrome-driver\4.15.0\selenium-chrome-driver-4.15.0.jar;C:\Users\visha\.m2\repository\com\google\auto\service\auto-service-annotations\1.1.1\auto-service-annotations-1.1.1.jar;C:\Users\visha\.m2\repository\org\seleniumhq\selenium\selenium-chromium-driver\4.15.0\selenium-chromium-driver-4.15.0.jar;C:\Users\visha\.m2\repository\org\seleniumhq\selenium\selenium-json\4.15.0\selenium-json-4.15.0.jar;C:\Users\visha\.m2\repository\org\seleniumhq\selenium\selenium-manager\4.15.0\selenium-manager-4.15.0.jar;C:\Users\visha\.m2\repository\org\seleniumhq\selenium\selenium-devtools-v117\4.15.0\selenium-devtools-v117-4.15.0.jar;C:\Users\visha\.m2\repository\org\seleniumhq\selenium\selenium-devtools-v118\4.15.0\selenium-devtools-v118-4.15.0.jar;C:\Users\visha\.m2\repository\org\seleniumhq\selenium\selenium-devtools-v119\4.15.0\selenium-devtools-v119-4.15.0.jar;C:\Users\visha\.m2\repository\org\seleniumhq\selenium\selenium-devtools-v85\4.15.0\selenium-devtools-v85-4.15.0.jar;C:\Users\visha\.m2\repository\org\seleniumhq\selenium\selenium-edge-driver\4.15.0\selenium-edge-driver-4.15.0.jar;C:\Users\visha\.m2\repository\org\seleniumhq\selenium\selenium-firefox-driver\4.15.0\selenium-firefox-driver-4.15.0.jar;C:\Users\visha\.m2\repository\org\seleniumhq\selenium\selenium-http\4.15.0\selenium-http-4.15.0.jar;C:\Users\visha\.m2\repository\dev\failsafe\failsafe\3.3.2\failsafe-3.3.2.jar;C:\Users\visha\.m2\repository\org\seleniumhq\selenium\selenium-ie-driver\4.15.0\selenium-ie-driver-4.15.0.jar;C:\Users\visha\.m2\repository\org\seleniumhq\selenium\selenium-remote-driver\4.15.0\selenium-remote-driver-4.15.0.jar;C:\Users\visha\.m2\repository\com\google\guava\guava\32.1.2-jre\guava-32.1.2-jre.jar;C:\Users\visha\.m2\repository\com\google\guava\failureaccess\1.0.1\failureaccess-1.0.1.jar;C:\Users\visha\.m2\repository\com\google\guava\listenablefuture\9999.0-empty-to-avoid-conflict-with-guava\listenablefuture-9999.0-empty-to-avoid-conflict-with-guava.jar;C:\Users\visha\.m2\repository\com\google\code\findbugs\jsr305\3.0.2\jsr305-3.0.2.jar;C:\Users\visha\.m2\repository\org\checkerframework\checker-qual\3.33.0\checker-qual-3.33.0.jar;C:\Users\visha\.m2\repository\com\google\errorprone\error_prone_annotations\2.18.0\error_prone_annotations-2.18.0.jar;C:\Users\visha\.m2\repository\com\google\j2objc\j2objc-annotations\2.8\j2objc-annotations-2.8.jar;C:\Users\visha\.m2\repository\io\opentelemetry\opentelemetry-api\1.28.0\opentelemetry-api-1.28.0.jar;C:\Users\visha\.m2\repository\io\opentelemetry\opentelemetry-context\1.28.0\opentelemetry-context-1.28.0.jar;C:\Users\visha\.m2\repository\io\opentelemetry\opentelemetry-exporter-logging\1.28.0\opentelemetry-exporter-logging-1.28.0.jar;C:\Users\visha\.m2\repository\io\opentelemetry\opentelemetry-sdk-metrics\1.28.0\opentelemetry-sdk-metrics-1.28.0.jar;C:\Users\visha\.m2\repository\io\opentelemetry\opentelemetry-extension-incubator\1.28.0-alpha\opentelemetry-extension-incubator-1.28.0-alpha.jar;C:\Users\visha\.m2\repository\io\opentelemetry\opentelemetry-sdk-logs\1.28.0\opentelemetry-sdk-logs-1.28.0.jar;C:\Users\visha\.m2\repository\io\opentelemetry\opentelemetry-sdk-common\1.28.0\opentelemetry-sdk-common-1.28.0.jar;C:\Users\visha\.m2\repository\io\opentelemetry\opentelemetry-sdk-extension-autoconfigure-spi\1.28.0\opentelemetry-sdk-extension-autoconfigure-spi-1.28.0.jar;C:\Users\visha\.m2\repository\io\opentelemetry\opentelemetry-sdk-extension-autoconfigure\1.28.0\opentelemetry-sdk-extension-autoconfigure-1.28.0.jar;C:\Users\visha\.m2\repository\io\opentelemetry\opentelemetry-api-events\1.28.0-alpha\opentelemetry-api-events-1.28.0-alpha.jar;C:\Users\visha\.m2\repository\io\opentelemetry\opentelemetry-sdk-trace\1.28.0\opentelemetry-sdk-trace-1.28.0.jar;C:\Users\visha\.m2\repository\io\opentelemetry\opentelemetry-sdk\1.28.0\opentelemetry-sdk-1.28.0.jar;C:\Users\visha\.m2\repository\io\opentelemetry\opentelemetry-semconv\1.28.0-alpha\opentelemetry-semconv-1.28.0-alpha.jar;C:\Users\visha\.m2\repository\net\bytebuddy\byte-buddy\1.14.5\byte-buddy-1.14.5.jar;C:\Users\visha\.m2\repository\org\seleniumhq\selenium\selenium-os\4.15.0\selenium-os-4.15.0.jar;C:\Users\visha\.m2\repository\org\apache\commons\commons-exec\1.3\commons-exec-1.3.jar;C:\Users\visha\.m2\repository\org\seleniumhq\selenium\selenium-safari-driver\4.15.0\selenium-safari-driver-4.15.0.jar;C:\Users\visha\.m2\repository\org\seleniumhq\selenium\selenium-support\4.15.0\selenium-support-4.15.0.jar;C:\Users\visha\.m2\repository\org\testng\testng\7.8.0\testng-7.8.0.jar;C:\Users\visha\.m2\repository\org\slf4j\slf4j-api\1.7.36\slf4j-api-1.7.36.jar;C:\Users\visha\.m2\repository\com\beust\jcommander\1.82\jcommander-1.82.jar;C:\Users\visha\.m2\repository\org\webjars\jquery\3.6.1\jquery-3.6.1.jar;C:\Users\visha\.m2\repository\io\github\bonigarcia\webdrivermanager\5.6.2\webdrivermanager-5.6.2.jar;C:\Users\visha\.m2\repository\com\google\code\gson\gson\2.10.1\gson-2.10.1.jar;C:\Users\visha\.m2\repository\com\github\docker-java\docker-java\3.3.4\docker-java-3.3.4.jar;C:\Users\visha\.m2\repository\com\github\docker-java\docker-java-core\3.3.4\docker-java-core-3.3.4.jar;C:\Users\visha\.m2\repository\com\github\docker-java\docker-java-api\3.3.4\docker-java-api-3.3.4.jar;C:\Users\visha\.m2\repository\com\fasterxml\jackson\core\jackson-annotations\2.10.3\jackson-annotations-2.10.3.jar;C:\Users\visha\.m2\repository\com\fasterxml\jackson\core\jackson-databind\2.10.3\jackson-databind-2.10.3.jar;C:\Users\visha\.m2\repository\com\fasterxml\jackson\core\jackson-core\2.10.3\jackson-core-2.10.3.jar;C:\Users\visha\.m2\repository\org\bouncycastle\bcpkix-jdk18on\1.76\bcpkix-jdk18on-1.76.jar;C:\Users\visha\.m2\repository\org\bouncycastle\bcprov-jdk18on\1.76\bcprov-jdk18on-1.76.jar;C:\Users\visha\.m2\repository\org\bouncycastle\bcutil-jdk18on\1.76\bcutil-jdk18on-1.76.jar;C:\Users\visha\.m2\repository\org\slf4j\jcl-over-slf4j\1.7.30\jcl-over-slf4j-1.7.30.jar;C:\Users\visha\.m2\repository\com\github\docker-java\docker-java-transport-httpclient5\3.3.4\docker-java-transport-httpclient5-3.3.4.jar;C:\Users\visha\.m2\repository\com\github\docker-java\docker-java-transport\3.3.4\docker-java-transport-3.3.4.jar;C:\Users\visha\.m2\repository\net\java\dev\jna\jna\5.13.0\jna-5.13.0.jar;C:\Users\visha\.m2\repository\org\brotli\dec\0.1.2\dec-0.1.2.jar;C:\Users\visha\.m2\repository\org\apache\commons\commons-lang3\3.13.0\commons-lang3-3.13.0.jar;C:\Users\visha\.m2\repository\org\apache\commons\commons-compress\1.24.0\commons-compress-1.24.0.jar;C:\Users\visha\.m2\repository\org\apache\httpcomponents\client5\httpclient5\5.2.1\httpclient5-5.2.1.jar;C:\Users\visha\.m2\repository\org\apache\httpcomponents\core5\httpcore5\5.2\httpcore5-5.2.jar;C:\Users\visha\.m2\repository\org\apache\httpcomponents\core5\httpcore5-h2\5.2\httpcore5-h2-5.2.jar;C:\Users\visha\.m2\repository\org\apache\poi\poi-ooxml\5.2.5\poi-ooxml-5.2.5.jar;C:\Users\visha\.m2\repository\org\apache\poi\poi\5.2.5\poi-5.2.5.jar;C:\Users\visha\.m2\repository\commons-codec\commons-codec\1.16.0\commons-codec-1.16.0.jar;C:\Users\visha\.m2\repository\org\apache\commons\commons-math3\3.6.1\commons-math3-3.6.1.jar;C:\Users\visha\.m2\repository\com\zaxxer\SparseBitSet\1.3\SparseBitSet-1.3.jar;C:\Users\visha\.m2\repository\org\apache\poi\poi-ooxml-lite\5.2.5\poi-ooxml-lite-5.2.5.jar;C:\Users\visha\.m2\repository\org\apache\xmlbeans\xmlbeans\5.2.0\xmlbeans-5.2.0.jar;C:\Users\visha\.m2\repository\com\github\virtuald\curvesapi\1.08\curvesapi-1.08.jar;C:\Users\visha\.m2\repository\org\apache\commons\commons-collections4\4.4\commons-collections4-4.4.jar;C:\Users\visha\.m2\repository\org\apache\logging\log4j\log4j-core\2.22.0\log4j-core-2.22.0.jar;C:\Users\visha\.m2\repository\org\apache\logging\log4j\log4j-api\2.22.0\log4j-api-2.22.0.jar;C:\Users\visha\.m2\repository\commons-io\commons-io\2.15.1\commons-io-2.15.1.jar;C:\Users\visha\.m2\repository\com\aventstack\extentreports\5.1.1\extentreports-5.1.1.jar;C:\Users\visha\.m2\repository\io\reactivex\rxjava3\rxjava\3.1.6\rxjava-3.1.6.jar;C:\Users\visha\.m2\repository\org\reactivestreams\reactive-streams\1.0.4\reactive-streams-1.0.4.jar;C:\Users\visha\.m2\repository\org\freemarker\freemarker\2.3.32\freemarker-2.3.32.jar;C:\Users\visha\.m2\repository\org\projectlombok\lombok\1.18.26\lombok-1.18.26.jar;"/>
    <property name="sun.cpu.endian" value="little"/>
    <property name="user.home" value="C:\Users\visha"/>
    <property name="user.language" value="en"/>
    <property name="java.specification.vendor" value="Oracle Corporation"/>
    <property name="java.version.date" value="2024-10-15"/>
    <property name="java.home" value="C:\Users\visha\.p2\pool\plugins\org.eclipse.justj.openjdk.hotspot.jre.full.win32.x86_64_23.0.1.v20241024-1700\jre"/>
    <property name="file.separator" value="\"/>
    <property name="basedir" value="D:\Software Testing\Eclipse\Demoblaze-E-commerce-Automation-Framework-master"/>
    <property name="java.vm.compressedOopsMode" value="Zero based"/>
    <property name="line.separator" value="&#10;"/>
    <property name="java.vm.specification.vendor" value="Oracle Corporation"/>
    <property name="java.specification.name" value="Java Platform API Specification"/>
    <property name="surefire.real.class.path" value="C:\Users\visha\AppData\Local\Temp\surefire2887662967394478065\surefirebooter-20251008174058435_3.jar"/>
    <property name="user.script" value=""/>
    <property name="sun.management.compiler" value="HotSpot 64-Bit Tiered Compilers"/>
    <property name="java.runtime.version" value="23.0.1+11"/>
    <property name="user.name" value="visha"/>
    <property name="stdout.encoding" value="Cp1252"/>
    <property name="path.separator" value=";"/>
    <property name="os.version" value="10.0"/>
    <property name="java.runtime.name" value="OpenJDK Runtime Environment"/>
    <property name="file.encoding" value="UTF-8"/>
    <property name="java.vm.name" value="OpenJDK 64-Bit Server VM"/>
    <property name="java.vendor.version" value="Temurin-23.0.1+11"/>
    <property name="localRepository" value="C:\Users\visha\.m2\repository"/>
    <property name="java.vendor.url.bug" value="https://github.com/adoptium/adoptium-support/issues"/>
    <property name="java.io.tmpdir" value="C:\Users\visha\AppData\Local\Temp\"/>
    <property name="java.version" value="23.0.1"/>
    <property name="user.dir" value="D:\Software Testing\Eclipse\Demoblaze-E-commerce-Automation-Framework-master"/>
    <property name="os.arch" value="amd64"/>
    <property name="webdriver.gecko.driver" value="C:\Users\visha\.cache\selenium\geckodriver\win64\0.36.0\geckodriver.exe"/>
    <property name="java.vm.specification.name" value="Java Virtual Machine Specification"/>
    <property name="sun.os.patch.level" value=""/>
    <property name="native.encoding" value="Cp1252"/>
    <property name="java.library.path" value="C:\Users\visha\.p2\pool\plugins\org.eclipse.justj.openjdk.hotspot.jre.full.win32.x86_64_23.0.1.v20241024-1700\jre\bin;C:\WINDOWS\Sun\Java\bin;C:\WINDOWS\system32;C:\WINDOWS;C:/Users/visha/.p2/pool/plugins/org.eclipse.justj.openjdk.hotspot.jre.full.win32.x86_64_23.0.1.v20241024-1700/jre/bin/server;C:/Users/visha/.p2/pool/plugins/org.eclipse.justj.openjdk.hotspot.jre.full.win32.x86_64_23.0.1.v20241024-1700/jre/bin;C:\Program Files\OpenLogic\jdk-21.0.4.7-hotspot\bin;C:\WINDOWS\system32;C:\WINDOWS;C:\WINDOWS\System32\Wbem;C:\WINDOWS\System32\WindowsPowerShell\v1.0\;C:\WINDOWS\System32\OpenSSH\;C:\MinGW\bin;C:\Program Files\Snowflake SnowSQL\;C:\Program Files (x86)\Microsoft SQL Server\160\Tools\Binn\;C:\Program Files\Microsoft SQL Server\160\Tools\Binn\;C:\Program Files\Microsoft SQL Server\Client SDK\ODBC\170\Tools\Binn\;C:\Program Files\Microsoft SQL Server\160\DTS\Binn\;C:\Program Files (x86)\Microsoft SQL Server\160\DTS\Binn\;C:\Program Files\nodejs\;D:\Program Files\Git\cmd;C:\Program Files\Docker\Docker\resources\bin;D:\Software Testing\apache-maven-3.9.11\bin;C:\Program Files\MySQL\MySQL Shell 8.0\bin\;C:\Users\visha\AppData\Local\Programs\Python\Python311\Scripts\;C:\Users\visha\AppData\Local\Programs\Python\Python311\;C:\Users\visha\AppData\Local\Microsoft\WindowsApps;C:\MinGW\bin;C:\Users\visha\AppData\Local\Programs\Microsoft VS Code\bin;C:\Users\visha\AppData\Roaming\npm;C:\Users\visha\eclipse\java-2024-094\eclipse;;."/>
    <property name="java.vm.info" value="mixed mode, sharing"/>
    <property name="stderr.encoding" value="Cp1252"/>
    <property name="java.vendor" value="Eclipse Adoptium"/>
    <property name="java.vm.version" value="23.0.1+11"/>
    <property name="sun.io.unicode.encoding" value="UnicodeLittle"/>
    <property name="java.class.version" value="67.0"/>
  </properties>
  <testcase name="testLoginWithValidCredentials" classname="com.demoblaze.automation.tests.LoginTests" time="7.262">
    <system-out><![CDATA[17:41:00.472 [main] INFO  com.demoblaze.automation.utils.LoggerUtil - ========================================
17:41:00.474 [main] INFO  com.demoblaze.automation.utils.LoggerUtil - TEST SUITE STARTED: Chrome Tests
17:41:00.474 [main] INFO  com.demoblaze.automation.utils.LoggerUtil - ========================================
17:41:00.505 [main] INFO  com.demoblaze.automation.utils.LoggerUtil - ============================================
17:41:00.505 [main] INFO  com.demoblaze.automation.utils.LoggerUtil - Starting test setup for browser: chrome
17:41:00.506 [main] INFO  com.demoblaze.automation.utils.LoggerUtil - Initializing chrome driver
17:41:06.287 [main] INFO  com.demoblaze.automation.utils.LoggerUtil - Chrome browser initialized
17:41:06.335 [main] INFO  com.demoblaze.automation.utils.LoggerUtil - Driver initialized successfully
17:41:07.777 [main] INFO  com.demoblaze.automation.utils.LoggerUtil - HomePage initialized
17:41:07.778 [main] INFO  com.demoblaze.automation.utils.LoggerUtil - LoginPage initialized
17:41:07.780 [main] INFO  com.demoblaze.automation.utils.LoggerUtil - SignUpPage initialized
17:41:07.782 [main] INFO  com.demoblaze.automation.utils.LoggerUtil - ProductPage initialized
17:41:07.791 [main] INFO  com.demoblaze.automation.utils.LoggerUtil - CartPage initialized
17:41:07.793 [main] INFO  com.demoblaze.automation.utils.LoggerUtil - CheckoutPage initialized
17:41:07.794 [main] INFO  com.demoblaze.automation.utils.LoggerUtil - Test setup completed successfully
17:41:07.794 [main] INFO  com.demoblaze.automation.utils.LoggerUtil - ============================================
17:41:07.797 [main] INFO  com.demoblaze.automation.utils.LoggerUtil - ========================================
17:41:07.797 [main] INFO  com.demoblaze.automation.utils.LoggerUtil - STARTING TEST: testLoginWithValidCredentials
17:41:07.798 [main] INFO  com.demoblaze.automation.utils.LoggerUtil - Description: Test login with valid credentials
17:41:07.798 [main] INFO  com.demoblaze.automation.utils.LoggerUtil - ========================================
17:41:07.799 [main] INFO  com.demoblaze.automation.utils.LoggerUtil - Test: Login with valid credentials
17:41:08.935 [main] INFO  com.demoblaze.automation.utils.LoggerUtil - Clicked on element: [[ChromeDriver: chrome on windows (22e48d6962641d5fc4ac8b1e1ed13a3b)] -> id: login2]
17:41:08.935 [main] INFO  com.demoblaze.automation.utils.LoggerUtil - Clicked on Login link
17:41:10.553 [main] INFO  com.demoblaze.automation.utils.LoggerUtil - Login modal is visible
17:41:10.710 [main] INFO  com.demoblaze.automation.utils.LoggerUtil - Entered text: testuser123
17:41:10.846 [main] INFO  com.demoblaze.automation.utils.LoggerUtil - Entered text: Test@123
17:41:10.998 [main] INFO  com.demoblaze.automation.utils.LoggerUtil - Clicked on element: [[ChromeDriver: chrome on windows (22e48d6962641d5fc4ac8b1e1ed13a3b)] -> xpath: //button[contains(text(),'Log in')]]
17:41:11.000 [main] INFO  com.demoblaze.automation.utils.LoggerUtil - Login attempt with username: testuser123
17:41:15.054 [main] INFO  com.demoblaze.automation.utils.LoggerUtil - Login status: false
17:41:15.057 [main] INFO  com.demoblaze.automation.utils.LoggerUtil - ✓ TEST PASSED: testLoginWithValidCredentials
17:41:15.057 [main] INFO  com.demoblaze.automation.utils.LoggerUtil - Execution Time: 7259 ms
]]></system-out>
    <system-err><![CDATA[SLF4J: Failed to load class "org.slf4j.impl.StaticLoggerBinder".
SLF4J: Defaulting to no-operation (NOP) logger implementation
SLF4J: See http://www.slf4j.org/codes.html#StaticLoggerBinder for further details.
Oct 08, 2025 5:41:06 PM org.openqa.selenium.devtools.CdpVersionFinder findNearestMatch
WARNING: Unable to find CDP implementation matching 141
Oct 08, 2025 5:41:06 PM org.openqa.selenium.chromium.ChromiumDriver lambda$new$5
WARNING: Unable to find version of CDP to use for 141.0.7390.54. You may need to include a dependency on a specific version of the CDP using something similar to `org.seleniumhq.selenium:selenium-devtools-v86:4.15.0` where the version ("v86") matches the version of the chromium-based browser you're using and the version number of the artifact is the same as Selenium's.
]]></system-err>
  </testcase>
  <testcase name="testLoginWithValidCredentials" classname="com.demoblaze.automation.tests.LoginTests" time="0.0">
    <skipped message="Could not start a new session. Response code 500. Message: Expected browser binary location, but unable to find binary in default location, no &apos;moz:firefoxOptions.binary&apos; capability provided, and no binary flag set on the command line &#10;Host info: host: &apos;VISHALNIVANGUNE&apos;, ip: &apos;192.168.31.227&apos;&#10;Build info: version: &apos;4.15.0&apos;, revision: &apos;1d14b5521b&apos;&#10;System info: os.name: &apos;Windows 11&apos;, os.arch: &apos;amd64&apos;, os.version: &apos;10.0&apos;, java.version: &apos;23.0.1&apos;&#10;Driver info: org.openqa.selenium.firefox.FirefoxDriver&#10;Command: [null, newSession {capabilities=[Capabilities {acceptInsecureCerts: true, browserName: firefox, moz:debuggerAddress: true, moz:firefoxOptions: {args: [--start-maximized]}}]}]"/>
    <system-out><![CDATA[17:51:01.339 [main] INFO  com.demoblaze.automation.utils.LoggerUtil - ========================================
17:51:01.339 [main] INFO  com.demoblaze.automation.utils.LoggerUtil - STARTING TEST: testLoginWithValidCredentials
17:51:01.339 [main] INFO  com.demoblaze.automation.utils.LoggerUtil - Description: Test login with valid credentials
17:51:01.339 [main] INFO  com.demoblaze.automation.utils.LoggerUtil - ========================================
17:51:01.340 [main] WARN  com.demoblaze.automation.utils.LoggerUtil - ⊘ TEST SKIPPED: testLoginWithValidCredentials
17:51:01.340 [main] WARN  com.demoblaze.automation.utils.LoggerUtil - Skip reason: org.openqa.selenium.SessionNotCreatedException: Could not start a new session. Response code 500. Message: Expected browser binary location, but unable to find binary in default location, no 'moz:firefoxOptions.binary' capability provided, and no binary flag set on the command line 
Host info: host: 'VISHALNIVANGUNE', ip: '192.168.31.227'
Build info: version: '4.15.0', revision: '1d14b5521b'
System info: os.name: 'Windows 11', os.arch: 'amd64', os.version: '10.0', java.version: '23.0.1'
Driver info: org.openqa.selenium.firefox.FirefoxDriver
Command: [null, newSession {capabilities=[Capabilities {acceptInsecureCerts: true, browserName: firefox, moz:debuggerAddress: true, moz:firefoxOptions: {args: [--start-maximized]}}]}]
]]></system-out>
  </testcase>
  <testcase name="testLoginWithInvalidUsername" classname="com.demoblaze.automation.tests.LoginTests" time="7.706">
    <system-out><![CDATA[17:41:15.059 [main] INFO  com.demoblaze.automation.utils.LoggerUtil - ============================================
17:41:15.060 [main] INFO  com.demoblaze.automation.utils.LoggerUtil - Starting test teardown
17:41:15.065 [main] INFO  com.demoblaze.automation.utils.LoggerUtil - Quitting driver
17:41:15.344 [main] INFO  com.demoblaze.automation.utils.LoggerUtil - Driver quit successfully
17:41:15.345 [main] INFO  com.demoblaze.automation.utils.LoggerUtil - Test teardown completed
17:41:15.345 [main] INFO  com.demoblaze.automation.utils.LoggerUtil - ============================================
17:41:15.351 [main] INFO  com.demoblaze.automation.utils.LoggerUtil - ============================================
17:41:15.351 [main] INFO  com.demoblaze.automation.utils.LoggerUtil - Starting test setup for browser: chrome
17:41:15.351 [main] INFO  com.demoblaze.automation.utils.LoggerUtil - Initializing chrome driver
17:41:16.330 [main] INFO  com.demoblaze.automation.utils.LoggerUtil - Chrome browser initialized
17:41:16.351 [main] INFO  com.demoblaze.automation.utils.LoggerUtil - Driver initialized successfully
17:41:18.251 [main] INFO  com.demoblaze.automation.utils.LoggerUtil - HomePage initialized
17:41:18.252 [main] INFO  com.demoblaze.automation.utils.LoggerUtil - LoginPage initialized
17:41:18.252 [main] INFO  com.demoblaze.automation.utils.LoggerUtil - SignUpPage initialized
17:41:18.253 [main] INFO  com.demoblaze.automation.utils.LoggerUtil - ProductPage initialized
17:41:18.253 [main] INFO  com.demoblaze.automation.utils.LoggerUtil - CartPage initialized
17:41:18.254 [main] INFO  com.demoblaze.automation.utils.LoggerUtil - CheckoutPage initialized
17:41:18.254 [main] INFO  com.demoblaze.automation.utils.LoggerUtil - Test setup completed successfully
17:41:18.254 [main] INFO  com.demoblaze.automation.utils.LoggerUtil - ============================================
17:41:18.255 [main] INFO  com.demoblaze.automation.utils.LoggerUtil - ========================================
17:41:18.255 [main] INFO  com.demoblaze.automation.utils.LoggerUtil - STARTING TEST: testLoginWithInvalidUsername
17:41:18.255 [main] INFO  com.demoblaze.automation.utils.LoggerUtil - Description: Test login with invalid username
17:41:18.255 [main] INFO  com.demoblaze.automation.utils.LoggerUtil - ========================================
17:41:18.256 [main] INFO  com.demoblaze.automation.utils.LoggerUtil - Test: Login with invalid username
17:41:19.378 [main] INFO  com.demoblaze.automation.utils.LoggerUtil - Clicked on element: [[ChromeDriver: chrome on windows (9a0ffd00907ba54978876397d2d71678)] -> id: login2]
17:41:19.378 [main] INFO  com.demoblaze.automation.utils.LoggerUtil - Clicked on Login link
17:41:20.966 [main] INFO  com.demoblaze.automation.utils.LoggerUtil - Login modal is visible
17:41:21.145 [main] INFO  com.demoblaze.automation.utils.LoggerUtil - Entered text: invaliduser999
17:41:21.279 [main] INFO  com.demoblaze.automation.utils.LoggerUtil - Entered text: Test@123
17:41:21.355 [main] INFO  com.demoblaze.automation.utils.LoggerUtil - Clicked on element: [[ChromeDriver: chrome on windows (9a0ffd00907ba54978876397d2d71678)] -> xpath: //button[contains(text(),'Log in')]]
17:41:21.355 [main] INFO  com.demoblaze.automation.utils.LoggerUtil - Login attempt with username: invaliduser999
17:41:25.940 [main] INFO  com.demoblaze.automation.utils.LoggerUtil - Alert text: User does not exist.
17:41:25.941 [main] INFO  com.demoblaze.automation.utils.LoggerUtil - Alert message: User does not exist.
17:41:25.956 [main] INFO  com.demoblaze.automation.utils.LoggerUtil - Alert text: User does not exist.
17:41:25.960 [main] INFO  com.demoblaze.automation.utils.LoggerUtil - ✓ TEST PASSED: testLoginWithInvalidUsername
17:41:25.960 [main] INFO  com.demoblaze.automation.utils.LoggerUtil - Execution Time: 7705 ms
]]></system-out>
    <system-err><![CDATA[Oct 08, 2025 5:41:16 PM org.openqa.selenium.devtools.CdpVersionFinder findNearestMatch
WARNING: Unable to find CDP implementation matching 141
Oct 08, 2025 5:41:16 PM org.openqa.selenium.chromium.ChromiumDriver lambda$new$5
WARNING: Unable to find version of CDP to use for 141.0.7390.54. You may need to include a dependency on a specific version of the CDP using something similar to `org.seleniumhq.selenium:selenium-devtools-v86:4.15.0` where the version ("v86") matches the version of the chromium-based browser you're using and the version number of the artifact is the same as Selenium's.
]]></system-err>
  </testcase>
  <testcase name="testLoginWithInvalidUsername" classname="com.demoblaze.automation.tests.LoginTests" time="0.0">
    <skipped message="Could not start a new session. Response code 500. Message: Expected browser binary location, but unable to find binary in default location, no &apos;moz:firefoxOptions.binary&apos; capability provided, and no binary flag set on the command line &#10;Host info: host: &apos;VISHALNIVANGUNE&apos;, ip: &apos;192.168.31.227&apos;&#10;Build info: version: &apos;4.15.0&apos;, revision: &apos;1d14b5521b&apos;&#10;System info: os.name: &apos;Windows 11&apos;, os.arch: &apos;amd64&apos;, os.version: &apos;10.0&apos;, java.version: &apos;23.0.1&apos;&#10;Driver info: org.openqa.selenium.firefox.FirefoxDriver&#10;Command: [null, newSession {capabilities=[Capabilities {acceptInsecureCerts: true, browserName: firefox, moz:debuggerAddress: true, moz:firefoxOptions: {args: [--start-maximized]}}]}]"/>
    <system-out><![CDATA[17:51:02.081 [main] INFO  com.demoblaze.automation.utils.LoggerUtil - ========================================
17:51:02.081 [main] INFO  com.demoblaze.automation.utils.LoggerUtil - STARTING TEST: testLoginWithInvalidUsername
17:51:02.082 [main] INFO  com.demoblaze.automation.utils.LoggerUtil - Description: Test login with invalid username
17:51:02.082 [main] INFO  com.demoblaze.automation.utils.LoggerUtil - ========================================
17:51:02.082 [main] WARN  com.demoblaze.automation.utils.LoggerUtil - ⊘ TEST SKIPPED: testLoginWithInvalidUsername
17:51:02.082 [main] WARN  com.demoblaze.automation.utils.LoggerUtil - Skip reason: org.openqa.selenium.SessionNotCreatedException: Could not start a new session. Response code 500. Message: Expected browser binary location, but unable to find binary in default location, no 'moz:firefoxOptions.binary' capability provided, and no binary flag set on the command line 
Host info: host: 'VISHALNIVANGUNE', ip: '192.168.31.227'
Build info: version: '4.15.0', revision: '1d14b5521b'
System info: os.name: 'Windows 11', os.arch: 'amd64', os.version: '10.0', java.version: '23.0.1'
Driver info: org.openqa.selenium.firefox.FirefoxDriver
Command: [null, newSession {capabilities=[Capabilities {acceptInsecureCerts: true, browserName: firefox, moz:debuggerAddress: true, moz:firefoxOptions: {args: [--start-maximized]}}]}]
]]></system-out>
  </testcase>
  <testcase name="testLoginWithInvalidPassword" classname="com.demoblaze.automation.tests.LoginTests" time="5.07">
    <system-out><![CDATA[17:41:25.961 [main] INFO  com.demoblaze.automation.utils.LoggerUtil - ============================================
17:41:25.962 [main] INFO  com.demoblaze.automation.utils.LoggerUtil - Starting test teardown
17:41:25.970 [main] INFO  com.demoblaze.automation.utils.LoggerUtil - Quitting driver
17:41:26.169 [main] INFO  com.demoblaze.automation.utils.LoggerUtil - Driver quit successfully
17:41:26.169 [main] INFO  com.demoblaze.automation.utils.LoggerUtil - Test teardown completed
17:41:26.169 [main] INFO  com.demoblaze.automation.utils.LoggerUtil - ============================================
17:41:26.171 [main] INFO  com.demoblaze.automation.utils.LoggerUtil - ============================================
17:41:26.171 [main] INFO  com.demoblaze.automation.utils.LoggerUtil - Starting test setup for browser: chrome
17:41:26.171 [main] INFO  com.demoblaze.automation.utils.LoggerUtil - Initializing chrome driver
17:41:26.903 [main] INFO  com.demoblaze.automation.utils.LoggerUtil - Chrome browser initialized
17:41:26.918 [main] INFO  com.demoblaze.automation.utils.LoggerUtil - Driver initialized successfully
17:41:29.096 [main] INFO  com.demoblaze.automation.utils.LoggerUtil - HomePage initialized
17:41:29.096 [main] INFO  com.demoblaze.automation.utils.LoggerUtil - LoginPage initialized
17:41:29.097 [main] INFO  com.demoblaze.automation.utils.LoggerUtil - SignUpPage initialized
17:41:29.097 [main] INFO  com.demoblaze.automation.utils.LoggerUtil - ProductPage initialized
17:41:29.097 [main] INFO  com.demoblaze.automation.utils.LoggerUtil - CartPage initialized
17:41:29.099 [main] INFO  com.demoblaze.automation.utils.LoggerUtil - CheckoutPage initialized
17:41:29.099 [main] INFO  com.demoblaze.automation.utils.LoggerUtil - Test setup completed successfully
17:41:29.099 [main] INFO  com.demoblaze.automation.utils.LoggerUtil - ============================================
17:41:29.100 [main] INFO  com.demoblaze.automation.utils.LoggerUtil - ========================================
17:41:29.100 [main] INFO  com.demoblaze.automation.utils.LoggerUtil - STARTING TEST: testLoginWithInvalidPassword
17:41:29.100 [main] INFO  com.demoblaze.automation.utils.LoggerUtil - Description: Test login with invalid password
17:41:29.100 [main] INFO  com.demoblaze.automation.utils.LoggerUtil - ========================================
17:41:29.101 [main] INFO  com.demoblaze.automation.utils.LoggerUtil - Test: Login with invalid password
17:41:30.191 [main] INFO  com.demoblaze.automation.utils.LoggerUtil - Clicked on element: [[ChromeDriver: chrome on windows (2fe4dfd7b985b3ce3d50e438eda132a9)] -> id: login2]
17:41:30.192 [main] INFO  com.demoblaze.automation.utils.LoggerUtil - Clicked on Login link
17:41:31.775 [main] INFO  com.demoblaze.automation.utils.LoggerUtil - Login modal is visible
17:41:31.925 [main] INFO  com.demoblaze.automation.utils.LoggerUtil - Entered text: test
17:41:32.055 [main] INFO  com.demoblaze.automation.utils.LoggerUtil - Entered text: wrongpassword123
17:41:32.120 [main] INFO  com.demoblaze.automation.utils.LoggerUtil - Clicked on element: [[ChromeDriver: chrome on windows (2fe4dfd7b985b3ce3d50e438eda132a9)] -> xpath: //button[contains(text(),'Log in')]]
17:41:32.120 [main] INFO  com.demoblaze.automation.utils.LoggerUtil - Login attempt with username: test
17:41:34.140 [main] INFO  com.demoblaze.automation.utils.LoggerUtil - Alert text: Wrong password.
17:41:34.140 [main] INFO  com.demoblaze.automation.utils.LoggerUtil - Alert message: Wrong password.
17:41:34.147 [main] INFO  com.demoblaze.automation.utils.LoggerUtil - Alert text: Wrong password.
17:41:34.169 [main] INFO  com.demoblaze.automation.utils.LoggerUtil - ✓ TEST PASSED: testLoginWithInvalidPassword
17:41:34.169 [main] INFO  com.demoblaze.automation.utils.LoggerUtil - Execution Time: 5070 ms
]]></system-out>
    <system-err><![CDATA[Oct 08, 2025 5:41:26 PM org.openqa.selenium.devtools.CdpVersionFinder findNearestMatch
WARNING: Unable to find CDP implementation matching 141
Oct 08, 2025 5:41:26 PM org.openqa.selenium.chromium.ChromiumDriver lambda$new$5
WARNING: Unable to find version of CDP to use for 141.0.7390.54. You may need to include a dependency on a specific version of the CDP using something similar to `org.seleniumhq.selenium:selenium-devtools-v86:4.15.0` where the version ("v86") matches the version of the chromium-based browser you're using and the version number of the artifact is the same as Selenium's.
]]></system-err>
  </testcase>
  <testcase name="testLoginWithInvalidPassword" classname="com.demoblaze.automation.tests.LoginTests" time="0.0">
    <skipped message="Could not start a new session. Response code 500. Message: Expected browser binary location, but unable to find binary in default location, no &apos;moz:firefoxOptions.binary&apos; capability provided, and no binary flag set on the command line &#10;Host info: host: &apos;VISHALNIVANGUNE&apos;, ip: &apos;192.168.31.227&apos;&#10;Build info: version: &apos;4.15.0&apos;, revision: &apos;1d14b5521b&apos;&#10;System info: os.name: &apos;Windows 11&apos;, os.arch: &apos;amd64&apos;, os.version: &apos;10.0&apos;, java.version: &apos;23.0.1&apos;&#10;Driver info: org.openqa.selenium.firefox.FirefoxDriver&#10;Command: [null, newSession {capabilities=[Capabilities {acceptInsecureCerts: true, browserName: firefox, moz:debuggerAddress: true, moz:firefoxOptions: {args: [--start-maximized]}}]}]"/>
    <system-out><![CDATA[17:51:02.734 [main] INFO  com.demoblaze.automation.utils.LoggerUtil - ========================================
17:51:02.734 [main] INFO  com.demoblaze.automation.utils.LoggerUtil - STARTING TEST: testLoginWithInvalidPassword
17:51:02.734 [main] INFO  com.demoblaze.automation.utils.LoggerUtil - Description: Test login with invalid password
17:51:02.734 [main] INFO  com.demoblaze.automation.utils.LoggerUtil - ========================================
17:51:02.735 [main] WARN  com.demoblaze.automation.utils.LoggerUtil - ⊘ TEST SKIPPED: testLoginWithInvalidPassword
17:51:02.735 [main] WARN  com.demoblaze.automation.utils.LoggerUtil - Skip reason: org.openqa.selenium.SessionNotCreatedException: Could not start a new session. Response code 500. Message: Expected browser binary location, but unable to find binary in default location, no 'moz:firefoxOptions.binary' capability provided, and no binary flag set on the command line 
Host info: host: 'VISHALNIVANGUNE', ip: '192.168.31.227'
Build info: version: '4.15.0', revision: '1d14b5521b'
System info: os.name: 'Windows 11', os.arch: 'amd64', os.version: '10.0', java.version: '23.0.1'
Driver info: org.openqa.selenium.firefox.FirefoxDriver
Command: [null, newSession {capabilities=[Capabilities {acceptInsecureCerts: true, browserName: firefox, moz:debuggerAddress: true, moz:firefoxOptions: {args: [--start-maximized]}}]}]
]]></system-out>
  </testcase>
  <testcase name="testLoginWithEmptyCredentials" classname="com.demoblaze.automation.tests.LoginTests" time="3.832">
    <system-out><![CDATA[17:41:34.170 [main] INFO  com.demoblaze.automation.utils.LoggerUtil - ============================================
17:41:34.171 [main] INFO  com.demoblaze.automation.utils.LoggerUtil - Starting test teardown
17:41:34.181 [main] INFO  com.demoblaze.automation.utils.LoggerUtil - Quitting driver
17:41:34.393 [main] INFO  com.demoblaze.automation.utils.LoggerUtil - Driver quit successfully
17:41:34.393 [main] INFO  com.demoblaze.automation.utils.LoggerUtil - Test teardown completed
17:41:34.394 [main] INFO  com.demoblaze.automation.utils.LoggerUtil - ============================================
17:41:34.395 [main] INFO  com.demoblaze.automation.utils.LoggerUtil - ============================================
17:41:34.395 [main] INFO  com.demoblaze.automation.utils.LoggerUtil - Starting test setup for browser: chrome
17:41:34.395 [main] INFO  com.demoblaze.automation.utils.LoggerUtil - Initializing chrome driver
17:41:35.163 [main] INFO  com.demoblaze.automation.utils.LoggerUtil - Chrome browser initialized
17:41:35.184 [main] INFO  com.demoblaze.automation.utils.LoggerUtil - Driver initialized successfully
17:41:36.612 [main] INFO  com.demoblaze.automation.utils.LoggerUtil - HomePage initialized
17:41:36.613 [main] INFO  com.demoblaze.automation.utils.LoggerUtil - LoginPage initialized
17:41:36.613 [main] INFO  com.demoblaze.automation.utils.LoggerUtil - SignUpPage initialized
17:41:36.614 [main] INFO  com.demoblaze.automation.utils.LoggerUtil - ProductPage initialized
17:41:36.614 [main] INFO  com.demoblaze.automation.utils.LoggerUtil - CartPage initialized
17:41:36.615 [main] INFO  com.demoblaze.automation.utils.LoggerUtil - CheckoutPage initialized
17:41:36.615 [main] INFO  com.demoblaze.automation.utils.LoggerUtil - Test setup completed successfully
17:41:36.615 [main] INFO  com.demoblaze.automation.utils.LoggerUtil - ============================================
17:41:36.616 [main] INFO  com.demoblaze.automation.utils.LoggerUtil - ========================================
17:41:36.616 [main] INFO  com.demoblaze.automation.utils.LoggerUtil - STARTING TEST: testLoginWithEmptyCredentials
17:41:36.616 [main] INFO  com.demoblaze.automation.utils.LoggerUtil - Description: Test login with empty credentials
17:41:36.616 [main] INFO  com.demoblaze.automation.utils.LoggerUtil - ========================================
17:41:36.617 [main] INFO  com.demoblaze.automation.utils.LoggerUtil - Test: Login with empty credentials
17:41:37.731 [main] INFO  com.demoblaze.automation.utils.LoggerUtil - Clicked on element: [[ChromeDriver: chrome on windows (cb807a5962f660a3656f59700890bf83)] -> id: login2]
17:41:37.732 [main] INFO  com.demoblaze.automation.utils.LoggerUtil - Clicked on Login link
17:41:39.313 [main] INFO  com.demoblaze.automation.utils.LoggerUtil - Login modal is visible
17:41:39.425 [main] INFO  com.demoblaze.automation.utils.LoggerUtil - Clicked login button (alert expected)
17:41:40.436 [main] INFO  com.demoblaze.automation.utils.LoggerUtil - Alert text: Please fill out Username and Password.
17:41:40.436 [main] INFO  com.demoblaze.automation.utils.LoggerUtil - Alert message: Please fill out Username and Password.
17:41:40.442 [main] INFO  com.demoblaze.automation.utils.LoggerUtil - Alert text: Please fill out Username and Password.
17:41:40.448 [main] INFO  com.demoblaze.automation.utils.LoggerUtil - ✓ TEST PASSED: testLoginWithEmptyCredentials
17:41:40.448 [main] INFO  com.demoblaze.automation.utils.LoggerUtil - Execution Time: 3833 ms
]]></system-out>
    <system-err><![CDATA[Oct 08, 2025 5:41:35 PM org.openqa.selenium.devtools.CdpVersionFinder findNearestMatch
WARNING: Unable to find CDP implementation matching 141
Oct 08, 2025 5:41:35 PM org.openqa.selenium.chromium.ChromiumDriver lambda$new$5
WARNING: Unable to find version of CDP to use for 141.0.7390.54. You may need to include a dependency on a specific version of the CDP using something similar to `org.seleniumhq.selenium:selenium-devtools-v86:4.15.0` where the version ("v86") matches the version of the chromium-based browser you're using and the version number of the artifact is the same as Selenium's.
]]></system-err>
  </testcase>
  <testcase name="testLoginWithEmptyCredentials" classname="com.demoblaze.automation.tests.LoginTests" time="0.0">
    <skipped message="Could not start a new session. Response code 500. Message: Expected browser binary location, but unable to find binary in default location, no &apos;moz:firefoxOptions.binary&apos; capability provided, and no binary flag set on the command line &#10;Host info: host: &apos;VISHALNIVANGUNE&apos;, ip: &apos;192.168.31.227&apos;&#10;Build info: version: &apos;4.15.0&apos;, revision: &apos;1d14b5521b&apos;&#10;System info: os.name: &apos;Windows 11&apos;, os.arch: &apos;amd64&apos;, os.version: &apos;10.0&apos;, java.version: &apos;23.0.1&apos;&#10;Driver info: org.openqa.selenium.firefox.FirefoxDriver&#10;Command: [null, newSession {capabilities=[Capabilities {acceptInsecureCerts: true, browserName: firefox, moz:debuggerAddress: true, moz:firefoxOptions: {args: [--start-maximized]}}]}]"/>
    <system-out><![CDATA[17:51:03.417 [main] INFO  com.demoblaze.automation.utils.LoggerUtil - ========================================
17:51:03.417 [main] INFO  com.demoblaze.automation.utils.LoggerUtil - STARTING TEST: testLoginWithEmptyCredentials
17:51:03.417 [main] INFO  com.demoblaze.automation.utils.LoggerUtil - Description: Test login with empty credentials
17:51:03.417 [main] INFO  com.demoblaze.automation.utils.LoggerUtil - ========================================
17:51:03.417 [main] WARN  com.demoblaze.automation.utils.LoggerUtil - ⊘ TEST SKIPPED: testLoginWithEmptyCredentials
17:51:03.417 [main] WARN  com.demoblaze.automation.utils.LoggerUtil - Skip reason: org.openqa.selenium.SessionNotCreatedException: Could not start a new session. Response code 500. Message: Expected browser binary location, but unable to find binary in default location, no 'moz:firefoxOptions.binary' capability provided, and no binary flag set on the command line 
Host info: host: 'VISHALNIVANGUNE', ip: '192.168.31.227'
Build info: version: '4.15.0', revision: '1d14b5521b'
System info: os.name: 'Windows 11', os.arch: 'amd64', os.version: '10.0', java.version: '23.0.1'
Driver info: org.openqa.selenium.firefox.FirefoxDriver
Command: [null, newSession {capabilities=[Capabilities {acceptInsecureCerts: true, browserName: firefox, moz:debuggerAddress: true, moz:firefoxOptions: {args: [--start-maximized]}}]}]
]]></system-out>
  </testcase>
  <testcase name="testLogoutFunctionality" classname="com.demoblaze.automation.tests.LoginTests" time="7.666">
    <system-out><![CDATA[17:41:40.449 [main] INFO  com.demoblaze.automation.utils.LoggerUtil - ============================================
17:41:40.449 [main] INFO  com.demoblaze.automation.utils.LoggerUtil - Starting test teardown
17:41:40.458 [main] INFO  com.demoblaze.automation.utils.LoggerUtil - Quitting driver
17:41:40.696 [main] INFO  com.demoblaze.automation.utils.LoggerUtil - Driver quit successfully
17:41:40.697 [main] INFO  com.demoblaze.automation.utils.LoggerUtil - Test teardown completed
17:41:40.697 [main] INFO  com.demoblaze.automation.utils.LoggerUtil - ============================================
17:41:40.698 [main] INFO  com.demoblaze.automation.utils.LoggerUtil - ============================================
17:41:40.699 [main] INFO  com.demoblaze.automation.utils.LoggerUtil - Starting test setup for browser: chrome
17:41:40.699 [main] INFO  com.demoblaze.automation.utils.LoggerUtil - Initializing chrome driver
17:41:41.397 [main] INFO  com.demoblaze.automation.utils.LoggerUtil - Chrome browser initialized
17:41:41.414 [main] INFO  com.demoblaze.automation.utils.LoggerUtil - Driver initialized successfully
17:41:43.453 [main] INFO  com.demoblaze.automation.utils.LoggerUtil - HomePage initialized
17:41:43.454 [main] INFO  com.demoblaze.automation.utils.LoggerUtil - LoginPage initialized
17:41:43.455 [main] INFO  com.demoblaze.automation.utils.LoggerUtil - SignUpPage initialized
17:41:43.455 [main] INFO  com.demoblaze.automation.utils.LoggerUtil - ProductPage initialized
17:41:43.455 [main] INFO  com.demoblaze.automation.utils.LoggerUtil - CartPage initialized
17:41:43.456 [main] INFO  com.demoblaze.automation.utils.LoggerUtil - CheckoutPage initialized
17:41:43.456 [main] INFO  com.demoblaze.automation.utils.LoggerUtil - Test setup completed successfully
17:41:43.456 [main] INFO  com.demoblaze.automation.utils.LoggerUtil - ============================================
17:41:43.457 [main] INFO  com.demoblaze.automation.utils.LoggerUtil - ========================================
17:41:43.457 [main] INFO  com.demoblaze.automation.utils.LoggerUtil - STARTING TEST: testLogoutFunctionality
17:41:43.458 [main] INFO  com.demoblaze.automation.utils.LoggerUtil - Description: Test logout functionality
17:41:43.458 [main] INFO  com.demoblaze.automation.utils.LoggerUtil - ========================================
17:41:43.458 [main] INFO  com.demoblaze.automation.utils.LoggerUtil - Test: Logout functionality
17:41:44.585 [main] INFO  com.demoblaze.automation.utils.LoggerUtil - Clicked on element: [[ChromeDriver: chrome on windows (1dd348ff6c3914ed32e1e326c0149293)] -> id: login2]
17:41:44.585 [main] INFO  com.demoblaze.automation.utils.LoggerUtil - Clicked on Login link
17:41:46.201 [main] INFO  com.demoblaze.automation.utils.LoggerUtil - Login modal is visible
17:41:46.349 [main] INFO  com.demoblaze.automation.utils.LoggerUtil - Entered text: testuser123
17:41:46.428 [main] INFO  com.demoblaze.automation.utils.LoggerUtil - Entered text: Test@123
17:41:46.515 [main] INFO  com.demoblaze.automation.utils.LoggerUtil - Clicked on element: [[ChromeDriver: chrome on windows (1dd348ff6c3914ed32e1e326c0149293)] -> xpath: //button[contains(text(),'Log in')]]
17:41:46.515 [main] INFO  com.demoblaze.automation.utils.LoggerUtil - Login attempt with username: testuser123
17:41:50.551 [main] WARN  com.demoblaze.automation.utils.LoggerUtil - Dismissing unexpected alert: Wrong password.
17:41:51.123 [main] INFO  com.demoblaze.automation.utils.LoggerUtil - User logged in: false
17:41:51.123 [main] INFO  com.demoblaze.automation.utils.LoggerUtil - ✓ TEST PASSED: testLogoutFunctionality
17:41:51.123 [main] INFO  com.demoblaze.automation.utils.LoggerUtil - Execution Time: 7667 ms
]]></system-out>
    <system-err><![CDATA[Oct 08, 2025 5:41:41 PM org.openqa.selenium.devtools.CdpVersionFinder findNearestMatch
WARNING: Unable to find CDP implementation matching 141
Oct 08, 2025 5:41:41 PM org.openqa.selenium.chromium.ChromiumDriver lambda$new$5
WARNING: Unable to find version of CDP to use for 141.0.7390.54. You may need to include a dependency on a specific version of the CDP using something similar to `org.seleniumhq.selenium:selenium-devtools-v86:4.15.0` where the version ("v86") matches the version of the chromium-based browser you're using and the version number of the artifact is the same as Selenium's.
]]></system-err>
  </testcase>
  <testcase name="testLogoutFunctionality" classname="com.demoblaze.automation.tests.LoginTests" time="0.0">
    <skipped message="Could not start a new session. Response code 500. Message: Expected browser binary location, but unable to find binary in default location, no &apos;moz:firefoxOptions.binary&apos; capability provided, and no binary flag set on the command line &#10;Host info: host: &apos;VISHALNIVANGUNE&apos;, ip: &apos;192.168.31.227&apos;&#10;Build info: version: &apos;4.15.0&apos;, revision: &apos;1d14b5521b&apos;&#10;System info: os.name: &apos;Windows 11&apos;, os.arch: &apos;amd64&apos;, os.version: &apos;10.0&apos;, java.version: &apos;23.0.1&apos;&#10;Driver info: org.openqa.selenium.firefox.FirefoxDriver&#10;Command: [null, newSession {capabilities=[Capabilities {acceptInsecureCerts: true, browserName: firefox, moz:debuggerAddress: true, moz:firefoxOptions: {args: [--start-maximized]}}]}]"/>
    <system-out><![CDATA[17:51:04.222 [main] INFO  com.demoblaze.automation.utils.LoggerUtil - ========================================
17:51:04.223 [main] INFO  com.demoblaze.automation.utils.LoggerUtil - STARTING TEST: testLogoutFunctionality
17:51:04.223 [main] INFO  com.demoblaze.automation.utils.LoggerUtil - Description: Test logout functionality
17:51:04.223 [main] INFO  com.demoblaze.automation.utils.LoggerUtil - ========================================
17:51:04.223 [main] WARN  com.demoblaze.automation.utils.LoggerUtil - ⊘ TEST SKIPPED: testLogoutFunctionality
17:51:04.223 [main] WARN  com.demoblaze.automation.utils.LoggerUtil - Skip reason: org.openqa.selenium.SessionNotCreatedException: Could not start a new session. Response code 500. Message: Expected browser binary location, but unable to find binary in default location, no 'moz:firefoxOptions.binary' capability provided, and no binary flag set on the command line 
Host info: host: 'VISHALNIVANGUNE', ip: '192.168.31.227'
Build info: version: '4.15.0', revision: '1d14b5521b'
System info: os.name: 'Windows 11', os.arch: 'amd64', os.version: '10.0', java.version: '23.0.1'
Driver info: org.openqa.selenium.firefox.FirefoxDriver
Command: [null, newSession {capabilities=[Capabilities {acceptInsecureCerts: true, browserName: firefox, moz:debuggerAddress: true, moz:firefoxOptions: {args: [--start-maximized]}}]}]
]]></system-out>
  </testcase>
  <testcase name="setup[firefox](0)" classname="com.demoblaze.automation.tests.LoginTests" time="46.818">
    <failure message="Could not start a new session. Response code 500. Message: Expected browser binary location, but unable to find binary in default location, no &apos;moz:firefoxOptions.binary&apos; capability provided, and no binary flag set on the command line &#10;Host info: host: &apos;VISHALNIVANGUNE&apos;, ip: &apos;192.168.31.227&apos;&#10;Build info: version: &apos;4.15.0&apos;, revision: &apos;1d14b5521b&apos;&#10;System info: os.name: &apos;Windows 11&apos;, os.arch: &apos;amd64&apos;, os.version: &apos;10.0&apos;, java.version: &apos;23.0.1&apos;&#10;Driver info: org.openqa.selenium.firefox.FirefoxDriver&#10;Command: [null, newSession {capabilities=[Capabilities {acceptInsecureCerts: true, browserName: firefox, moz:debuggerAddress: true, moz:firefoxOptions: {args: [--start-maximized]}}]}]" type="org.openqa.selenium.SessionNotCreatedException"><![CDATA[org.openqa.selenium.SessionNotCreatedException: 
Could not start a new session. Response code 500. Message: Expected browser binary location, but unable to find binary in default location, no 'moz:firefoxOptions.binary' capability provided, and no binary flag set on the command line 
Host info: host: 'VISHALNIVANGUNE', ip: '192.168.31.227'
Build info: version: '4.15.0', revision: '1d14b5521b'
System info: os.name: 'Windows 11', os.arch: 'amd64', os.version: '10.0', java.version: '23.0.1'
Driver info: org.openqa.selenium.firefox.FirefoxDriver
Command: [null, newSession {capabilities=[Capabilities {acceptInsecureCerts: true, browserName: firefox, moz:debuggerAddress: true, moz:firefoxOptions: {args: [--start-maximized]}}]}]
	at org.openqa.selenium.remote.ProtocolHandshake.createSession(ProtocolHandshake.java:140)
	at org.openqa.selenium.remote.ProtocolHandshake.createSession(ProtocolHandshake.java:96)
	at org.openqa.selenium.remote.ProtocolHandshake.createSession(ProtocolHandshake.java:68)
	at org.openqa.selenium.remote.HttpCommandExecutor.execute(HttpCommandExecutor.java:163)
	at org.openqa.selenium.remote.service.DriverCommandExecutor.invokeExecute(DriverCommandExecutor.java:200)
	at org.openqa.selenium.remote.service.DriverCommandExecutor.execute(DriverCommandExecutor.java:175)
	at org.openqa.selenium.remote.RemoteWebDriver.execute(RemoteWebDriver.java:607)
	at org.openqa.selenium.remote.RemoteWebDriver.startSession(RemoteWebDriver.java:241)
	at org.openqa.selenium.remote.RemoteWebDriver.<init>(RemoteWebDriver.java:168)
	at org.openqa.selenium.firefox.FirefoxDriver.<init>(FirefoxDriver.java:157)
	at org.openqa.selenium.firefox.FirefoxDriver.<init>(FirefoxDriver.java:152)
	at org.openqa.selenium.firefox.FirefoxDriver.<init>(FirefoxDriver.java:133)
	at org.openqa.selenium.firefox.FirefoxDriver.<init>(FirefoxDriver.java:128)
	at org.openqa.selenium.firefox.FirefoxDriver.<init>(FirefoxDriver.java:113)
	at com.demoblaze.automation.managers.DriverFactory.createDriver(DriverFactory.java:49)
	at com.demoblaze.automation.managers.DriverManager.initDriver(DriverManager.java:46)
	at com.demoblaze.automation.tests.BaseTest.setup(BaseTest.java:31)
	at java.base/jdk.internal.reflect.DirectMethodHandleAccessor.invoke(DirectMethodHandleAccessor.java:103)
	at java.base/java.lang.reflect.Method.invoke(Method.java:580)
	at org.testng.internal.invokers.MethodInvocationHelper.invokeMethod(MethodInvocationHelper.java:139)
	at org.testng.internal.invokers.MethodInvocationHelper.invokeMethodConsideringTimeout(MethodInvocationHelper.java:69)
	at org.testng.internal.invokers.ConfigInvoker.invokeConfigurationMethod(ConfigInvoker.java:390)
	at org.testng.internal.invokers.ConfigInvoker.invokeConfigurations(ConfigInvoker.java:325)
	at org.testng.internal.invokers.TestInvoker.runConfigMethods(TestInvoker.java:810)
	at org.testng.internal.invokers.TestInvoker.invokeMethod(TestInvoker.java:577)
	at org.testng.internal.invokers.TestInvoker.invokeTestMethod(TestInvoker.java:227)
	at org.testng.internal.invokers.MethodRunner.runInSequence(MethodRunner.java:50)
	at org.testng.internal.invokers.TestInvoker$MethodInvocationAgent.invoke(TestInvoker.java:957)
	at org.testng.internal.invokers.TestInvoker.invokeTestMethods(TestInvoker.java:200)
	at org.testng.internal.invokers.TestMethodWorker.invokeTestMethods(TestMethodWorker.java:148)
	at org.testng.internal.invokers.TestMethodWorker.run(TestMethodWorker.java:128)
	at java.base/java.util.ArrayList.forEach(ArrayList.java:1597)
	at org.testng.TestRunner.privateRun(TestRunner.java:848)
	at org.testng.TestRunner.run(TestRunner.java:621)
	at org.testng.SuiteRunner.runTest(SuiteRunner.java:443)
	at org.testng.SuiteRunner.runSequentially(SuiteRunner.java:437)
	at org.testng.SuiteRunner.privateRun(SuiteRunner.java:397)
	at org.testng.SuiteRunner.run(SuiteRunner.java:336)
	at org.testng.SuiteRunnerWorker.runSuite(SuiteRunnerWorker.java:52)
	at org.testng.SuiteRunnerWorker.run(SuiteRunnerWorker.java:95)
	at org.testng.TestNG.runSuitesSequentially(TestNG.java:1280)
	at org.testng.TestNG.runSuitesLocally(TestNG.java:1200)
	at org.testng.TestNG.runSuites(TestNG.java:1114)
	at org.testng.TestNG.run(TestNG.java:1082)
	at org.apache.maven.surefire.testng.TestNGExecutor.run(TestNGExecutor.java:308)
	at org.apache.maven.surefire.testng.TestNGXmlTestSuite.execute(TestNGXmlTestSuite.java:71)
	at org.apache.maven.surefire.testng.TestNGProvider.invoke(TestNGProvider.java:113)
	at org.apache.maven.surefire.booter.ForkedBooter.runSuitesInProcess(ForkedBooter.java:385)
	at org.apache.maven.surefire.booter.ForkedBooter.execute(ForkedBooter.java:162)
	at org.apache.maven.surefire.booter.ForkedBooter.run(ForkedBooter.java:507)
	at org.apache.maven.surefire.booter.ForkedBooter.main(ForkedBooter.java:495)
]]></failure>
    <system-out><![CDATA[17:51:00.173 [main] INFO  com.demoblaze.automation.utils.LoggerUtil - ============================================
17:51:00.173 [main] INFO  com.demoblaze.automation.utils.LoggerUtil - Starting test teardown
17:51:00.177 [main] INFO  com.demoblaze.automation.utils.LoggerUtil - Quitting driver
17:51:00.371 [main] INFO  com.demoblaze.automation.utils.LoggerUtil - Driver quit successfully
17:51:00.372 [main] INFO  com.demoblaze.automation.utils.LoggerUtil - Test teardown completed
17:51:00.372 [main] INFO  com.demoblaze.automation.utils.LoggerUtil - ============================================
17:51:00.372 [main] INFO  com.demoblaze.automation.utils.LoggerUtil - ========================================
17:51:00.372 [main] INFO  com.demoblaze.automation.utils.LoggerUtil - TEST SUITE FINISHED: Chrome Tests
17:51:00.372 [main] INFO  com.demoblaze.automation.utils.LoggerUtil - Total Tests: 25
17:51:00.372 [main] INFO  com.demoblaze.automation.utils.LoggerUtil - Passed: 24
17:51:00.372 [main] INFO  com.demoblaze.automation.utils.LoggerUtil - Failed: 1
17:51:00.372 [main] INFO  com.demoblaze.automation.utils.LoggerUtil - Skipped: 0
17:51:00.373 [main] INFO  com.demoblaze.automation.utils.LoggerUtil - Success Rate: 96.00%
17:51:00.373 [main] INFO  com.demoblaze.automation.utils.LoggerUtil - ========================================
17:51:00.392 [main] INFO  com.demoblaze.automation.utils.LoggerUtil - ========================================
17:51:00.392 [main] INFO  com.demoblaze.automation.utils.LoggerUtil - TEST SUITE STARTED: Firefox Tests
17:51:00.392 [main] INFO  com.demoblaze.automation.utils.LoggerUtil - ========================================
17:51:00.394 [main] INFO  com.demoblaze.automation.utils.LoggerUtil - ============================================
17:51:00.394 [main] INFO  com.demoblaze.automation.utils.LoggerUtil - Starting test setup for browser: firefox
17:51:00.394 [main] INFO  com.demoblaze.automation.utils.LoggerUtil - Initializing firefox driver
]]></system-out>
  </testcase>
  <testcase name="setup[firefox](0)" classname="com.demoblaze.automation.tests.LoginTests" time="0.742">
    <failure message="Could not start a new session. Response code 500. Message: Expected browser binary location, but unable to find binary in default location, no &apos;moz:firefoxOptions.binary&apos; capability provided, and no binary flag set on the command line &#10;Host info: host: &apos;VISHALNIVANGUNE&apos;, ip: &apos;192.168.31.227&apos;&#10;Build info: version: &apos;4.15.0&apos;, revision: &apos;1d14b5521b&apos;&#10;System info: os.name: &apos;Windows 11&apos;, os.arch: &apos;amd64&apos;, os.version: &apos;10.0&apos;, java.version: &apos;23.0.1&apos;&#10;Driver info: org.openqa.selenium.firefox.FirefoxDriver&#10;Command: [null, newSession {capabilities=[Capabilities {acceptInsecureCerts: true, browserName: firefox, moz:debuggerAddress: true, moz:firefoxOptions: {args: [--start-maximized]}}]}]" type="org.openqa.selenium.SessionNotCreatedException"><![CDATA[org.openqa.selenium.SessionNotCreatedException: 
Could not start a new session. Response code 500. Message: Expected browser binary location, but unable to find binary in default location, no 'moz:firefoxOptions.binary' capability provided, and no binary flag set on the command line 
Host info: host: 'VISHALNIVANGUNE', ip: '192.168.31.227'
Build info: version: '4.15.0', revision: '1d14b5521b'
System info: os.name: 'Windows 11', os.arch: 'amd64', os.version: '10.0', java.version: '23.0.1'
Driver info: org.openqa.selenium.firefox.FirefoxDriver
Command: [null, newSession {capabilities=[Capabilities {acceptInsecureCerts: true, browserName: firefox, moz:debuggerAddress: true, moz:firefoxOptions: {args: [--start-maximized]}}]}]
	at org.openqa.selenium.remote.ProtocolHandshake.createSession(ProtocolHandshake.java:140)
	at org.openqa.selenium.remote.ProtocolHandshake.createSession(ProtocolHandshake.java:96)
	at org.openqa.selenium.remote.ProtocolHandshake.createSession(ProtocolHandshake.java:68)
	at org.openqa.selenium.remote.HttpCommandExecutor.execute(HttpCommandExecutor.java:163)
	at org.openqa.selenium.remote.service.DriverCommandExecutor.invokeExecute(DriverCommandExecutor.java:200)
	at org.openqa.selenium.remote.service.DriverCommandExecutor.execute(DriverCommandExecutor.java:175)
	at org.openqa.selenium.remote.RemoteWebDriver.execute(RemoteWebDriver.java:607)
	at org.openqa.selenium.remote.RemoteWebDriver.startSession(RemoteWebDriver.java:241)
	at org.openqa.selenium.remote.RemoteWebDriver.<init>(RemoteWebDriver.java:168)
	at org.openqa.selenium.firefox.FirefoxDriver.<init>(FirefoxDriver.java:157)
	at org.openqa.selenium.firefox.FirefoxDriver.<init>(FirefoxDriver.java:152)
	at org.openqa.selenium.firefox.FirefoxDriver.<init>(FirefoxDriver.java:133)
	at org.openqa.selenium.firefox.FirefoxDriver.<init>(FirefoxDriver.java:128)
	at org.openqa.selenium.firefox.FirefoxDriver.<init>(FirefoxDriver.java:113)
	at com.demoblaze.automation.managers.DriverFactory.createDriver(DriverFactory.java:49)
	at com.demoblaze.automation.managers.DriverManager.initDriver(DriverManager.java:46)
	at com.demoblaze.automation.tests.BaseTest.setup(BaseTest.java:31)
	at java.base/jdk.internal.reflect.DirectMethodHandleAccessor.invoke(DirectMethodHandleAccessor.java:103)
	at java.base/java.lang.reflect.Method.invoke(Method.java:580)
	at org.testng.internal.invokers.MethodInvocationHelper.invokeMethod(MethodInvocationHelper.java:139)
	at org.testng.internal.invokers.MethodInvocationHelper.invokeMethodConsideringTimeout(MethodInvocationHelper.java:69)
	at org.testng.internal.invokers.ConfigInvoker.invokeConfigurationMethod(ConfigInvoker.java:390)
	at org.testng.internal.invokers.ConfigInvoker.invokeConfigurations(ConfigInvoker.java:325)
	at org.testng.internal.invokers.TestInvoker.runConfigMethods(TestInvoker.java:810)
	at org.testng.internal.invokers.TestInvoker.invokeMethod(TestInvoker.java:577)
	at org.testng.internal.invokers.TestInvoker.invokeTestMethod(TestInvoker.java:227)
	at org.testng.internal.invokers.MethodRunner.runInSequence(MethodRunner.java:50)
	at org.testng.internal.invokers.TestInvoker$MethodInvocationAgent.invoke(TestInvoker.java:957)
	at org.testng.internal.invokers.TestInvoker.invokeTestMethods(TestInvoker.java:200)
	at org.testng.internal.invokers.TestMethodWorker.invokeTestMethods(TestMethodWorker.java:148)
	at org.testng.internal.invokers.TestMethodWorker.run(TestMethodWorker.java:128)
	at java.base/java.util.ArrayList.forEach(ArrayList.java:1597)
	at org.testng.TestRunner.privateRun(TestRunner.java:848)
	at org.testng.TestRunner.run(TestRunner.java:621)
	at org.testng.SuiteRunner.runTest(SuiteRunner.java:443)
	at org.testng.SuiteRunner.runSequentially(SuiteRunner.java:437)
	at org.testng.SuiteRunner.privateRun(SuiteRunner.java:397)
	at org.testng.SuiteRunner.run(SuiteRunner.java:336)
	at org.testng.SuiteRunnerWorker.runSuite(SuiteRunnerWorker.java:52)
	at org.testng.SuiteRunnerWorker.run(SuiteRunnerWorker.java:95)
	at org.testng.TestNG.runSuitesSequentially(TestNG.java:1280)
	at org.testng.TestNG.runSuitesLocally(TestNG.java:1200)
	at org.testng.TestNG.runSuites(TestNG.java:1114)
	at org.testng.TestNG.run(TestNG.java:1082)
	at org.apache.maven.surefire.testng.TestNGExecutor.run(TestNGExecutor.java:308)
	at org.apache.maven.surefire.testng.TestNGXmlTestSuite.execute(TestNGXmlTestSuite.java:71)
	at org.apache.maven.surefire.testng.TestNGProvider.invoke(TestNGProvider.java:113)
	at org.apache.maven.surefire.booter.ForkedBooter.runSuitesInProcess(ForkedBooter.java:385)
	at org.apache.maven.surefire.booter.ForkedBooter.execute(ForkedBooter.java:162)
	at org.apache.maven.surefire.booter.ForkedBooter.run(ForkedBooter.java:507)
	at org.apache.maven.surefire.booter.ForkedBooter.main(ForkedBooter.java:495)
]]></failure>
    <system-out><![CDATA[17:51:01.340 [main] INFO  com.demoblaze.automation.utils.LoggerUtil - ============================================
17:51:01.340 [main] INFO  com.demoblaze.automation.utils.LoggerUtil - Starting test teardown
17:51:01.340 [main] INFO  com.demoblaze.automation.utils.LoggerUtil - Test teardown completed
17:51:01.340 [main] INFO  com.demoblaze.automation.utils.LoggerUtil - ============================================
17:51:01.341 [main] INFO  com.demoblaze.automation.utils.LoggerUtil - ============================================
17:51:01.341 [main] INFO  com.demoblaze.automation.utils.LoggerUtil - Starting test setup for browser: firefox
17:51:01.341 [main] INFO  com.demoblaze.automation.utils.LoggerUtil - Initializing firefox driver
]]></system-out>
  </testcase>
  <testcase name="setup[firefox](0)" classname="com.demoblaze.automation.tests.LoginTests" time="0.652">
    <failure message="Could not start a new session. Response code 500. Message: Expected browser binary location, but unable to find binary in default location, no &apos;moz:firefoxOptions.binary&apos; capability provided, and no binary flag set on the command line &#10;Host info: host: &apos;VISHALNIVANGUNE&apos;, ip: &apos;192.168.31.227&apos;&#10;Build info: version: &apos;4.15.0&apos;, revision: &apos;1d14b5521b&apos;&#10;System info: os.name: &apos;Windows 11&apos;, os.arch: &apos;amd64&apos;, os.version: &apos;10.0&apos;, java.version: &apos;23.0.1&apos;&#10;Driver info: org.openqa.selenium.firefox.FirefoxDriver&#10;Command: [null, newSession {capabilities=[Capabilities {acceptInsecureCerts: true, browserName: firefox, moz:debuggerAddress: true, moz:firefoxOptions: {args: [--start-maximized]}}]}]" type="org.openqa.selenium.SessionNotCreatedException"><![CDATA[org.openqa.selenium.SessionNotCreatedException: 
Could not start a new session. Response code 500. Message: Expected browser binary location, but unable to find binary in default location, no 'moz:firefoxOptions.binary' capability provided, and no binary flag set on the command line 
Host info: host: 'VISHALNIVANGUNE', ip: '192.168.31.227'
Build info: version: '4.15.0', revision: '1d14b5521b'
System info: os.name: 'Windows 11', os.arch: 'amd64', os.version: '10.0', java.version: '23.0.1'
Driver info: org.openqa.selenium.firefox.FirefoxDriver
Command: [null, newSession {capabilities=[Capabilities {acceptInsecureCerts: true, browserName: firefox, moz:debuggerAddress: true, moz:firefoxOptions: {args: [--start-maximized]}}]}]
	at org.openqa.selenium.remote.ProtocolHandshake.createSession(ProtocolHandshake.java:140)
	at org.openqa.selenium.remote.ProtocolHandshake.createSession(ProtocolHandshake.java:96)
	at org.openqa.selenium.remote.ProtocolHandshake.createSession(ProtocolHandshake.java:68)
	at org.openqa.selenium.remote.HttpCommandExecutor.execute(HttpCommandExecutor.java:163)
	at org.openqa.selenium.remote.service.DriverCommandExecutor.invokeExecute(DriverCommandExecutor.java:200)
	at org.openqa.selenium.remote.service.DriverCommandExecutor.execute(DriverCommandExecutor.java:175)
	at org.openqa.selenium.remote.RemoteWebDriver.execute(RemoteWebDriver.java:607)
	at org.openqa.selenium.remote.RemoteWebDriver.startSession(RemoteWebDriver.java:241)
	at org.openqa.selenium.remote.RemoteWebDriver.<init>(RemoteWebDriver.java:168)
	at org.openqa.selenium.firefox.FirefoxDriver.<init>(FirefoxDriver.java:157)
	at org.openqa.selenium.firefox.FirefoxDriver.<init>(FirefoxDriver.java:152)
	at org.openqa.selenium.firefox.FirefoxDriver.<init>(FirefoxDriver.java:133)
	at org.openqa.selenium.firefox.FirefoxDriver.<init>(FirefoxDriver.java:128)
	at org.openqa.selenium.firefox.FirefoxDriver.<init>(FirefoxDriver.java:113)
	at com.demoblaze.automation.managers.DriverFactory.createDriver(DriverFactory.java:49)
	at com.demoblaze.automation.managers.DriverManager.initDriver(DriverManager.java:46)
	at com.demoblaze.automation.tests.BaseTest.setup(BaseTest.java:31)
	at java.base/jdk.internal.reflect.DirectMethodHandleAccessor.invoke(DirectMethodHandleAccessor.java:103)
	at java.base/java.lang.reflect.Method.invoke(Method.java:580)
	at org.testng.internal.invokers.MethodInvocationHelper.invokeMethod(MethodInvocationHelper.java:139)
	at org.testng.internal.invokers.MethodInvocationHelper.invokeMethodConsideringTimeout(MethodInvocationHelper.java:69)
	at org.testng.internal.invokers.ConfigInvoker.invokeConfigurationMethod(ConfigInvoker.java:390)
	at org.testng.internal.invokers.ConfigInvoker.invokeConfigurations(ConfigInvoker.java:325)
	at org.testng.internal.invokers.TestInvoker.runConfigMethods(TestInvoker.java:810)
	at org.testng.internal.invokers.TestInvoker.invokeMethod(TestInvoker.java:577)
	at org.testng.internal.invokers.TestInvoker.invokeTestMethod(TestInvoker.java:227)
	at org.testng.internal.invokers.MethodRunner.runInSequence(MethodRunner.java:50)
	at org.testng.internal.invokers.TestInvoker$MethodInvocationAgent.invoke(TestInvoker.java:957)
	at org.testng.internal.invokers.TestInvoker.invokeTestMethods(TestInvoker.java:200)
	at org.testng.internal.invokers.TestMethodWorker.invokeTestMethods(TestMethodWorker.java:148)
	at org.testng.internal.invokers.TestMethodWorker.run(TestMethodWorker.java:128)
	at java.base/java.util.ArrayList.forEach(ArrayList.java:1597)
	at org.testng.TestRunner.privateRun(TestRunner.java:848)
	at org.testng.TestRunner.run(TestRunner.java:621)
	at org.testng.SuiteRunner.runTest(SuiteRunner.java:443)
	at org.testng.SuiteRunner.runSequentially(SuiteRunner.java:437)
	at org.testng.SuiteRunner.privateRun(SuiteRunner.java:397)
	at org.testng.SuiteRunner.run(SuiteRunner.java:336)
	at org.testng.SuiteRunnerWorker.runSuite(SuiteRunnerWorker.java:52)
	at org.testng.SuiteRunnerWorker.run(SuiteRunnerWorker.java:95)
	at org.testng.TestNG.runSuitesSequentially(TestNG.java:1280)
	at org.testng.TestNG.runSuitesLocally(TestNG.java:1200)
	at org.testng.TestNG.runSuites(TestNG.java:1114)
	at org.testng.TestNG.run(TestNG.java:1082)
	at org.apache.maven.surefire.testng.TestNGExecutor.run(TestNGExecutor.java:308)
	at org.apache.maven.surefire.testng.TestNGXmlTestSuite.execute(TestNGXmlTestSuite.java:71)
	at org.apache.maven.surefire.testng.TestNGProvider.invoke(TestNGProvider.java:113)
	at org.apache.maven.surefire.booter.ForkedBooter.runSuitesInProcess(ForkedBooter.java:385)
	at org.apache.maven.surefire.booter.ForkedBooter.execute(ForkedBooter.java:162)
	at org.apache.maven.surefire.booter.ForkedBooter.run(ForkedBooter.java:507)
	at org.apache.maven.surefire.booter.ForkedBooter.main(ForkedBooter.java:495)
]]></failure>
    <system-out><![CDATA[17:51:02.082 [main] INFO  com.demoblaze.automation.utils.LoggerUtil - ============================================
17:51:02.082 [main] INFO  com.demoblaze.automation.utils.LoggerUtil - Starting test teardown
17:51:02.082 [main] INFO  com.demoblaze.automation.utils.LoggerUtil - Test teardown completed
17:51:02.082 [main] INFO  com.demoblaze.automation.utils.LoggerUtil - ============================================
17:51:02.083 [main] INFO  com.demoblaze.automation.utils.LoggerUtil - ============================================
17:51:02.083 [main] INFO  com.demoblaze.automation.utils.LoggerUtil - Starting test setup for browser: firefox
17:51:02.083 [main] INFO  com.demoblaze.automation.utils.LoggerUtil - Initializing firefox driver
]]></system-out>
  </testcase>
  <testcase name="setup[firefox](0)" classname="com.demoblaze.automation.tests.LoginTests" time="0.682">
    <failure message="Could not start a new session. Response code 500. Message: Expected browser binary location, but unable to find binary in default location, no &apos;moz:firefoxOptions.binary&apos; capability provided, and no binary flag set on the command line &#10;Host info: host: &apos;VISHALNIVANGUNE&apos;, ip: &apos;192.168.31.227&apos;&#10;Build info: version: &apos;4.15.0&apos;, revision: &apos;1d14b5521b&apos;&#10;System info: os.name: &apos;Windows 11&apos;, os.arch: &apos;amd64&apos;, os.version: &apos;10.0&apos;, java.version: &apos;23.0.1&apos;&#10;Driver info: org.openqa.selenium.firefox.FirefoxDriver&#10;Command: [null, newSession {capabilities=[Capabilities {acceptInsecureCerts: true, browserName: firefox, moz:debuggerAddress: true, moz:firefoxOptions: {args: [--start-maximized]}}]}]" type="org.openqa.selenium.SessionNotCreatedException"><![CDATA[org.openqa.selenium.SessionNotCreatedException: 
Could not start a new session. Response code 500. Message: Expected browser binary location, but unable to find binary in default location, no 'moz:firefoxOptions.binary' capability provided, and no binary flag set on the command line 
Host info: host: 'VISHALNIVANGUNE', ip: '192.168.31.227'
Build info: version: '4.15.0', revision: '1d14b5521b'
System info: os.name: 'Windows 11', os.arch: 'amd64', os.version: '10.0', java.version: '23.0.1'
Driver info: org.openqa.selenium.firefox.FirefoxDriver
Command: [null, newSession {capabilities=[Capabilities {acceptInsecureCerts: true, browserName: firefox, moz:debuggerAddress: true, moz:firefoxOptions: {args: [--start-maximized]}}]}]
	at org.openqa.selenium.remote.ProtocolHandshake.createSession(ProtocolHandshake.java:140)
	at org.openqa.selenium.remote.ProtocolHandshake.createSession(ProtocolHandshake.java:96)
	at org.openqa.selenium.remote.ProtocolHandshake.createSession(ProtocolHandshake.java:68)
	at org.openqa.selenium.remote.HttpCommandExecutor.execute(HttpCommandExecutor.java:163)
	at org.openqa.selenium.remote.service.DriverCommandExecutor.invokeExecute(DriverCommandExecutor.java:200)
	at org.openqa.selenium.remote.service.DriverCommandExecutor.execute(DriverCommandExecutor.java:175)
	at org.openqa.selenium.remote.RemoteWebDriver.execute(RemoteWebDriver.java:607)
	at org.openqa.selenium.remote.RemoteWebDriver.startSession(RemoteWebDriver.java:241)
	at org.openqa.selenium.remote.RemoteWebDriver.<init>(RemoteWebDriver.java:168)
	at org.openqa.selenium.firefox.FirefoxDriver.<init>(FirefoxDriver.java:157)
	at org.openqa.selenium.firefox.FirefoxDriver.<init>(FirefoxDriver.java:152)
	at org.openqa.selenium.firefox.FirefoxDriver.<init>(FirefoxDriver.java:133)
	at org.openqa.selenium.firefox.FirefoxDriver.<init>(FirefoxDriver.java:128)
	at org.openqa.selenium.firefox.FirefoxDriver.<init>(FirefoxDriver.java:113)
	at com.demoblaze.automation.managers.DriverFactory.createDriver(DriverFactory.java:49)
	at com.demoblaze.automation.managers.DriverManager.initDriver(DriverManager.java:46)
	at com.demoblaze.automation.tests.BaseTest.setup(BaseTest.java:31)
	at java.base/jdk.internal.reflect.DirectMethodHandleAccessor.invoke(DirectMethodHandleAccessor.java:103)
	at java.base/java.lang.reflect.Method.invoke(Method.java:580)
	at org.testng.internal.invokers.MethodInvocationHelper.invokeMethod(MethodInvocationHelper.java:139)
	at org.testng.internal.invokers.MethodInvocationHelper.invokeMethodConsideringTimeout(MethodInvocationHelper.java:69)
	at org.testng.internal.invokers.ConfigInvoker.invokeConfigurationMethod(ConfigInvoker.java:390)
	at org.testng.internal.invokers.ConfigInvoker.invokeConfigurations(ConfigInvoker.java:325)
	at org.testng.internal.invokers.TestInvoker.runConfigMethods(TestInvoker.java:810)
	at org.testng.internal.invokers.TestInvoker.invokeMethod(TestInvoker.java:577)
	at org.testng.internal.invokers.TestInvoker.invokeTestMethod(TestInvoker.java:227)
	at org.testng.internal.invokers.MethodRunner.runInSequence(MethodRunner.java:50)
	at org.testng.internal.invokers.TestInvoker$MethodInvocationAgent.invoke(TestInvoker.java:957)
	at org.testng.internal.invokers.TestInvoker.invokeTestMethods(TestInvoker.java:200)
	at org.testng.internal.invokers.TestMethodWorker.invokeTestMethods(TestMethodWorker.java:148)
	at org.testng.internal.invokers.TestMethodWorker.run(TestMethodWorker.java:128)
	at java.base/java.util.ArrayList.forEach(ArrayList.java:1597)
	at org.testng.TestRunner.privateRun(TestRunner.java:848)
	at org.testng.TestRunner.run(TestRunner.java:621)
	at org.testng.SuiteRunner.runTest(SuiteRunner.java:443)
	at org.testng.SuiteRunner.runSequentially(SuiteRunner.java:437)
	at org.testng.SuiteRunner.privateRun(SuiteRunner.java:397)
	at org.testng.SuiteRunner.run(SuiteRunner.java:336)
	at org.testng.SuiteRunnerWorker.runSuite(SuiteRunnerWorker.java:52)
	at org.testng.SuiteRunnerWorker.run(SuiteRunnerWorker.java:95)
	at org.testng.TestNG.runSuitesSequentially(TestNG.java:1280)
	at org.testng.TestNG.runSuitesLocally(TestNG.java:1200)
	at org.testng.TestNG.runSuites(TestNG.java:1114)
	at org.testng.TestNG.run(TestNG.java:1082)
	at org.apache.maven.surefire.testng.TestNGExecutor.run(TestNGExecutor.java:308)
	at org.apache.maven.surefire.testng.TestNGXmlTestSuite.execute(TestNGXmlTestSuite.java:71)
	at org.apache.maven.surefire.testng.TestNGProvider.invoke(TestNGProvider.java:113)
	at org.apache.maven.surefire.booter.ForkedBooter.runSuitesInProcess(ForkedBooter.java:385)
	at org.apache.maven.surefire.booter.ForkedBooter.execute(ForkedBooter.java:162)
	at org.apache.maven.surefire.booter.ForkedBooter.run(ForkedBooter.java:507)
	at org.apache.maven.surefire.booter.ForkedBooter.main(ForkedBooter.java:495)
]]></failure>
    <system-out><![CDATA[17:51:02.735 [main] INFO  com.demoblaze.automation.utils.LoggerUtil - ============================================
17:51:02.735 [main] INFO  com.demoblaze.automation.utils.LoggerUtil - Starting test teardown
17:51:02.735 [main] INFO  com.demoblaze.automation.utils.LoggerUtil - Test teardown completed
17:51:02.735 [main] INFO  com.demoblaze.automation.utils.LoggerUtil - ============================================
17:51:02.736 [main] INFO  com.demoblaze.automation.utils.LoggerUtil - ============================================
17:51:02.736 [main] INFO  com.demoblaze.automation.utils.LoggerUtil - Starting test setup for browser: firefox
17:51:02.736 [main] INFO  com.demoblaze.automation.utils.LoggerUtil - Initializing firefox driver
]]></system-out>
  </testcase>
  <testcase name="setup[firefox](0)" classname="com.demoblaze.automation.tests.LoginTests" time="0.805">
    <failure message="Could not start a new session. Response code 500. Message: Expected browser binary location, but unable to find binary in default location, no &apos;moz:firefoxOptions.binary&apos; capability provided, and no binary flag set on the command line &#10;Host info: host: &apos;VISHALNIVANGUNE&apos;, ip: &apos;192.168.31.227&apos;&#10;Build info: version: &apos;4.15.0&apos;, revision: &apos;1d14b5521b&apos;&#10;System info: os.name: &apos;Windows 11&apos;, os.arch: &apos;amd64&apos;, os.version: &apos;10.0&apos;, java.version: &apos;23.0.1&apos;&#10;Driver info: org.openqa.selenium.firefox.FirefoxDriver&#10;Command: [null, newSession {capabilities=[Capabilities {acceptInsecureCerts: true, browserName: firefox, moz:debuggerAddress: true, moz:firefoxOptions: {args: [--start-maximized]}}]}]" type="org.openqa.selenium.SessionNotCreatedException"><![CDATA[org.openqa.selenium.SessionNotCreatedException: 
Could not start a new session. Response code 500. Message: Expected browser binary location, but unable to find binary in default location, no 'moz:firefoxOptions.binary' capability provided, and no binary flag set on the command line 
Host info: host: 'VISHALNIVANGUNE', ip: '192.168.31.227'
Build info: version: '4.15.0', revision: '1d14b5521b'
System info: os.name: 'Windows 11', os.arch: 'amd64', os.version: '10.0', java.version: '23.0.1'
Driver info: org.openqa.selenium.firefox.FirefoxDriver
Command: [null, newSession {capabilities=[Capabilities {acceptInsecureCerts: true, browserName: firefox, moz:debuggerAddress: true, moz:firefoxOptions: {args: [--start-maximized]}}]}]
	at org.openqa.selenium.remote.ProtocolHandshake.createSession(ProtocolHandshake.java:140)
	at org.openqa.selenium.remote.ProtocolHandshake.createSession(ProtocolHandshake.java:96)
	at org.openqa.selenium.remote.ProtocolHandshake.createSession(ProtocolHandshake.java:68)
	at org.openqa.selenium.remote.HttpCommandExecutor.execute(HttpCommandExecutor.java:163)
	at org.openqa.selenium.remote.service.DriverCommandExecutor.invokeExecute(DriverCommandExecutor.java:200)
	at org.openqa.selenium.remote.service.DriverCommandExecutor.execute(DriverCommandExecutor.java:175)
	at org.openqa.selenium.remote.RemoteWebDriver.execute(RemoteWebDriver.java:607)
	at org.openqa.selenium.remote.RemoteWebDriver.startSession(RemoteWebDriver.java:241)
	at org.openqa.selenium.remote.RemoteWebDriver.<init>(RemoteWebDriver.java:168)
	at org.openqa.selenium.firefox.FirefoxDriver.<init>(FirefoxDriver.java:157)
	at org.openqa.selenium.firefox.FirefoxDriver.<init>(FirefoxDriver.java:152)
	at org.openqa.selenium.firefox.FirefoxDriver.<init>(FirefoxDriver.java:133)
	at org.openqa.selenium.firefox.FirefoxDriver.<init>(FirefoxDriver.java:128)
	at org.openqa.selenium.firefox.FirefoxDriver.<init>(FirefoxDriver.java:113)
	at com.demoblaze.automation.managers.DriverFactory.createDriver(DriverFactory.java:49)
	at com.demoblaze.automation.managers.DriverManager.initDriver(DriverManager.java:46)
	at com.demoblaze.automation.tests.BaseTest.setup(BaseTest.java:31)
	at java.base/jdk.internal.reflect.DirectMethodHandleAccessor.invoke(DirectMethodHandleAccessor.java:103)
	at java.base/java.lang.reflect.Method.invoke(Method.java:580)
	at org.testng.internal.invokers.MethodInvocationHelper.invokeMethod(MethodInvocationHelper.java:139)
	at org.testng.internal.invokers.MethodInvocationHelper.invokeMethodConsideringTimeout(MethodInvocationHelper.java:69)
	at org.testng.internal.invokers.ConfigInvoker.invokeConfigurationMethod(ConfigInvoker.java:390)
	at org.testng.internal.invokers.ConfigInvoker.invokeConfigurations(ConfigInvoker.java:325)
	at org.testng.internal.invokers.TestInvoker.runConfigMethods(TestInvoker.java:810)
	at org.testng.internal.invokers.TestInvoker.invokeMethod(TestInvoker.java:577)
	at org.testng.internal.invokers.TestInvoker.invokeTestMethod(TestInvoker.java:227)
	at org.testng.internal.invokers.MethodRunner.runInSequence(MethodRunner.java:50)
	at org.testng.internal.invokers.TestInvoker$MethodInvocationAgent.invoke(TestInvoker.java:957)
	at org.testng.internal.invokers.TestInvoker.invokeTestMethods(TestInvoker.java:200)
	at org.testng.internal.invokers.TestMethodWorker.invokeTestMethods(TestMethodWorker.java:148)
	at org.testng.internal.invokers.TestMethodWorker.run(TestMethodWorker.java:128)
	at java.base/java.util.ArrayList.forEach(ArrayList.java:1597)
	at org.testng.TestRunner.privateRun(TestRunner.java:848)
	at org.testng.TestRunner.run(TestRunner.java:621)
	at org.testng.SuiteRunner.runTest(SuiteRunner.java:443)
	at org.testng.SuiteRunner.runSequentially(SuiteRunner.java:437)
	at org.testng.SuiteRunner.privateRun(SuiteRunner.java:397)
	at org.testng.SuiteRunner.run(SuiteRunner.java:336)
	at org.testng.SuiteRunnerWorker.runSuite(SuiteRunnerWorker.java:52)
	at org.testng.SuiteRunnerWorker.run(SuiteRunnerWorker.java:95)
	at org.testng.TestNG.runSuitesSequentially(TestNG.java:1280)
	at org.testng.TestNG.runSuitesLocally(TestNG.java:1200)
	at org.testng.TestNG.runSuites(TestNG.java:1114)
	at org.testng.TestNG.run(TestNG.java:1082)
	at org.apache.maven.surefire.testng.TestNGExecutor.run(TestNGExecutor.java:308)
	at org.apache.maven.surefire.testng.TestNGXmlTestSuite.execute(TestNGXmlTestSuite.java:71)
	at org.apache.maven.surefire.testng.TestNGProvider.invoke(TestNGProvider.java:113)
	at org.apache.maven.surefire.booter.ForkedBooter.runSuitesInProcess(ForkedBooter.java:385)
	at org.apache.maven.surefire.booter.ForkedBooter.execute(ForkedBooter.java:162)
	at org.apache.maven.surefire.booter.ForkedBooter.run(ForkedBooter.java:507)
	at org.apache.maven.surefire.booter.ForkedBooter.main(ForkedBooter.java:495)
]]></failure>
    <system-out><![CDATA[17:51:03.418 [main] INFO  com.demoblaze.automation.utils.LoggerUtil - ============================================
17:51:03.418 [main] INFO  com.demoblaze.automation.utils.LoggerUtil - Starting test teardown
17:51:03.418 [main] INFO  com.demoblaze.automation.utils.LoggerUtil - Test teardown completed
17:51:03.418 [main] INFO  com.demoblaze.automation.utils.LoggerUtil - ============================================
17:51:03.419 [main] INFO  com.demoblaze.automation.utils.LoggerUtil - ============================================
17:51:03.419 [main] INFO  com.demoblaze.automation.utils.LoggerUtil - Starting test setup for browser: firefox
17:51:03.419 [main] INFO  com.demoblaze.automation.utils.LoggerUtil - Initializing firefox driver
]]></system-out>
  </testcase>
  <testcase name="testSuccessfulSignUp" classname="com.demoblaze.automation.tests.SignUpTests" time="5.006">
    <system-out><![CDATA[17:41:51.124 [main] INFO  com.demoblaze.automation.utils.LoggerUtil - ============================================
17:41:51.124 [main] INFO  com.demoblaze.automation.utils.LoggerUtil - Starting test teardown
17:41:51.128 [main] INFO  com.demoblaze.automation.utils.LoggerUtil - Quitting driver
17:41:51.335 [main] INFO  com.demoblaze.automation.utils.LoggerUtil - Driver quit successfully
17:41:51.335 [main] INFO  com.demoblaze.automation.utils.LoggerUtil - Test teardown completed
17:41:51.336 [main] INFO  com.demoblaze.automation.utils.LoggerUtil - ============================================
17:41:51.337 [main] INFO  com.demoblaze.automation.utils.LoggerUtil - ============================================
17:41:51.337 [main] INFO  com.demoblaze.automation.utils.LoggerUtil - Starting test setup for browser: chrome
17:41:51.337 [main] INFO  com.demoblaze.automation.utils.LoggerUtil - Initializing chrome driver
17:41:52.136 [main] INFO  com.demoblaze.automation.utils.LoggerUtil - Chrome browser initialized
17:41:52.157 [main] INFO  com.demoblaze.automation.utils.LoggerUtil - Driver initialized successfully
17:41:53.841 [main] INFO  com.demoblaze.automation.utils.LoggerUtil - HomePage initialized
17:41:53.842 [main] INFO  com.demoblaze.automation.utils.LoggerUtil - LoginPage initialized
17:41:53.842 [main] INFO  com.demoblaze.automation.utils.LoggerUtil - SignUpPage initialized
17:41:53.843 [main] INFO  com.demoblaze.automation.utils.LoggerUtil - ProductPage initialized
17:41:53.843 [main] INFO  com.demoblaze.automation.utils.LoggerUtil - CartPage initialized
17:41:53.843 [main] INFO  com.demoblaze.automation.utils.LoggerUtil - CheckoutPage initialized
17:41:53.843 [main] INFO  com.demoblaze.automation.utils.LoggerUtil - Test setup completed successfully
17:41:53.844 [main] INFO  com.demoblaze.automation.utils.LoggerUtil - ============================================
17:41:53.844 [main] INFO  com.demoblaze.automation.utils.LoggerUtil - ========================================
17:41:53.844 [main] INFO  com.demoblaze.automation.utils.LoggerUtil - STARTING TEST: testSuccessfulSignUp
17:41:53.844 [main] INFO  com.demoblaze.automation.utils.LoggerUtil - Description: Test successful sign up with unique username
17:41:53.844 [main] INFO  com.demoblaze.automation.utils.LoggerUtil - ========================================
17:41:53.845 [main] INFO  com.demoblaze.automation.utils.LoggerUtil - Test: Successful sign up
17:41:54.971 [main] INFO  com.demoblaze.automation.utils.LoggerUtil - Clicked on element: [[ChromeDriver: chrome on windows (167efd2fd148081b15683098bcd15115)] -> id: signin2]
17:41:54.971 [main] INFO  com.demoblaze.automation.utils.LoggerUtil - Clicked on Sign Up link
17:41:56.564 [main] INFO  com.demoblaze.automation.utils.LoggerUtil - Sign up modal is visible
17:41:56.667 [main] INFO  com.demoblaze.automation.utils.LoggerUtil - Entered text: user_e57e316a
17:41:56.739 [main] INFO  com.demoblaze.automation.utils.LoggerUtil - Entered text: Test@123
17:41:56.817 [main] INFO  com.demoblaze.automation.utils.LoggerUtil - Clicked on element: [[ChromeDriver: chrome on windows (167efd2fd148081b15683098bcd15115)] -> xpath: //button[contains(text(),'Sign up')]]
17:41:56.817 [main] INFO  com.demoblaze.automation.utils.LoggerUtil - Sign up attempt with username: user_e57e316a
17:41:58.838 [main] INFO  com.demoblaze.automation.utils.LoggerUtil - Alert text: Sign up successful.
17:41:58.839 [main] INFO  com.demoblaze.automation.utils.LoggerUtil - Sign up alert: Sign up successful.
17:41:58.844 [main] INFO  com.demoblaze.automation.utils.LoggerUtil - Alert text: Sign up successful.
17:41:58.850 [main] INFO  com.demoblaze.automation.utils.LoggerUtil - ✓ TEST PASSED: testSuccessfulSignUp
17:41:58.850 [main] INFO  com.demoblaze.automation.utils.LoggerUtil - Execution Time: 5005 ms
]]></system-out>
    <system-err><![CDATA[Oct 08, 2025 5:41:52 PM org.openqa.selenium.devtools.CdpVersionFinder findNearestMatch
WARNING: Unable to find CDP implementation matching 141
Oct 08, 2025 5:41:52 PM org.openqa.selenium.chromium.ChromiumDriver lambda$new$5
WARNING: Unable to find version of CDP to use for 141.0.7390.54. You may need to include a dependency on a specific version of the CDP using something similar to `org.seleniumhq.selenium:selenium-devtools-v86:4.15.0` where the version ("v86") matches the version of the chromium-based browser you're using and the version number of the artifact is the same as Selenium's.
]]></system-err>
  </testcase>
  <testcase name="testSuccessfulSignUp" classname="com.demoblaze.automation.tests.SignUpTests" time="0.0">
    <skipped message="Could not start a new session. Response code 500. Message: Expected browser binary location, but unable to find binary in default location, no &apos;moz:firefoxOptions.binary&apos; capability provided, and no binary flag set on the command line &#10;Host info: host: &apos;VISHALNIVANGUNE&apos;, ip: &apos;192.168.31.227&apos;&#10;Build info: version: &apos;4.15.0&apos;, revision: &apos;1d14b5521b&apos;&#10;System info: os.name: &apos;Windows 11&apos;, os.arch: &apos;amd64&apos;, os.version: &apos;10.0&apos;, java.version: &apos;23.0.1&apos;&#10;Driver info: org.openqa.selenium.firefox.FirefoxDriver&#10;Command: [null, newSession {capabilities=[Capabilities {acceptInsecureCerts: true, browserName: firefox, moz:debuggerAddress: true, moz:firefoxOptions: {args: [--start-maximized]}}]}]"/>
    <system-out><![CDATA[17:51:04.864 [main] INFO  com.demoblaze.automation.utils.LoggerUtil - ========================================
17:51:04.864 [main] INFO  com.demoblaze.automation.utils.LoggerUtil - STARTING TEST: testSuccessfulSignUp
17:51:04.864 [main] INFO  com.demoblaze.automation.utils.LoggerUtil - Description: Test successful sign up with unique username
17:51:04.864 [main] INFO  com.demoblaze.automation.utils.LoggerUtil - ========================================
17:51:04.864 [main] WARN  com.demoblaze.automation.utils.LoggerUtil - ⊘ TEST SKIPPED: testSuccessfulSignUp
17:51:04.864 [main] WARN  com.demoblaze.automation.utils.LoggerUtil - Skip reason: org.openqa.selenium.SessionNotCreatedException: Could not start a new session. Response code 500. Message: Expected browser binary location, but unable to find binary in default location, no 'moz:firefoxOptions.binary' capability provided, and no binary flag set on the command line 
Host info: host: 'VISHALNIVANGUNE', ip: '192.168.31.227'
Build info: version: '4.15.0', revision: '1d14b5521b'
System info: os.name: 'Windows 11', os.arch: 'amd64', os.version: '10.0', java.version: '23.0.1'
Driver info: org.openqa.selenium.firefox.FirefoxDriver
Command: [null, newSession {capabilities=[Capabilities {acceptInsecureCerts: true, browserName: firefox, moz:debuggerAddress: true, moz:firefoxOptions: {args: [--start-maximized]}}]}]
]]></system-out>
  </testcase>
  <testcase name="testSignUpWithExistingUser" classname="com.demoblaze.automation.tests.SignUpTests" time="5.04">
    <system-out><![CDATA[17:41:58.851 [main] INFO  com.demoblaze.automation.utils.LoggerUtil - ============================================
17:41:58.851 [main] INFO  com.demoblaze.automation.utils.LoggerUtil - Starting test teardown
17:41:58.857 [main] INFO  com.demoblaze.automation.utils.LoggerUtil - Quitting driver
17:41:59.048 [main] INFO  com.demoblaze.automation.utils.LoggerUtil - Driver quit successfully
17:41:59.048 [main] INFO  com.demoblaze.automation.utils.LoggerUtil - Test teardown completed
17:41:59.048 [main] INFO  com.demoblaze.automation.utils.LoggerUtil - ============================================
17:41:59.051 [main] INFO  com.demoblaze.automation.utils.LoggerUtil - ============================================
17:41:59.052 [main] INFO  com.demoblaze.automation.utils.LoggerUtil - Starting test setup for browser: chrome
17:41:59.052 [main] INFO  com.demoblaze.automation.utils.LoggerUtil - Initializing chrome driver
17:41:59.777 [main] INFO  com.demoblaze.automation.utils.LoggerUtil - Chrome browser initialized
17:41:59.796 [main] INFO  com.demoblaze.automation.utils.LoggerUtil - Driver initialized successfully
17:42:02.100 [main] INFO  com.demoblaze.automation.utils.LoggerUtil - HomePage initialized
17:42:02.101 [main] INFO  com.demoblaze.automation.utils.LoggerUtil - LoginPage initialized
17:42:02.102 [main] INFO  com.demoblaze.automation.utils.LoggerUtil - SignUpPage initialized
17:42:02.102 [main] INFO  com.demoblaze.automation.utils.LoggerUtil - ProductPage initialized
17:42:02.102 [main] INFO  com.demoblaze.automation.utils.LoggerUtil - CartPage initialized
17:42:02.103 [main] INFO  com.demoblaze.automation.utils.LoggerUtil - CheckoutPage initialized
17:42:02.103 [main] INFO  com.demoblaze.automation.utils.LoggerUtil - Test setup completed successfully
17:42:02.103 [main] INFO  com.demoblaze.automation.utils.LoggerUtil - ============================================
17:42:02.103 [main] INFO  com.demoblaze.automation.utils.LoggerUtil - ========================================
17:42:02.103 [main] INFO  com.demoblaze.automation.utils.LoggerUtil - STARTING TEST: testSignUpWithExistingUser
17:42:02.103 [main] INFO  com.demoblaze.automation.utils.LoggerUtil - Description: Test sign up with existing username
17:42:02.104 [main] INFO  com.demoblaze.automation.utils.LoggerUtil - ========================================
17:42:02.104 [main] INFO  com.demoblaze.automation.utils.LoggerUtil - Test: Sign up with existing user
17:42:03.224 [main] INFO  com.demoblaze.automation.utils.LoggerUtil - Clicked on element: [[ChromeDriver: chrome on windows (55c2ca6f683c2d8b19aa6a39f38a2ff0)] -> id: signin2]
17:42:03.224 [main] INFO  com.demoblaze.automation.utils.LoggerUtil - Clicked on Sign Up link
17:42:04.793 [main] INFO  com.demoblaze.automation.utils.LoggerUtil - Sign up modal is visible
17:42:04.943 [main] INFO  com.demoblaze.automation.utils.LoggerUtil - Entered text: test
17:42:05.057 [main] INFO  com.demoblaze.automation.utils.LoggerUtil - Entered text: Test@123
17:42:05.116 [main] INFO  com.demoblaze.automation.utils.LoggerUtil - Clicked on element: [[ChromeDriver: chrome on windows (55c2ca6f683c2d8b19aa6a39f38a2ff0)] -> xpath: //button[contains(text(),'Sign up')]]
17:42:05.116 [main] INFO  com.demoblaze.automation.utils.LoggerUtil - Sign up attempt with username: test
17:42:07.135 [main] INFO  com.demoblaze.automation.utils.LoggerUtil - Alert text: This user already exist.
17:42:07.135 [main] INFO  com.demoblaze.automation.utils.LoggerUtil - Sign up alert: This user already exist.
17:42:07.138 [main] INFO  com.demoblaze.automation.utils.LoggerUtil - Alert text: This user already exist.
17:42:07.142 [main] INFO  com.demoblaze.automation.utils.LoggerUtil - ✓ TEST PASSED: testSignUpWithExistingUser
17:42:07.143 [main] INFO  com.demoblaze.automation.utils.LoggerUtil - Execution Time: 5039 ms
]]></system-out>
    <system-err><![CDATA[Oct 08, 2025 5:41:59 PM org.openqa.selenium.devtools.CdpVersionFinder findNearestMatch
WARNING: Unable to find CDP implementation matching 141
Oct 08, 2025 5:41:59 PM org.openqa.selenium.chromium.ChromiumDriver lambda$new$5
WARNING: Unable to find version of CDP to use for 141.0.7390.54. You may need to include a dependency on a specific version of the CDP using something similar to `org.seleniumhq.selenium:selenium-devtools-v86:4.15.0` where the version ("v86") matches the version of the chromium-based browser you're using and the version number of the artifact is the same as Selenium's.
]]></system-err>
  </testcase>
  <testcase name="testSignUpWithExistingUser" classname="com.demoblaze.automation.tests.SignUpTests" time="0.0">
    <skipped message="Could not start a new session. Response code 500. Message: Expected browser binary location, but unable to find binary in default location, no &apos;moz:firefoxOptions.binary&apos; capability provided, and no binary flag set on the command line &#10;Host info: host: &apos;VISHALNIVANGUNE&apos;, ip: &apos;192.168.31.227&apos;&#10;Build info: version: &apos;4.15.0&apos;, revision: &apos;1d14b5521b&apos;&#10;System info: os.name: &apos;Windows 11&apos;, os.arch: &apos;amd64&apos;, os.version: &apos;10.0&apos;, java.version: &apos;23.0.1&apos;&#10;Driver info: org.openqa.selenium.firefox.FirefoxDriver&#10;Command: [null, newSession {capabilities=[Capabilities {acceptInsecureCerts: true, browserName: firefox, moz:debuggerAddress: true, moz:firefoxOptions: {args: [--start-maximized]}}]}]"/>
    <system-out><![CDATA[17:51:05.468 [main] INFO  com.demoblaze.automation.utils.LoggerUtil - ========================================
17:51:05.468 [main] INFO  com.demoblaze.automation.utils.LoggerUtil - STARTING TEST: testSignUpWithExistingUser
17:51:05.468 [main] INFO  com.demoblaze.automation.utils.LoggerUtil - Description: Test sign up with existing username
17:51:05.468 [main] INFO  com.demoblaze.automation.utils.LoggerUtil - ========================================
17:51:05.468 [main] WARN  com.demoblaze.automation.utils.LoggerUtil - ⊘ TEST SKIPPED: testSignUpWithExistingUser
17:51:05.468 [main] WARN  com.demoblaze.automation.utils.LoggerUtil - Skip reason: org.openqa.selenium.SessionNotCreatedException: Could not start a new session. Response code 500. Message: Expected browser binary location, but unable to find binary in default location, no 'moz:firefoxOptions.binary' capability provided, and no binary flag set on the command line 
Host info: host: 'VISHALNIVANGUNE', ip: '192.168.31.227'
Build info: version: '4.15.0', revision: '1d14b5521b'
System info: os.name: 'Windows 11', os.arch: 'amd64', os.version: '10.0', java.version: '23.0.1'
Driver info: org.openqa.selenium.firefox.FirefoxDriver
Command: [null, newSession {capabilities=[Capabilities {acceptInsecureCerts: true, browserName: firefox, moz:debuggerAddress: true, moz:firefoxOptions: {args: [--start-maximized]}}]}]
]]></system-out>
  </testcase>
  <testcase name="testSignUpWithEmptyFields" classname="com.demoblaze.automation.tests.SignUpTests" time="3.848">
    <system-out><![CDATA[17:42:07.143 [main] INFO  com.demoblaze.automation.utils.LoggerUtil - ============================================
17:42:07.144 [main] INFO  com.demoblaze.automation.utils.LoggerUtil - Starting test teardown
17:42:07.155 [main] INFO  com.demoblaze.automation.utils.LoggerUtil - Quitting driver
17:42:07.377 [main] INFO  com.demoblaze.automation.utils.LoggerUtil - Driver quit successfully
17:42:07.378 [main] INFO  com.demoblaze.automation.utils.LoggerUtil - Test teardown completed
17:42:07.378 [main] INFO  com.demoblaze.automation.utils.LoggerUtil - ============================================
17:42:07.379 [main] INFO  com.demoblaze.automation.utils.LoggerUtil - ============================================
17:42:07.379 [main] INFO  com.demoblaze.automation.utils.LoggerUtil - Starting test setup for browser: chrome
17:42:07.379 [main] INFO  com.demoblaze.automation.utils.LoggerUtil - Initializing chrome driver
17:42:08.115 [main] INFO  com.demoblaze.automation.utils.LoggerUtil - Chrome browser initialized
17:42:08.135 [main] INFO  com.demoblaze.automation.utils.LoggerUtil - Driver initialized successfully
17:42:09.324 [main] INFO  com.demoblaze.automation.utils.LoggerUtil - HomePage initialized
17:42:09.324 [main] INFO  com.demoblaze.automation.utils.LoggerUtil - LoginPage initialized
17:42:09.324 [main] INFO  com.demoblaze.automation.utils.LoggerUtil - SignUpPage initialized
17:42:09.325 [main] INFO  com.demoblaze.automation.utils.LoggerUtil - ProductPage initialized
17:42:09.325 [main] INFO  com.demoblaze.automation.utils.LoggerUtil - CartPage initialized
17:42:09.325 [main] INFO  com.demoblaze.automation.utils.LoggerUtil - CheckoutPage initialized
17:42:09.325 [main] INFO  com.demoblaze.automation.utils.LoggerUtil - Test setup completed successfully
17:42:09.325 [main] INFO  com.demoblaze.automation.utils.LoggerUtil - ============================================
17:42:09.325 [main] INFO  com.demoblaze.automation.utils.LoggerUtil - ========================================
17:42:09.325 [main] INFO  com.demoblaze.automation.utils.LoggerUtil - STARTING TEST: testSignUpWithEmptyFields
17:42:09.326 [main] INFO  com.demoblaze.automation.utils.LoggerUtil - Description: Test sign up with empty fields
17:42:09.326 [main] INFO  com.demoblaze.automation.utils.LoggerUtil - ========================================
17:42:09.326 [main] INFO  com.demoblaze.automation.utils.LoggerUtil - Test: Sign up with empty fields
17:42:10.442 [main] INFO  com.demoblaze.automation.utils.LoggerUtil - Clicked on element: [[ChromeDriver: chrome on windows (00ff04781030dcf7b283beabc7c9a1cf)] -> id: signin2]
17:42:10.443 [main] INFO  com.demoblaze.automation.utils.LoggerUtil - Clicked on Sign Up link
17:42:12.012 [main] INFO  com.demoblaze.automation.utils.LoggerUtil - Sign up modal is visible
17:42:12.143 [main] INFO  com.demoblaze.automation.utils.LoggerUtil - Clicked sign up button (alert expected)
17:42:13.161 [main] INFO  com.demoblaze.automation.utils.LoggerUtil - Alert text: Please fill out Username and Password.
17:42:13.162 [main] INFO  com.demoblaze.automation.utils.LoggerUtil - Sign up alert: Please fill out Username and Password.
17:42:13.168 [main] INFO  com.demoblaze.automation.utils.LoggerUtil - Alert text: Please fill out Username and Password.
17:42:13.173 [main] INFO  com.demoblaze.automation.utils.LoggerUtil - ✓ TEST PASSED: testSignUpWithEmptyFields
17:42:13.173 [main] INFO  com.demoblaze.automation.utils.LoggerUtil - Execution Time: 3847 ms
]]></system-out>
    <system-err><![CDATA[Oct 08, 2025 5:42:08 PM org.openqa.selenium.devtools.CdpVersionFinder findNearestMatch
WARNING: Unable to find CDP implementation matching 141
Oct 08, 2025 5:42:08 PM org.openqa.selenium.chromium.ChromiumDriver lambda$new$5
WARNING: Unable to find version of CDP to use for 141.0.7390.54. You may need to include a dependency on a specific version of the CDP using something similar to `org.seleniumhq.selenium:selenium-devtools-v86:4.15.0` where the version ("v86") matches the version of the chromium-based browser you're using and the version number of the artifact is the same as Selenium's.
]]></system-err>
  </testcase>
  <testcase name="testSignUpWithEmptyFields" classname="com.demoblaze.automation.tests.SignUpTests" time="0.0">
    <skipped message="Could not start a new session. Response code 500. Message: Expected browser binary location, but unable to find binary in default location, no &apos;moz:firefoxOptions.binary&apos; capability provided, and no binary flag set on the command line &#10;Host info: host: &apos;VISHALNIVANGUNE&apos;, ip: &apos;192.168.31.227&apos;&#10;Build info: version: &apos;4.15.0&apos;, revision: &apos;1d14b5521b&apos;&#10;System info: os.name: &apos;Windows 11&apos;, os.arch: &apos;amd64&apos;, os.version: &apos;10.0&apos;, java.version: &apos;23.0.1&apos;&#10;Driver info: org.openqa.selenium.firefox.FirefoxDriver&#10;Command: [null, newSession {capabilities=[Capabilities {acceptInsecureCerts: true, browserName: firefox, moz:debuggerAddress: true, moz:firefoxOptions: {args: [--start-maximized]}}]}]"/>
    <system-out><![CDATA[17:51:06.106 [main] INFO  com.demoblaze.automation.utils.LoggerUtil - ========================================
17:51:06.106 [main] INFO  com.demoblaze.automation.utils.LoggerUtil - STARTING TEST: testSignUpWithEmptyFields
17:51:06.106 [main] INFO  com.demoblaze.automation.utils.LoggerUtil - Description: Test sign up with empty fields
17:51:06.106 [main] INFO  com.demoblaze.automation.utils.LoggerUtil - ========================================
17:51:06.106 [main] WARN  com.demoblaze.automation.utils.LoggerUtil - ⊘ TEST SKIPPED: testSignUpWithEmptyFields
17:51:06.106 [main] WARN  com.demoblaze.automation.utils.LoggerUtil - Skip reason: org.openqa.selenium.SessionNotCreatedException: Could not start a new session. Response code 500. Message: Expected browser binary location, but unable to find binary in default location, no 'moz:firefoxOptions.binary' capability provided, and no binary flag set on the command line 
Host info: host: 'VISHALNIVANGUNE', ip: '192.168.31.227'
Build info: version: '4.15.0', revision: '1d14b5521b'
System info: os.name: 'Windows 11', os.arch: 'amd64', os.version: '10.0', java.version: '23.0.1'
Driver info: org.openqa.selenium.firefox.FirefoxDriver
Command: [null, newSession {capabilities=[Capabilities {acceptInsecureCerts: true, browserName: firefox, moz:debuggerAddress: true, moz:firefoxOptions: {args: [--start-maximized]}}]}]
]]></system-out>
  </testcase>
  <testcase name="testSignUpWithOnlyUsername" classname="com.demoblaze.automation.tests.SignUpTests" time="3.919">
    <system-out><![CDATA[17:42:13.174 [main] INFO  com.demoblaze.automation.utils.LoggerUtil - ============================================
17:42:13.174 [main] INFO  com.demoblaze.automation.utils.LoggerUtil - Starting test teardown
17:42:13.180 [main] INFO  com.demoblaze.automation.utils.LoggerUtil - Quitting driver
17:42:13.374 [main] INFO  com.demoblaze.automation.utils.LoggerUtil - Driver quit successfully
17:42:13.374 [main] INFO  com.demoblaze.automation.utils.LoggerUtil - Test teardown completed
17:42:13.374 [main] INFO  com.demoblaze.automation.utils.LoggerUtil - ============================================
17:42:13.375 [main] INFO  com.demoblaze.automation.utils.LoggerUtil - ============================================
17:42:13.375 [main] INFO  com.demoblaze.automation.utils.LoggerUtil - Starting test setup for browser: chrome
17:42:13.375 [main] INFO  com.demoblaze.automation.utils.LoggerUtil - Initializing chrome driver
17:42:14.068 [main] INFO  com.demoblaze.automation.utils.LoggerUtil - Chrome browser initialized
17:42:14.086 [main] INFO  com.demoblaze.automation.utils.LoggerUtil - Driver initialized successfully
17:42:15.491 [main] INFO  com.demoblaze.automation.utils.LoggerUtil - HomePage initialized
17:42:15.492 [main] INFO  com.demoblaze.automation.utils.LoggerUtil - LoginPage initialized
17:42:15.493 [main] INFO  com.demoblaze.automation.utils.LoggerUtil - SignUpPage initialized
17:42:15.494 [main] INFO  com.demoblaze.automation.utils.LoggerUtil - ProductPage initialized
17:42:15.494 [main] INFO  com.demoblaze.automation.utils.LoggerUtil - CartPage initialized
17:42:15.494 [main] INFO  com.demoblaze.automation.utils.LoggerUtil - CheckoutPage initialized
17:42:15.495 [main] INFO  com.demoblaze.automation.utils.LoggerUtil - Test setup completed successfully
17:42:15.495 [main] INFO  com.demoblaze.automation.utils.LoggerUtil - ============================================
17:42:15.496 [main] INFO  com.demoblaze.automation.utils.LoggerUtil - ========================================
17:42:15.496 [main] INFO  com.demoblaze.automation.utils.LoggerUtil - STARTING TEST: testSignUpWithOnlyUsername
17:42:15.497 [main] INFO  com.demoblaze.automation.utils.LoggerUtil - Description: Test sign up with only username
17:42:15.497 [main] INFO  com.demoblaze.automation.utils.LoggerUtil - ========================================
17:42:15.497 [main] INFO  com.demoblaze.automation.utils.LoggerUtil - Test: Sign up with only username
17:42:16.582 [main] INFO  com.demoblaze.automation.utils.LoggerUtil - Clicked on element: [[ChromeDriver: chrome on windows (fef5e9f4b85e6fda80540b21595aa71c)] -> id: signin2]
17:42:16.583 [main] INFO  com.demoblaze.automation.utils.LoggerUtil - Clicked on Sign Up link
17:42:18.159 [main] INFO  com.demoblaze.automation.utils.LoggerUtil - Sign up modal is visible
17:42:18.306 [main] INFO  com.demoblaze.automation.utils.LoggerUtil - Entered text: user_ffc48511
17:42:18.389 [main] INFO  com.demoblaze.automation.utils.LoggerUtil - Clicked sign up button (alert expected)
17:42:19.401 [main] INFO  com.demoblaze.automation.utils.LoggerUtil - Alert text: Please fill out Username and Password.
17:42:19.401 [main] INFO  com.demoblaze.automation.utils.LoggerUtil - Sign up alert: Please fill out Username and Password.
17:42:19.406 [main] INFO  com.demoblaze.automation.utils.LoggerUtil - Alert text: Please fill out Username and Password.
17:42:19.414 [main] INFO  com.demoblaze.automation.utils.LoggerUtil - ✓ TEST PASSED: testSignUpWithOnlyUsername
17:42:19.415 [main] INFO  com.demoblaze.automation.utils.LoggerUtil - Execution Time: 3919 ms
]]></system-out>
    <system-err><![CDATA[Oct 08, 2025 5:42:14 PM org.openqa.selenium.devtools.CdpVersionFinder findNearestMatch
WARNING: Unable to find CDP implementation matching 141
Oct 08, 2025 5:42:14 PM org.openqa.selenium.chromium.ChromiumDriver lambda$new$5
WARNING: Unable to find version of CDP to use for 141.0.7390.54. You may need to include a dependency on a specific version of the CDP using something similar to `org.seleniumhq.selenium:selenium-devtools-v86:4.15.0` where the version ("v86") matches the version of the chromium-based browser you're using and the version number of the artifact is the same as Selenium's.
]]></system-err>
  </testcase>
  <testcase name="testSignUpWithOnlyUsername" classname="com.demoblaze.automation.tests.SignUpTests" time="0.0">
    <skipped message="Could not start a new session. Response code 500. Message: Expected browser binary location, but unable to find binary in default location, no &apos;moz:firefoxOptions.binary&apos; capability provided, and no binary flag set on the command line &#10;Host info: host: &apos;VISHALNIVANGUNE&apos;, ip: &apos;192.168.31.227&apos;&#10;Build info: version: &apos;4.15.0&apos;, revision: &apos;1d14b5521b&apos;&#10;System info: os.name: &apos;Windows 11&apos;, os.arch: &apos;amd64&apos;, os.version: &apos;10.0&apos;, java.version: &apos;23.0.1&apos;&#10;Driver info: org.openqa.selenium.firefox.FirefoxDriver&#10;Command: [null, newSession {capabilities=[Capabilities {acceptInsecureCerts: true, browserName: firefox, moz:debuggerAddress: true, moz:firefoxOptions: {args: [--start-maximized]}}]}]"/>
    <system-out><![CDATA[17:51:06.862 [main] INFO  com.demoblaze.automation.utils.LoggerUtil - ========================================
17:51:06.862 [main] INFO  com.demoblaze.automation.utils.LoggerUtil - STARTING TEST: testSignUpWithOnlyUsername
17:51:06.862 [main] INFO  com.demoblaze.automation.utils.LoggerUtil - Description: Test sign up with only username
17:51:06.862 [main] INFO  com.demoblaze.automation.utils.LoggerUtil - ========================================
17:51:06.863 [main] WARN  com.demoblaze.automation.utils.LoggerUtil - ⊘ TEST SKIPPED: testSignUpWithOnlyUsername
17:51:06.863 [main] WARN  com.demoblaze.automation.utils.LoggerUtil - Skip reason: org.openqa.selenium.SessionNotCreatedException: Could not start a new session. Response code 500. Message: Expected browser binary location, but unable to find binary in default location, no 'moz:firefoxOptions.binary' capability provided, and no binary flag set on the command line 
Host info: host: 'VISHALNIVANGUNE', ip: '192.168.31.227'
Build info: version: '4.15.0', revision: '1d14b5521b'
System info: os.name: 'Windows 11', os.arch: 'amd64', os.version: '10.0', java.version: '23.0.1'
Driver info: org.openqa.selenium.firefox.FirefoxDriver
Command: [null, newSession {capabilities=[Capabilities {acceptInsecureCerts: true, browserName: firefox, moz:debuggerAddress: true, moz:firefoxOptions: {args: [--start-maximized]}}]}]
]]></system-out>
  </testcase>
  <testcase name="testSignUpModalClose" classname="com.demoblaze.automation.tests.SignUpTests" time="2.754">
    <system-out><![CDATA[17:42:19.415 [main] INFO  com.demoblaze.automation.utils.LoggerUtil - ============================================
17:42:19.415 [main] INFO  com.demoblaze.automation.utils.LoggerUtil - Starting test teardown
17:42:19.421 [main] INFO  com.demoblaze.automation.utils.LoggerUtil - Quitting driver
17:42:19.617 [main] INFO  com.demoblaze.automation.utils.LoggerUtil - Driver quit successfully
17:42:19.618 [main] INFO  com.demoblaze.automation.utils.LoggerUtil - Test teardown completed
17:42:19.618 [main] INFO  com.demoblaze.automation.utils.LoggerUtil - ============================================
17:42:19.619 [main] INFO  com.demoblaze.automation.utils.LoggerUtil - ============================================
17:42:19.619 [main] INFO  com.demoblaze.automation.utils.LoggerUtil - Starting test setup for browser: chrome
17:42:19.619 [main] INFO  com.demoblaze.automation.utils.LoggerUtil - Initializing chrome driver
17:42:20.337 [main] INFO  com.demoblaze.automation.utils.LoggerUtil - Chrome browser initialized
17:42:20.356 [main] INFO  com.demoblaze.automation.utils.LoggerUtil - Driver initialized successfully
17:42:21.693 [main] INFO  com.demoblaze.automation.utils.LoggerUtil - HomePage initialized
17:42:21.694 [main] INFO  com.demoblaze.automation.utils.LoggerUtil - LoginPage initialized
17:42:21.694 [main] INFO  com.demoblaze.automation.utils.LoggerUtil - SignUpPage initialized
17:42:21.694 [main] INFO  com.demoblaze.automation.utils.LoggerUtil - ProductPage initialized
17:42:21.695 [main] INFO  com.demoblaze.automation.utils.LoggerUtil - CartPage initialized
17:42:21.695 [main] INFO  com.demoblaze.automation.utils.LoggerUtil - CheckoutPage initialized
17:42:21.695 [main] INFO  com.demoblaze.automation.utils.LoggerUtil - Test setup completed successfully
17:42:21.695 [main] INFO  com.demoblaze.automation.utils.LoggerUtil - ============================================
17:42:21.695 [main] INFO  com.demoblaze.automation.utils.LoggerUtil - ========================================
17:42:21.696 [main] INFO  com.demoblaze.automation.utils.LoggerUtil - STARTING TEST: testSignUpModalClose
17:42:21.696 [main] INFO  com.demoblaze.automation.utils.LoggerUtil - Description: Test sign up modal close functionality
17:42:21.696 [main] INFO  com.demoblaze.automation.utils.LoggerUtil - ========================================
17:42:21.696 [main] INFO  com.demoblaze.automation.utils.LoggerUtil - Test: Close sign up modal
17:42:22.781 [main] INFO  com.demoblaze.automation.utils.LoggerUtil - Clicked on element: [[ChromeDriver: chrome on windows (db6e2aa0fddc25fac47701c26e8098af)] -> id: signin2]
17:42:22.782 [main] INFO  com.demoblaze.automation.utils.LoggerUtil - Clicked on Sign Up link
17:42:24.347 [main] INFO  com.demoblaze.automation.utils.LoggerUtil - Sign up modal is visible
17:42:24.441 [main] INFO  com.demoblaze.automation.utils.LoggerUtil - Clicked on element: [[ChromeDriver: chrome on windows (db6e2aa0fddc25fac47701c26e8098af)] -> xpath: //div[@id='signInModal']//button[contains(text(),'Close')]]
17:42:24.450 [main] INFO  com.demoblaze.automation.utils.LoggerUtil - Sign up modal closed successfully
17:42:24.450 [main] INFO  com.demoblaze.automation.utils.LoggerUtil - ✓ TEST PASSED: testSignUpModalClose
17:42:24.450 [main] INFO  com.demoblaze.automation.utils.LoggerUtil - Execution Time: 2755 ms
]]></system-out>
    <system-err><![CDATA[Oct 08, 2025 5:42:20 PM org.openqa.selenium.devtools.CdpVersionFinder findNearestMatch
WARNING: Unable to find CDP implementation matching 141
Oct 08, 2025 5:42:20 PM org.openqa.selenium.chromium.ChromiumDriver lambda$new$5
WARNING: Unable to find version of CDP to use for 141.0.7390.54. You may need to include a dependency on a specific version of the CDP using something similar to `org.seleniumhq.selenium:selenium-devtools-v86:4.15.0` where the version ("v86") matches the version of the chromium-based browser you're using and the version number of the artifact is the same as Selenium's.
]]></system-err>
  </testcase>
  <testcase name="testSignUpModalClose" classname="com.demoblaze.automation.tests.SignUpTests" time="0.0">
    <skipped message="Could not start a new session. Response code 500. Message: Expected browser binary location, but unable to find binary in default location, no &apos;moz:firefoxOptions.binary&apos; capability provided, and no binary flag set on the command line &#10;Host info: host: &apos;VISHALNIVANGUNE&apos;, ip: &apos;192.168.31.227&apos;&#10;Build info: version: &apos;4.15.0&apos;, revision: &apos;1d14b5521b&apos;&#10;System info: os.name: &apos;Windows 11&apos;, os.arch: &apos;amd64&apos;, os.version: &apos;10.0&apos;, java.version: &apos;23.0.1&apos;&#10;Driver info: org.openqa.selenium.firefox.FirefoxDriver&#10;Command: [null, newSession {capabilities=[Capabilities {acceptInsecureCerts: true, browserName: firefox, moz:debuggerAddress: true, moz:firefoxOptions: {args: [--start-maximized]}}]}]"/>
    <system-out><![CDATA[17:51:07.480 [main] INFO  com.demoblaze.automation.utils.LoggerUtil - ========================================
17:51:07.480 [main] INFO  com.demoblaze.automation.utils.LoggerUtil - STARTING TEST: testSignUpModalClose
17:51:07.480 [main] INFO  com.demoblaze.automation.utils.LoggerUtil - Description: Test sign up modal close functionality
17:51:07.480 [main] INFO  com.demoblaze.automation.utils.LoggerUtil - ========================================
17:51:07.481 [main] WARN  com.demoblaze.automation.utils.LoggerUtil - ⊘ TEST SKIPPED: testSignUpModalClose
17:51:07.481 [main] WARN  com.demoblaze.automation.utils.LoggerUtil - Skip reason: org.openqa.selenium.SessionNotCreatedException: Could not start a new session. Response code 500. Message: Expected browser binary location, but unable to find binary in default location, no 'moz:firefoxOptions.binary' capability provided, and no binary flag set on the command line 
Host info: host: 'VISHALNIVANGUNE', ip: '192.168.31.227'
Build info: version: '4.15.0', revision: '1d14b5521b'
System info: os.name: 'Windows 11', os.arch: 'amd64', os.version: '10.0', java.version: '23.0.1'
Driver info: org.openqa.selenium.firefox.FirefoxDriver
Command: [null, newSession {capabilities=[Capabilities {acceptInsecureCerts: true, browserName: firefox, moz:debuggerAddress: true, moz:firefoxOptions: {args: [--start-maximized]}}]}]
]]></system-out>
  </testcase>
  <testcase name="setup[firefox](0)" classname="com.demoblaze.automation.tests.SignUpTests" time="0.641">
    <failure message="Could not start a new session. Response code 500. Message: Expected browser binary location, but unable to find binary in default location, no &apos;moz:firefoxOptions.binary&apos; capability provided, and no binary flag set on the command line &#10;Host info: host: &apos;VISHALNIVANGUNE&apos;, ip: &apos;192.168.31.227&apos;&#10;Build info: version: &apos;4.15.0&apos;, revision: &apos;1d14b5521b&apos;&#10;System info: os.name: &apos;Windows 11&apos;, os.arch: &apos;amd64&apos;, os.version: &apos;10.0&apos;, java.version: &apos;23.0.1&apos;&#10;Driver info: org.openqa.selenium.firefox.FirefoxDriver&#10;Command: [null, newSession {capabilities=[Capabilities {acceptInsecureCerts: true, browserName: firefox, moz:debuggerAddress: true, moz:firefoxOptions: {args: [--start-maximized]}}]}]" type="org.openqa.selenium.SessionNotCreatedException"><![CDATA[org.openqa.selenium.SessionNotCreatedException: 
Could not start a new session. Response code 500. Message: Expected browser binary location, but unable to find binary in default location, no 'moz:firefoxOptions.binary' capability provided, and no binary flag set on the command line 
Host info: host: 'VISHALNIVANGUNE', ip: '192.168.31.227'
Build info: version: '4.15.0', revision: '1d14b5521b'
System info: os.name: 'Windows 11', os.arch: 'amd64', os.version: '10.0', java.version: '23.0.1'
Driver info: org.openqa.selenium.firefox.FirefoxDriver
Command: [null, newSession {capabilities=[Capabilities {acceptInsecureCerts: true, browserName: firefox, moz:debuggerAddress: true, moz:firefoxOptions: {args: [--start-maximized]}}]}]
	at org.openqa.selenium.remote.ProtocolHandshake.createSession(ProtocolHandshake.java:140)
	at org.openqa.selenium.remote.ProtocolHandshake.createSession(ProtocolHandshake.java:96)
	at org.openqa.selenium.remote.ProtocolHandshake.createSession(ProtocolHandshake.java:68)
	at org.openqa.selenium.remote.HttpCommandExecutor.execute(HttpCommandExecutor.java:163)
	at org.openqa.selenium.remote.service.DriverCommandExecutor.invokeExecute(DriverCommandExecutor.java:200)
	at org.openqa.selenium.remote.service.DriverCommandExecutor.execute(DriverCommandExecutor.java:175)
	at org.openqa.selenium.remote.RemoteWebDriver.execute(RemoteWebDriver.java:607)
	at org.openqa.selenium.remote.RemoteWebDriver.startSession(RemoteWebDriver.java:241)
	at org.openqa.selenium.remote.RemoteWebDriver.<init>(RemoteWebDriver.java:168)
	at org.openqa.selenium.firefox.FirefoxDriver.<init>(FirefoxDriver.java:157)
	at org.openqa.selenium.firefox.FirefoxDriver.<init>(FirefoxDriver.java:152)
	at org.openqa.selenium.firefox.FirefoxDriver.<init>(FirefoxDriver.java:133)
	at org.openqa.selenium.firefox.FirefoxDriver.<init>(FirefoxDriver.java:128)
	at org.openqa.selenium.firefox.FirefoxDriver.<init>(FirefoxDriver.java:113)
	at com.demoblaze.automation.managers.DriverFactory.createDriver(DriverFactory.java:49)
	at com.demoblaze.automation.managers.DriverManager.initDriver(DriverManager.java:46)
	at com.demoblaze.automation.tests.BaseTest.setup(BaseTest.java:31)
	at java.base/jdk.internal.reflect.DirectMethodHandleAccessor.invoke(DirectMethodHandleAccessor.java:103)
	at java.base/java.lang.reflect.Method.invoke(Method.java:580)
	at org.testng.internal.invokers.MethodInvocationHelper.invokeMethod(MethodInvocationHelper.java:139)
	at org.testng.internal.invokers.MethodInvocationHelper.invokeMethodConsideringTimeout(MethodInvocationHelper.java:69)
	at org.testng.internal.invokers.ConfigInvoker.invokeConfigurationMethod(ConfigInvoker.java:390)
	at org.testng.internal.invokers.ConfigInvoker.invokeConfigurations(ConfigInvoker.java:325)
	at org.testng.internal.invokers.TestInvoker.runConfigMethods(TestInvoker.java:810)
	at org.testng.internal.invokers.TestInvoker.invokeMethod(TestInvoker.java:577)
	at org.testng.internal.invokers.TestInvoker.invokeTestMethod(TestInvoker.java:227)
	at org.testng.internal.invokers.MethodRunner.runInSequence(MethodRunner.java:50)
	at org.testng.internal.invokers.TestInvoker$MethodInvocationAgent.invoke(TestInvoker.java:957)
	at org.testng.internal.invokers.TestInvoker.invokeTestMethods(TestInvoker.java:200)
	at org.testng.internal.invokers.TestMethodWorker.invokeTestMethods(TestMethodWorker.java:148)
	at org.testng.internal.invokers.TestMethodWorker.run(TestMethodWorker.java:128)
	at java.base/java.util.ArrayList.forEach(ArrayList.java:1597)
	at org.testng.TestRunner.privateRun(TestRunner.java:848)
	at org.testng.TestRunner.run(TestRunner.java:621)
	at org.testng.SuiteRunner.runTest(SuiteRunner.java:443)
	at org.testng.SuiteRunner.runSequentially(SuiteRunner.java:437)
	at org.testng.SuiteRunner.privateRun(SuiteRunner.java:397)
	at org.testng.SuiteRunner.run(SuiteRunner.java:336)
	at org.testng.SuiteRunnerWorker.runSuite(SuiteRunnerWorker.java:52)
	at org.testng.SuiteRunnerWorker.run(SuiteRunnerWorker.java:95)
	at org.testng.TestNG.runSuitesSequentially(TestNG.java:1280)
	at org.testng.TestNG.runSuitesLocally(TestNG.java:1200)
	at org.testng.TestNG.runSuites(TestNG.java:1114)
	at org.testng.TestNG.run(TestNG.java:1082)
	at org.apache.maven.surefire.testng.TestNGExecutor.run(TestNGExecutor.java:308)
	at org.apache.maven.surefire.testng.TestNGXmlTestSuite.execute(TestNGXmlTestSuite.java:71)
	at org.apache.maven.surefire.testng.TestNGProvider.invoke(TestNGProvider.java:113)
	at org.apache.maven.surefire.booter.ForkedBooter.runSuitesInProcess(ForkedBooter.java:385)
	at org.apache.maven.surefire.booter.ForkedBooter.execute(ForkedBooter.java:162)
	at org.apache.maven.surefire.booter.ForkedBooter.run(ForkedBooter.java:507)
	at org.apache.maven.surefire.booter.ForkedBooter.main(ForkedBooter.java:495)
]]></failure>
    <system-out><![CDATA[17:51:04.224 [main] INFO  com.demoblaze.automation.utils.LoggerUtil - ============================================
17:51:04.224 [main] INFO  com.demoblaze.automation.utils.LoggerUtil - Starting test teardown
17:51:04.224 [main] INFO  com.demoblaze.automation.utils.LoggerUtil - Test teardown completed
17:51:04.224 [main] INFO  com.demoblaze.automation.utils.LoggerUtil - ============================================
17:51:04.225 [main] INFO  com.demoblaze.automation.utils.LoggerUtil - ============================================
17:51:04.225 [main] INFO  com.demoblaze.automation.utils.LoggerUtil - Starting test setup for browser: firefox
17:51:04.225 [main] INFO  com.demoblaze.automation.utils.LoggerUtil - Initializing firefox driver
]]></system-out>
  </testcase>
  <testcase name="setup[firefox](0)" classname="com.demoblaze.automation.tests.SignUpTests" time="0.604">
    <failure message="Could not start a new session. Response code 500. Message: Expected browser binary location, but unable to find binary in default location, no &apos;moz:firefoxOptions.binary&apos; capability provided, and no binary flag set on the command line &#10;Host info: host: &apos;VISHALNIVANGUNE&apos;, ip: &apos;192.168.31.227&apos;&#10;Build info: version: &apos;4.15.0&apos;, revision: &apos;1d14b5521b&apos;&#10;System info: os.name: &apos;Windows 11&apos;, os.arch: &apos;amd64&apos;, os.version: &apos;10.0&apos;, java.version: &apos;23.0.1&apos;&#10;Driver info: org.openqa.selenium.firefox.FirefoxDriver&#10;Command: [null, newSession {capabilities=[Capabilities {acceptInsecureCerts: true, browserName: firefox, moz:debuggerAddress: true, moz:firefoxOptions: {args: [--start-maximized]}}]}]" type="org.openqa.selenium.SessionNotCreatedException"><![CDATA[org.openqa.selenium.SessionNotCreatedException: 
Could not start a new session. Response code 500. Message: Expected browser binary location, but unable to find binary in default location, no 'moz:firefoxOptions.binary' capability provided, and no binary flag set on the command line 
Host info: host: 'VISHALNIVANGUNE', ip: '192.168.31.227'
Build info: version: '4.15.0', revision: '1d14b5521b'
System info: os.name: 'Windows 11', os.arch: 'amd64', os.version: '10.0', java.version: '23.0.1'
Driver info: org.openqa.selenium.firefox.FirefoxDriver
Command: [null, newSession {capabilities=[Capabilities {acceptInsecureCerts: true, browserName: firefox, moz:debuggerAddress: true, moz:firefoxOptions: {args: [--start-maximized]}}]}]
	at org.openqa.selenium.remote.ProtocolHandshake.createSession(ProtocolHandshake.java:140)
	at org.openqa.selenium.remote.ProtocolHandshake.createSession(ProtocolHandshake.java:96)
	at org.openqa.selenium.remote.ProtocolHandshake.createSession(ProtocolHandshake.java:68)
	at org.openqa.selenium.remote.HttpCommandExecutor.execute(HttpCommandExecutor.java:163)
	at org.openqa.selenium.remote.service.DriverCommandExecutor.invokeExecute(DriverCommandExecutor.java:200)
	at org.openqa.selenium.remote.service.DriverCommandExecutor.execute(DriverCommandExecutor.java:175)
	at org.openqa.selenium.remote.RemoteWebDriver.execute(RemoteWebDriver.java:607)
	at org.openqa.selenium.remote.RemoteWebDriver.startSession(RemoteWebDriver.java:241)
	at org.openqa.selenium.remote.RemoteWebDriver.<init>(RemoteWebDriver.java:168)
	at org.openqa.selenium.firefox.FirefoxDriver.<init>(FirefoxDriver.java:157)
	at org.openqa.selenium.firefox.FirefoxDriver.<init>(FirefoxDriver.java:152)
	at org.openqa.selenium.firefox.FirefoxDriver.<init>(FirefoxDriver.java:133)
	at org.openqa.selenium.firefox.FirefoxDriver.<init>(FirefoxDriver.java:128)
	at org.openqa.selenium.firefox.FirefoxDriver.<init>(FirefoxDriver.java:113)
	at com.demoblaze.automation.managers.DriverFactory.createDriver(DriverFactory.java:49)
	at com.demoblaze.automation.managers.DriverManager.initDriver(DriverManager.java:46)
	at com.demoblaze.automation.tests.BaseTest.setup(BaseTest.java:31)
	at java.base/jdk.internal.reflect.DirectMethodHandleAccessor.invoke(DirectMethodHandleAccessor.java:103)
	at java.base/java.lang.reflect.Method.invoke(Method.java:580)
	at org.testng.internal.invokers.MethodInvocationHelper.invokeMethod(MethodInvocationHelper.java:139)
	at org.testng.internal.invokers.MethodInvocationHelper.invokeMethodConsideringTimeout(MethodInvocationHelper.java:69)
	at org.testng.internal.invokers.ConfigInvoker.invokeConfigurationMethod(ConfigInvoker.java:390)
	at org.testng.internal.invokers.ConfigInvoker.invokeConfigurations(ConfigInvoker.java:325)
	at org.testng.internal.invokers.TestInvoker.runConfigMethods(TestInvoker.java:810)
	at org.testng.internal.invokers.TestInvoker.invokeMethod(TestInvoker.java:577)
	at org.testng.internal.invokers.TestInvoker.invokeTestMethod(TestInvoker.java:227)
	at org.testng.internal.invokers.MethodRunner.runInSequence(MethodRunner.java:50)
	at org.testng.internal.invokers.TestInvoker$MethodInvocationAgent.invoke(TestInvoker.java:957)
	at org.testng.internal.invokers.TestInvoker.invokeTestMethods(TestInvoker.java:200)
	at org.testng.internal.invokers.TestMethodWorker.invokeTestMethods(TestMethodWorker.java:148)
	at org.testng.internal.invokers.TestMethodWorker.run(TestMethodWorker.java:128)
	at java.base/java.util.ArrayList.forEach(ArrayList.java:1597)
	at org.testng.TestRunner.privateRun(TestRunner.java:848)
	at org.testng.TestRunner.run(TestRunner.java:621)
	at org.testng.SuiteRunner.runTest(SuiteRunner.java:443)
	at org.testng.SuiteRunner.runSequentially(SuiteRunner.java:437)
	at org.testng.SuiteRunner.privateRun(SuiteRunner.java:397)
	at org.testng.SuiteRunner.run(SuiteRunner.java:336)
	at org.testng.SuiteRunnerWorker.runSuite(SuiteRunnerWorker.java:52)
	at org.testng.SuiteRunnerWorker.run(SuiteRunnerWorker.java:95)
	at org.testng.TestNG.runSuitesSequentially(TestNG.java:1280)
	at org.testng.TestNG.runSuitesLocally(TestNG.java:1200)
	at org.testng.TestNG.runSuites(TestNG.java:1114)
	at org.testng.TestNG.run(TestNG.java:1082)
	at org.apache.maven.surefire.testng.TestNGExecutor.run(TestNGExecutor.java:308)
	at org.apache.maven.surefire.testng.TestNGXmlTestSuite.execute(TestNGXmlTestSuite.java:71)
	at org.apache.maven.surefire.testng.TestNGProvider.invoke(TestNGProvider.java:113)
	at org.apache.maven.surefire.booter.ForkedBooter.runSuitesInProcess(ForkedBooter.java:385)
	at org.apache.maven.surefire.booter.ForkedBooter.execute(ForkedBooter.java:162)
	at org.apache.maven.surefire.booter.ForkedBooter.run(ForkedBooter.java:507)
	at org.apache.maven.surefire.booter.ForkedBooter.main(ForkedBooter.java:495)
]]></failure>
    <system-out><![CDATA[17:51:04.864 [main] INFO  com.demoblaze.automation.utils.LoggerUtil - ============================================
17:51:04.864 [main] INFO  com.demoblaze.automation.utils.LoggerUtil - Starting test teardown
17:51:04.864 [main] INFO  com.demoblaze.automation.utils.LoggerUtil - Test teardown completed
17:51:04.864 [main] INFO  com.demoblaze.automation.utils.LoggerUtil - ============================================
17:51:04.865 [main] INFO  com.demoblaze.automation.utils.LoggerUtil - ============================================
17:51:04.865 [main] INFO  com.demoblaze.automation.utils.LoggerUtil - Starting test setup for browser: firefox
17:51:04.865 [main] INFO  com.demoblaze.automation.utils.LoggerUtil - Initializing firefox driver
]]></system-out>
  </testcase>
  <testcase name="setup[firefox](0)" classname="com.demoblaze.automation.tests.SignUpTests" time="0.638">
    <failure message="Could not start a new session. Response code 500. Message: Expected browser binary location, but unable to find binary in default location, no &apos;moz:firefoxOptions.binary&apos; capability provided, and no binary flag set on the command line &#10;Host info: host: &apos;VISHALNIVANGUNE&apos;, ip: &apos;192.168.31.227&apos;&#10;Build info: version: &apos;4.15.0&apos;, revision: &apos;1d14b5521b&apos;&#10;System info: os.name: &apos;Windows 11&apos;, os.arch: &apos;amd64&apos;, os.version: &apos;10.0&apos;, java.version: &apos;23.0.1&apos;&#10;Driver info: org.openqa.selenium.firefox.FirefoxDriver&#10;Command: [null, newSession {capabilities=[Capabilities {acceptInsecureCerts: true, browserName: firefox, moz:debuggerAddress: true, moz:firefoxOptions: {args: [--start-maximized]}}]}]" type="org.openqa.selenium.SessionNotCreatedException"><![CDATA[org.openqa.selenium.SessionNotCreatedException: 
Could not start a new session. Response code 500. Message: Expected browser binary location, but unable to find binary in default location, no 'moz:firefoxOptions.binary' capability provided, and no binary flag set on the command line 
Host info: host: 'VISHALNIVANGUNE', ip: '192.168.31.227'
Build info: version: '4.15.0', revision: '1d14b5521b'
System info: os.name: 'Windows 11', os.arch: 'amd64', os.version: '10.0', java.version: '23.0.1'
Driver info: org.openqa.selenium.firefox.FirefoxDriver
Command: [null, newSession {capabilities=[Capabilities {acceptInsecureCerts: true, browserName: firefox, moz:debuggerAddress: true, moz:firefoxOptions: {args: [--start-maximized]}}]}]
	at org.openqa.selenium.remote.ProtocolHandshake.createSession(ProtocolHandshake.java:140)
	at org.openqa.selenium.remote.ProtocolHandshake.createSession(ProtocolHandshake.java:96)
	at org.openqa.selenium.remote.ProtocolHandshake.createSession(ProtocolHandshake.java:68)
	at org.openqa.selenium.remote.HttpCommandExecutor.execute(HttpCommandExecutor.java:163)
	at org.openqa.selenium.remote.service.DriverCommandExecutor.invokeExecute(DriverCommandExecutor.java:200)
	at org.openqa.selenium.remote.service.DriverCommandExecutor.execute(DriverCommandExecutor.java:175)
	at org.openqa.selenium.remote.RemoteWebDriver.execute(RemoteWebDriver.java:607)
	at org.openqa.selenium.remote.RemoteWebDriver.startSession(RemoteWebDriver.java:241)
	at org.openqa.selenium.remote.RemoteWebDriver.<init>(RemoteWebDriver.java:168)
	at org.openqa.selenium.firefox.FirefoxDriver.<init>(FirefoxDriver.java:157)
	at org.openqa.selenium.firefox.FirefoxDriver.<init>(FirefoxDriver.java:152)
	at org.openqa.selenium.firefox.FirefoxDriver.<init>(FirefoxDriver.java:133)
	at org.openqa.selenium.firefox.FirefoxDriver.<init>(FirefoxDriver.java:128)
	at org.openqa.selenium.firefox.FirefoxDriver.<init>(FirefoxDriver.java:113)
	at com.demoblaze.automation.managers.DriverFactory.createDriver(DriverFactory.java:49)
	at com.demoblaze.automation.managers.DriverManager.initDriver(DriverManager.java:46)
	at com.demoblaze.automation.tests.BaseTest.setup(BaseTest.java:31)
	at java.base/jdk.internal.reflect.DirectMethodHandleAccessor.invoke(DirectMethodHandleAccessor.java:103)
	at java.base/java.lang.reflect.Method.invoke(Method.java:580)
	at org.testng.internal.invokers.MethodInvocationHelper.invokeMethod(MethodInvocationHelper.java:139)
	at org.testng.internal.invokers.MethodInvocationHelper.invokeMethodConsideringTimeout(MethodInvocationHelper.java:69)
	at org.testng.internal.invokers.ConfigInvoker.invokeConfigurationMethod(ConfigInvoker.java:390)
	at org.testng.internal.invokers.ConfigInvoker.invokeConfigurations(ConfigInvoker.java:325)
	at org.testng.internal.invokers.TestInvoker.runConfigMethods(TestInvoker.java:810)
	at org.testng.internal.invokers.TestInvoker.invokeMethod(TestInvoker.java:577)
	at org.testng.internal.invokers.TestInvoker.invokeTestMethod(TestInvoker.java:227)
	at org.testng.internal.invokers.MethodRunner.runInSequence(MethodRunner.java:50)
	at org.testng.internal.invokers.TestInvoker$MethodInvocationAgent.invoke(TestInvoker.java:957)
	at org.testng.internal.invokers.TestInvoker.invokeTestMethods(TestInvoker.java:200)
	at org.testng.internal.invokers.TestMethodWorker.invokeTestMethods(TestMethodWorker.java:148)
	at org.testng.internal.invokers.TestMethodWorker.run(TestMethodWorker.java:128)
	at java.base/java.util.ArrayList.forEach(ArrayList.java:1597)
	at org.testng.TestRunner.privateRun(TestRunner.java:848)
	at org.testng.TestRunner.run(TestRunner.java:621)
	at org.testng.SuiteRunner.runTest(SuiteRunner.java:443)
	at org.testng.SuiteRunner.runSequentially(SuiteRunner.java:437)
	at org.testng.SuiteRunner.privateRun(SuiteRunner.java:397)
	at org.testng.SuiteRunner.run(SuiteRunner.java:336)
	at org.testng.SuiteRunnerWorker.runSuite(SuiteRunnerWorker.java:52)
	at org.testng.SuiteRunnerWorker.run(SuiteRunnerWorker.java:95)
	at org.testng.TestNG.runSuitesSequentially(TestNG.java:1280)
	at org.testng.TestNG.runSuitesLocally(TestNG.java:1200)
	at org.testng.TestNG.runSuites(TestNG.java:1114)
	at org.testng.TestNG.run(TestNG.java:1082)
	at org.apache.maven.surefire.testng.TestNGExecutor.run(TestNGExecutor.java:308)
	at org.apache.maven.surefire.testng.TestNGXmlTestSuite.execute(TestNGXmlTestSuite.java:71)
	at org.apache.maven.surefire.testng.TestNGProvider.invoke(TestNGProvider.java:113)
	at org.apache.maven.surefire.booter.ForkedBooter.runSuitesInProcess(ForkedBooter.java:385)
	at org.apache.maven.surefire.booter.ForkedBooter.execute(ForkedBooter.java:162)
	at org.apache.maven.surefire.booter.ForkedBooter.run(ForkedBooter.java:507)
	at org.apache.maven.surefire.booter.ForkedBooter.main(ForkedBooter.java:495)
]]></failure>
    <system-out><![CDATA[17:51:05.468 [main] INFO  com.demoblaze.automation.utils.LoggerUtil - ============================================
17:51:05.468 [main] INFO  com.demoblaze.automation.utils.LoggerUtil - Starting test teardown
17:51:05.468 [main] INFO  com.demoblaze.automation.utils.LoggerUtil - Test teardown completed
17:51:05.468 [main] INFO  com.demoblaze.automation.utils.LoggerUtil - ============================================
17:51:05.469 [main] INFO  com.demoblaze.automation.utils.LoggerUtil - ============================================
17:51:05.469 [main] INFO  com.demoblaze.automation.utils.LoggerUtil - Starting test setup for browser: firefox
17:51:05.469 [main] INFO  com.demoblaze.automation.utils.LoggerUtil - Initializing firefox driver
]]></system-out>
  </testcase>
  <testcase name="setup[firefox](0)" classname="com.demoblaze.automation.tests.SignUpTests" time="0.755">
    <failure message="Could not start a new session. Response code 500. Message: Expected browser binary location, but unable to find binary in default location, no &apos;moz:firefoxOptions.binary&apos; capability provided, and no binary flag set on the command line &#10;Host info: host: &apos;VISHALNIVANGUNE&apos;, ip: &apos;192.168.31.227&apos;&#10;Build info: version: &apos;4.15.0&apos;, revision: &apos;1d14b5521b&apos;&#10;System info: os.name: &apos;Windows 11&apos;, os.arch: &apos;amd64&apos;, os.version: &apos;10.0&apos;, java.version: &apos;23.0.1&apos;&#10;Driver info: org.openqa.selenium.firefox.FirefoxDriver&#10;Command: [null, newSession {capabilities=[Capabilities {acceptInsecureCerts: true, browserName: firefox, moz:debuggerAddress: true, moz:firefoxOptions: {args: [--start-maximized]}}]}]" type="org.openqa.selenium.SessionNotCreatedException"><![CDATA[org.openqa.selenium.SessionNotCreatedException: 
Could not start a new session. Response code 500. Message: Expected browser binary location, but unable to find binary in default location, no 'moz:firefoxOptions.binary' capability provided, and no binary flag set on the command line 
Host info: host: 'VISHALNIVANGUNE', ip: '192.168.31.227'
Build info: version: '4.15.0', revision: '1d14b5521b'
System info: os.name: 'Windows 11', os.arch: 'amd64', os.version: '10.0', java.version: '23.0.1'
Driver info: org.openqa.selenium.firefox.FirefoxDriver
Command: [null, newSession {capabilities=[Capabilities {acceptInsecureCerts: true, browserName: firefox, moz:debuggerAddress: true, moz:firefoxOptions: {args: [--start-maximized]}}]}]
	at org.openqa.selenium.remote.ProtocolHandshake.createSession(ProtocolHandshake.java:140)
	at org.openqa.selenium.remote.ProtocolHandshake.createSession(ProtocolHandshake.java:96)
	at org.openqa.selenium.remote.ProtocolHandshake.createSession(ProtocolHandshake.java:68)
	at org.openqa.selenium.remote.HttpCommandExecutor.execute(HttpCommandExecutor.java:163)
	at org.openqa.selenium.remote.service.DriverCommandExecutor.invokeExecute(DriverCommandExecutor.java:200)
	at org.openqa.selenium.remote.service.DriverCommandExecutor.execute(DriverCommandExecutor.java:175)
	at org.openqa.selenium.remote.RemoteWebDriver.execute(RemoteWebDriver.java:607)
	at org.openqa.selenium.remote.RemoteWebDriver.startSession(RemoteWebDriver.java:241)
	at org.openqa.selenium.remote.RemoteWebDriver.<init>(RemoteWebDriver.java:168)
	at org.openqa.selenium.firefox.FirefoxDriver.<init>(FirefoxDriver.java:157)
	at org.openqa.selenium.firefox.FirefoxDriver.<init>(FirefoxDriver.java:152)
	at org.openqa.selenium.firefox.FirefoxDriver.<init>(FirefoxDriver.java:133)
	at org.openqa.selenium.firefox.FirefoxDriver.<init>(FirefoxDriver.java:128)
	at org.openqa.selenium.firefox.FirefoxDriver.<init>(FirefoxDriver.java:113)
	at com.demoblaze.automation.managers.DriverFactory.createDriver(DriverFactory.java:49)
	at com.demoblaze.automation.managers.DriverManager.initDriver(DriverManager.java:46)
	at com.demoblaze.automation.tests.BaseTest.setup(BaseTest.java:31)
	at java.base/jdk.internal.reflect.DirectMethodHandleAccessor.invoke(DirectMethodHandleAccessor.java:103)
	at java.base/java.lang.reflect.Method.invoke(Method.java:580)
	at org.testng.internal.invokers.MethodInvocationHelper.invokeMethod(MethodInvocationHelper.java:139)
	at org.testng.internal.invokers.MethodInvocationHelper.invokeMethodConsideringTimeout(MethodInvocationHelper.java:69)
	at org.testng.internal.invokers.ConfigInvoker.invokeConfigurationMethod(ConfigInvoker.java:390)
	at org.testng.internal.invokers.ConfigInvoker.invokeConfigurations(ConfigInvoker.java:325)
	at org.testng.internal.invokers.TestInvoker.runConfigMethods(TestInvoker.java:810)
	at org.testng.internal.invokers.TestInvoker.invokeMethod(TestInvoker.java:577)
	at org.testng.internal.invokers.TestInvoker.invokeTestMethod(TestInvoker.java:227)
	at org.testng.internal.invokers.MethodRunner.runInSequence(MethodRunner.java:50)
	at org.testng.internal.invokers.TestInvoker$MethodInvocationAgent.invoke(TestInvoker.java:957)
	at org.testng.internal.invokers.TestInvoker.invokeTestMethods(TestInvoker.java:200)
	at org.testng.internal.invokers.TestMethodWorker.invokeTestMethods(TestMethodWorker.java:148)
	at org.testng.internal.invokers.TestMethodWorker.run(TestMethodWorker.java:128)
	at java.base/java.util.ArrayList.forEach(ArrayList.java:1597)
	at org.testng.TestRunner.privateRun(TestRunner.java:848)
	at org.testng.TestRunner.run(TestRunner.java:621)
	at org.testng.SuiteRunner.runTest(SuiteRunner.java:443)
	at org.testng.SuiteRunner.runSequentially(SuiteRunner.java:437)
	at org.testng.SuiteRunner.privateRun(SuiteRunner.java:397)
	at org.testng.SuiteRunner.run(SuiteRunner.java:336)
	at org.testng.SuiteRunnerWorker.runSuite(SuiteRunnerWorker.java:52)
	at org.testng.SuiteRunnerWorker.run(SuiteRunnerWorker.java:95)
	at org.testng.TestNG.runSuitesSequentially(TestNG.java:1280)
	at org.testng.TestNG.runSuitesLocally(TestNG.java:1200)
	at org.testng.TestNG.runSuites(TestNG.java:1114)
	at org.testng.TestNG.run(TestNG.java:1082)
	at org.apache.maven.surefire.testng.TestNGExecutor.run(TestNGExecutor.java:308)
	at org.apache.maven.surefire.testng.TestNGXmlTestSuite.execute(TestNGXmlTestSuite.java:71)
	at org.apache.maven.surefire.testng.TestNGProvider.invoke(TestNGProvider.java:113)
	at org.apache.maven.surefire.booter.ForkedBooter.runSuitesInProcess(ForkedBooter.java:385)
	at org.apache.maven.surefire.booter.ForkedBooter.execute(ForkedBooter.java:162)
	at org.apache.maven.surefire.booter.ForkedBooter.run(ForkedBooter.java:507)
	at org.apache.maven.surefire.booter.ForkedBooter.main(ForkedBooter.java:495)
]]></failure>
    <system-out><![CDATA[17:51:06.107 [main] INFO  com.demoblaze.automation.utils.LoggerUtil - ============================================
17:51:06.107 [main] INFO  com.demoblaze.automation.utils.LoggerUtil - Starting test teardown
17:51:06.107 [main] INFO  com.demoblaze.automation.utils.LoggerUtil - Test teardown completed
17:51:06.107 [main] INFO  com.demoblaze.automation.utils.LoggerUtil - ============================================
17:51:06.108 [main] INFO  com.demoblaze.automation.utils.LoggerUtil - ============================================
17:51:06.108 [main] INFO  com.demoblaze.automation.utils.LoggerUtil - Starting test setup for browser: firefox
17:51:06.108 [main] INFO  com.demoblaze.automation.utils.LoggerUtil - Initializing firefox driver
]]></system-out>
  </testcase>
  <testcase name="setup[firefox](0)" classname="com.demoblaze.automation.tests.SignUpTests" time="0.617">
    <failure message="Could not start a new session. Response code 500. Message: Expected browser binary location, but unable to find binary in default location, no &apos;moz:firefoxOptions.binary&apos; capability provided, and no binary flag set on the command line &#10;Host info: host: &apos;VISHALNIVANGUNE&apos;, ip: &apos;192.168.31.227&apos;&#10;Build info: version: &apos;4.15.0&apos;, revision: &apos;1d14b5521b&apos;&#10;System info: os.name: &apos;Windows 11&apos;, os.arch: &apos;amd64&apos;, os.version: &apos;10.0&apos;, java.version: &apos;23.0.1&apos;&#10;Driver info: org.openqa.selenium.firefox.FirefoxDriver&#10;Command: [null, newSession {capabilities=[Capabilities {acceptInsecureCerts: true, browserName: firefox, moz:debuggerAddress: true, moz:firefoxOptions: {args: [--start-maximized]}}]}]" type="org.openqa.selenium.SessionNotCreatedException"><![CDATA[org.openqa.selenium.SessionNotCreatedException: 
Could not start a new session. Response code 500. Message: Expected browser binary location, but unable to find binary in default location, no 'moz:firefoxOptions.binary' capability provided, and no binary flag set on the command line 
Host info: host: 'VISHALNIVANGUNE', ip: '192.168.31.227'
Build info: version: '4.15.0', revision: '1d14b5521b'
System info: os.name: 'Windows 11', os.arch: 'amd64', os.version: '10.0', java.version: '23.0.1'
Driver info: org.openqa.selenium.firefox.FirefoxDriver
Command: [null, newSession {capabilities=[Capabilities {acceptInsecureCerts: true, browserName: firefox, moz:debuggerAddress: true, moz:firefoxOptions: {args: [--start-maximized]}}]}]
	at org.openqa.selenium.remote.ProtocolHandshake.createSession(ProtocolHandshake.java:140)
	at org.openqa.selenium.remote.ProtocolHandshake.createSession(ProtocolHandshake.java:96)
	at org.openqa.selenium.remote.ProtocolHandshake.createSession(ProtocolHandshake.java:68)
	at org.openqa.selenium.remote.HttpCommandExecutor.execute(HttpCommandExecutor.java:163)
	at org.openqa.selenium.remote.service.DriverCommandExecutor.invokeExecute(DriverCommandExecutor.java:200)
	at org.openqa.selenium.remote.service.DriverCommandExecutor.execute(DriverCommandExecutor.java:175)
	at org.openqa.selenium.remote.RemoteWebDriver.execute(RemoteWebDriver.java:607)
	at org.openqa.selenium.remote.RemoteWebDriver.startSession(RemoteWebDriver.java:241)
	at org.openqa.selenium.remote.RemoteWebDriver.<init>(RemoteWebDriver.java:168)
	at org.openqa.selenium.firefox.FirefoxDriver.<init>(FirefoxDriver.java:157)
	at org.openqa.selenium.firefox.FirefoxDriver.<init>(FirefoxDriver.java:152)
	at org.openqa.selenium.firefox.FirefoxDriver.<init>(FirefoxDriver.java:133)
	at org.openqa.selenium.firefox.FirefoxDriver.<init>(FirefoxDriver.java:128)
	at org.openqa.selenium.firefox.FirefoxDriver.<init>(FirefoxDriver.java:113)
	at com.demoblaze.automation.managers.DriverFactory.createDriver(DriverFactory.java:49)
	at com.demoblaze.automation.managers.DriverManager.initDriver(DriverManager.java:46)
	at com.demoblaze.automation.tests.BaseTest.setup(BaseTest.java:31)
	at java.base/jdk.internal.reflect.DirectMethodHandleAccessor.invoke(DirectMethodHandleAccessor.java:103)
	at java.base/java.lang.reflect.Method.invoke(Method.java:580)
	at org.testng.internal.invokers.MethodInvocationHelper.invokeMethod(MethodInvocationHelper.java:139)
	at org.testng.internal.invokers.MethodInvocationHelper.invokeMethodConsideringTimeout(MethodInvocationHelper.java:69)
	at org.testng.internal.invokers.ConfigInvoker.invokeConfigurationMethod(ConfigInvoker.java:390)
	at org.testng.internal.invokers.ConfigInvoker.invokeConfigurations(ConfigInvoker.java:325)
	at org.testng.internal.invokers.TestInvoker.runConfigMethods(TestInvoker.java:810)
	at org.testng.internal.invokers.TestInvoker.invokeMethod(TestInvoker.java:577)
	at org.testng.internal.invokers.TestInvoker.invokeTestMethod(TestInvoker.java:227)
	at org.testng.internal.invokers.MethodRunner.runInSequence(MethodRunner.java:50)
	at org.testng.internal.invokers.TestInvoker$MethodInvocationAgent.invoke(TestInvoker.java:957)
	at org.testng.internal.invokers.TestInvoker.invokeTestMethods(TestInvoker.java:200)
	at org.testng.internal.invokers.TestMethodWorker.invokeTestMethods(TestMethodWorker.java:148)
	at org.testng.internal.invokers.TestMethodWorker.run(TestMethodWorker.java:128)
	at java.base/java.util.ArrayList.forEach(ArrayList.java:1597)
	at org.testng.TestRunner.privateRun(TestRunner.java:848)
	at org.testng.TestRunner.run(TestRunner.java:621)
	at org.testng.SuiteRunner.runTest(SuiteRunner.java:443)
	at org.testng.SuiteRunner.runSequentially(SuiteRunner.java:437)
	at org.testng.SuiteRunner.privateRun(SuiteRunner.java:397)
	at org.testng.SuiteRunner.run(SuiteRunner.java:336)
	at org.testng.SuiteRunnerWorker.runSuite(SuiteRunnerWorker.java:52)
	at org.testng.SuiteRunnerWorker.run(SuiteRunnerWorker.java:95)
	at org.testng.TestNG.runSuitesSequentially(TestNG.java:1280)
	at org.testng.TestNG.runSuitesLocally(TestNG.java:1200)
	at org.testng.TestNG.runSuites(TestNG.java:1114)
	at org.testng.TestNG.run(TestNG.java:1082)
	at org.apache.maven.surefire.testng.TestNGExecutor.run(TestNGExecutor.java:308)
	at org.apache.maven.surefire.testng.TestNGXmlTestSuite.execute(TestNGXmlTestSuite.java:71)
	at org.apache.maven.surefire.testng.TestNGProvider.invoke(TestNGProvider.java:113)
	at org.apache.maven.surefire.booter.ForkedBooter.runSuitesInProcess(ForkedBooter.java:385)
	at org.apache.maven.surefire.booter.ForkedBooter.execute(ForkedBooter.java:162)
	at org.apache.maven.surefire.booter.ForkedBooter.run(ForkedBooter.java:507)
	at org.apache.maven.surefire.booter.ForkedBooter.main(ForkedBooter.java:495)
]]></failure>
    <system-out><![CDATA[17:51:06.863 [main] INFO  com.demoblaze.automation.utils.LoggerUtil - ============================================
17:51:06.863 [main] INFO  com.demoblaze.automation.utils.LoggerUtil - Starting test teardown
17:51:06.863 [main] INFO  com.demoblaze.automation.utils.LoggerUtil - Test teardown completed
17:51:06.863 [main] INFO  com.demoblaze.automation.utils.LoggerUtil - ============================================
17:51:06.864 [main] INFO  com.demoblaze.automation.utils.LoggerUtil - ============================================
17:51:06.864 [main] INFO  com.demoblaze.automation.utils.LoggerUtil - Starting test setup for browser: firefox
17:51:06.864 [main] INFO  com.demoblaze.automation.utils.LoggerUtil - Initializing firefox driver
]]></system-out>
  </testcase>
  <testcase name="testSearchByPhonesCategory" classname="com.demoblaze.automation.tests.ProductSearchTests" time="3.14">
    <system-out><![CDATA[17:42:24.451 [main] INFO  com.demoblaze.automation.utils.LoggerUtil - ============================================
17:42:24.451 [main] INFO  com.demoblaze.automation.utils.LoggerUtil - Starting test teardown
17:42:24.455 [main] INFO  com.demoblaze.automation.utils.LoggerUtil - Quitting driver
17:42:24.643 [main] INFO  com.demoblaze.automation.utils.LoggerUtil - Driver quit successfully
17:42:24.644 [main] INFO  com.demoblaze.automation.utils.LoggerUtil - Test teardown completed
17:42:24.644 [main] INFO  com.demoblaze.automation.utils.LoggerUtil - ============================================
17:42:24.645 [main] INFO  com.demoblaze.automation.utils.LoggerUtil - ============================================
17:42:24.645 [main] INFO  com.demoblaze.automation.utils.LoggerUtil - Starting test setup for browser: chrome
17:42:24.645 [main] INFO  com.demoblaze.automation.utils.LoggerUtil - Initializing chrome driver
17:42:25.391 [main] INFO  com.demoblaze.automation.utils.LoggerUtil - Chrome browser initialized
17:42:25.412 [main] INFO  com.demoblaze.automation.utils.LoggerUtil - Driver initialized successfully
17:42:26.834 [main] INFO  com.demoblaze.automation.utils.LoggerUtil - HomePage initialized
17:42:26.835 [main] INFO  com.demoblaze.automation.utils.LoggerUtil - LoginPage initialized
17:42:26.835 [main] INFO  com.demoblaze.automation.utils.LoggerUtil - SignUpPage initialized
17:42:26.835 [main] INFO  com.demoblaze.automation.utils.LoggerUtil - ProductPage initialized
17:42:26.835 [main] INFO  com.demoblaze.automation.utils.LoggerUtil - CartPage initialized
17:42:26.835 [main] INFO  com.demoblaze.automation.utils.LoggerUtil - CheckoutPage initialized
17:42:26.836 [main] INFO  com.demoblaze.automation.utils.LoggerUtil - Test setup completed successfully
17:42:26.836 [main] INFO  com.demoblaze.automation.utils.LoggerUtil - ============================================
17:42:26.836 [main] INFO  com.demoblaze.automation.utils.LoggerUtil - ========================================
17:42:26.836 [main] INFO  com.demoblaze.automation.utils.LoggerUtil - STARTING TEST: testSearchByPhonesCategory
17:42:26.836 [main] INFO  com.demoblaze.automation.utils.LoggerUtil - Description: Test product search by selecting Phones category
17:42:26.836 [main] INFO  com.demoblaze.automation.utils.LoggerUtil - ========================================
17:42:26.836 [main] INFO  com.demoblaze.automation.utils.LoggerUtil - Test: Search by Phones category
17:42:27.943 [main] INFO  com.demoblaze.automation.utils.LoggerUtil - Clicked on element: [[ChromeDriver: chrome on windows (d87efca70f59399a2132a3fc2bc78a0f)] -> link text: Phones]
17:42:27.944 [main] INFO  com.demoblaze.automation.utils.LoggerUtil - Selected category: Phones
17:42:29.975 [main] INFO  com.demoblaze.automation.utils.LoggerUtil - Current URL: https://www.demoblaze.com/index.html#
17:42:29.975 [main] INFO  com.demoblaze.automation.utils.LoggerUtil - ✓ TEST PASSED: testSearchByPhonesCategory
17:42:29.975 [main] INFO  com.demoblaze.automation.utils.LoggerUtil - Execution Time: 3139 ms
]]></system-out>
    <system-err><![CDATA[Oct 08, 2025 5:42:25 PM org.openqa.selenium.devtools.CdpVersionFinder findNearestMatch
WARNING: Unable to find CDP implementation matching 141
Oct 08, 2025 5:42:25 PM org.openqa.selenium.chromium.ChromiumDriver lambda$new$5
WARNING: Unable to find version of CDP to use for 141.0.7390.54. You may need to include a dependency on a specific version of the CDP using something similar to `org.seleniumhq.selenium:selenium-devtools-v86:4.15.0` where the version ("v86") matches the version of the chromium-based browser you're using and the version number of the artifact is the same as Selenium's.
]]></system-err>
  </testcase>
  <testcase name="testSearchByLaptopsCategory" classname="com.demoblaze.automation.tests.ProductSearchTests" time="3.164">
    <system-out><![CDATA[17:42:29.977 [main] INFO  com.demoblaze.automation.utils.LoggerUtil - ============================================
17:42:29.977 [main] INFO  com.demoblaze.automation.utils.LoggerUtil - Starting test teardown
17:42:29.981 [main] INFO  com.demoblaze.automation.utils.LoggerUtil - Quitting driver
17:42:30.159 [main] INFO  com.demoblaze.automation.utils.LoggerUtil - Driver quit successfully
17:42:30.159 [main] INFO  com.demoblaze.automation.utils.LoggerUtil - Test teardown completed
17:42:30.159 [main] INFO  com.demoblaze.automation.utils.LoggerUtil - ============================================
17:42:30.160 [main] INFO  com.demoblaze.automation.utils.LoggerUtil - ============================================
17:42:30.160 [main] INFO  com.demoblaze.automation.utils.LoggerUtil - Starting test setup for browser: chrome
17:42:30.160 [main] INFO  com.demoblaze.automation.utils.LoggerUtil - Initializing chrome driver
17:42:30.915 [main] INFO  com.demoblaze.automation.utils.LoggerUtil - Chrome browser initialized
17:42:30.934 [main] INFO  com.demoblaze.automation.utils.LoggerUtil - Driver initialized successfully
17:42:32.914 [main] INFO  com.demoblaze.automation.utils.LoggerUtil - HomePage initialized
17:42:32.915 [main] INFO  com.demoblaze.automation.utils.LoggerUtil - LoginPage initialized
17:42:32.915 [main] INFO  com.demoblaze.automation.utils.LoggerUtil - SignUpPage initialized
17:42:32.916 [main] INFO  com.demoblaze.automation.utils.LoggerUtil - ProductPage initialized
17:42:32.916 [main] INFO  com.demoblaze.automation.utils.LoggerUtil - CartPage initialized
17:42:32.916 [main] INFO  com.demoblaze.automation.utils.LoggerUtil - CheckoutPage initialized
17:42:32.916 [main] INFO  com.demoblaze.automation.utils.LoggerUtil - Test setup completed successfully
17:42:32.916 [main] INFO  com.demoblaze.automation.utils.LoggerUtil - ============================================
17:42:32.917 [main] INFO  com.demoblaze.automation.utils.LoggerUtil - ========================================
17:42:32.917 [main] INFO  com.demoblaze.automation.utils.LoggerUtil - STARTING TEST: testSearchByLaptopsCategory
17:42:32.917 [main] INFO  com.demoblaze.automation.utils.LoggerUtil - Description: Test product search by selecting Laptops category
17:42:32.917 [main] INFO  com.demoblaze.automation.utils.LoggerUtil - ========================================
17:42:32.917 [main] INFO  com.demoblaze.automation.utils.LoggerUtil - Test: Search by Laptops category
17:42:34.054 [main] INFO  com.demoblaze.automation.utils.LoggerUtil - Clicked on element: [[ChromeDriver: chrome on windows (43e29d92b041c64a7122f2b53cb4bba7)] -> link text: Laptops]
17:42:34.055 [main] INFO  com.demoblaze.automation.utils.LoggerUtil - Selected category: Laptops
17:42:36.081 [main] INFO  com.demoblaze.automation.utils.LoggerUtil - Current URL: https://www.demoblaze.com/index.html#
17:42:36.081 [main] INFO  com.demoblaze.automation.utils.LoggerUtil - ✓ TEST PASSED: testSearchByLaptopsCategory
17:42:36.081 [main] INFO  com.demoblaze.automation.utils.LoggerUtil - Execution Time: 3164 ms
]]></system-out>
    <system-err><![CDATA[Oct 08, 2025 5:42:30 PM org.openqa.selenium.devtools.CdpVersionFinder findNearestMatch
WARNING: Unable to find CDP implementation matching 141
Oct 08, 2025 5:42:30 PM org.openqa.selenium.chromium.ChromiumDriver lambda$new$5
WARNING: Unable to find version of CDP to use for 141.0.7390.54. You may need to include a dependency on a specific version of the CDP using something similar to `org.seleniumhq.selenium:selenium-devtools-v86:4.15.0` where the version ("v86") matches the version of the chromium-based browser you're using and the version number of the artifact is the same as Selenium's.
]]></system-err>
  </testcase>
  <testcase name="testSearchByMonitorsCategory" classname="com.demoblaze.automation.tests.ProductSearchTests" time="3.17">
    <system-out><![CDATA[17:42:36.081 [main] INFO  com.demoblaze.automation.utils.LoggerUtil - ============================================
17:42:36.082 [main] INFO  com.demoblaze.automation.utils.LoggerUtil - Starting test teardown
17:42:36.085 [main] INFO  com.demoblaze.automation.utils.LoggerUtil - Quitting driver
17:42:36.272 [main] INFO  com.demoblaze.automation.utils.LoggerUtil - Driver quit successfully
17:42:36.273 [main] INFO  com.demoblaze.automation.utils.LoggerUtil - Test teardown completed
17:42:36.273 [main] INFO  com.demoblaze.automation.utils.LoggerUtil - ============================================
17:42:36.273 [main] INFO  com.demoblaze.automation.utils.LoggerUtil - ============================================
17:42:36.274 [main] INFO  com.demoblaze.automation.utils.LoggerUtil - Starting test setup for browser: chrome
17:42:36.274 [main] INFO  com.demoblaze.automation.utils.LoggerUtil - Initializing chrome driver
17:42:36.982 [main] INFO  com.demoblaze.automation.utils.LoggerUtil - Chrome browser initialized
17:42:36.997 [main] INFO  com.demoblaze.automation.utils.LoggerUtil - Driver initialized successfully
17:42:38.608 [main] INFO  com.demoblaze.automation.utils.LoggerUtil - HomePage initialized
17:42:38.609 [main] INFO  com.demoblaze.automation.utils.LoggerUtil - LoginPage initialized
17:42:38.609 [main] INFO  com.demoblaze.automation.utils.LoggerUtil - SignUpPage initialized
17:42:38.609 [main] INFO  com.demoblaze.automation.utils.LoggerUtil - ProductPage initialized
17:42:38.609 [main] INFO  com.demoblaze.automation.utils.LoggerUtil - CartPage initialized
17:42:38.609 [main] INFO  com.demoblaze.automation.utils.LoggerUtil - CheckoutPage initialized
17:42:38.609 [main] INFO  com.demoblaze.automation.utils.LoggerUtil - Test setup completed successfully
17:42:38.609 [main] INFO  com.demoblaze.automation.utils.LoggerUtil - ============================================
17:42:38.610 [main] INFO  com.demoblaze.automation.utils.LoggerUtil - ========================================
17:42:38.610 [main] INFO  com.demoblaze.automation.utils.LoggerUtil - STARTING TEST: testSearchByMonitorsCategory
17:42:38.610 [main] INFO  com.demoblaze.automation.utils.LoggerUtil - Description: Test product search by selecting Monitors category
17:42:38.610 [main] INFO  com.demoblaze.automation.utils.LoggerUtil - ========================================
17:42:38.610 [main] INFO  com.demoblaze.automation.utils.LoggerUtil - Test: Search by Monitors category
17:42:39.756 [main] INFO  com.demoblaze.automation.utils.LoggerUtil - Clicked on element: [[ChromeDriver: chrome on windows (4e95d7b44c8838161fee5d1474d7036e)] -> link text: Monitors]
17:42:39.756 [main] INFO  com.demoblaze.automation.utils.LoggerUtil - Selected category: Monitors
17:42:41.779 [main] INFO  com.demoblaze.automation.utils.LoggerUtil - Current URL: https://www.demoblaze.com/index.html#
17:42:41.780 [main] INFO  com.demoblaze.automation.utils.LoggerUtil - ✓ TEST PASSED: testSearchByMonitorsCategory
17:42:41.780 [main] INFO  com.demoblaze.automation.utils.LoggerUtil - Execution Time: 3169 ms
]]></system-out>
    <system-err><![CDATA[Oct 08, 2025 5:42:36 PM org.openqa.selenium.devtools.CdpVersionFinder findNearestMatch
WARNING: Unable to find CDP implementation matching 141
Oct 08, 2025 5:42:36 PM org.openqa.selenium.chromium.ChromiumDriver lambda$new$5
WARNING: Unable to find version of CDP to use for 141.0.7390.54. You may need to include a dependency on a specific version of the CDP using something similar to `org.seleniumhq.selenium:selenium-devtools-v86:4.15.0` where the version ("v86") matches the version of the chromium-based browser you're using and the version number of the artifact is the same as Selenium's.
]]></system-err>
  </testcase>
  <testcase name="testSelectSpecificProduct" classname="com.demoblaze.automation.tests.ProductSearchTests" time="5.966">
    <system-out><![CDATA[17:42:41.780 [main] INFO  com.demoblaze.automation.utils.LoggerUtil - ============================================
17:42:41.780 [main] INFO  com.demoblaze.automation.utils.LoggerUtil - Starting test teardown
17:42:41.784 [main] INFO  com.demoblaze.automation.utils.LoggerUtil - Quitting driver
17:42:41.999 [main] INFO  com.demoblaze.automation.utils.LoggerUtil - Driver quit successfully
17:42:41.999 [main] INFO  com.demoblaze.automation.utils.LoggerUtil - Test teardown completed
17:42:41.999 [main] INFO  com.demoblaze.automation.utils.LoggerUtil - ============================================
17:42:42.000 [main] INFO  com.demoblaze.automation.utils.LoggerUtil - ============================================
17:42:42.000 [main] INFO  com.demoblaze.automation.utils.LoggerUtil - Starting test setup for browser: chrome
17:42:42.000 [main] INFO  com.demoblaze.automation.utils.LoggerUtil - Initializing chrome driver
17:42:42.710 [main] INFO  com.demoblaze.automation.utils.LoggerUtil - Chrome browser initialized
17:42:42.724 [main] INFO  com.demoblaze.automation.utils.LoggerUtil - Driver initialized successfully
17:42:43.980 [main] INFO  com.demoblaze.automation.utils.LoggerUtil - HomePage initialized
17:42:43.981 [main] INFO  com.demoblaze.automation.utils.LoggerUtil - LoginPage initialized
17:42:43.981 [main] INFO  com.demoblaze.automation.utils.LoggerUtil - SignUpPage initialized
17:42:43.981 [main] INFO  com.demoblaze.automation.utils.LoggerUtil - ProductPage initialized
17:42:43.982 [main] INFO  com.demoblaze.automation.utils.LoggerUtil - CartPage initialized
17:42:43.982 [main] INFO  com.demoblaze.automation.utils.LoggerUtil - CheckoutPage initialized
17:42:43.982 [main] INFO  com.demoblaze.automation.utils.LoggerUtil - Test setup completed successfully
17:42:43.982 [main] INFO  com.demoblaze.automation.utils.LoggerUtil - ============================================
17:42:43.983 [main] INFO  com.demoblaze.automation.utils.LoggerUtil - ========================================
17:42:43.983 [main] INFO  com.demoblaze.automation.utils.LoggerUtil - STARTING TEST: testSelectSpecificProduct
17:42:43.983 [main] INFO  com.demoblaze.automation.utils.LoggerUtil - Description: Test selecting a specific product
17:42:43.983 [main] INFO  com.demoblaze.automation.utils.LoggerUtil - ========================================
17:42:43.984 [main] INFO  com.demoblaze.automation.utils.LoggerUtil - Test: Select specific product
17:42:45.091 [main] INFO  com.demoblaze.automation.utils.LoggerUtil - Clicked on element: [[ChromeDriver: chrome on windows (d7465e021d29fea5ae1a74ff80d09d48)] -> link text: Phones]
17:42:45.091 [main] INFO  com.demoblaze.automation.utils.LoggerUtil - Selected category: Phones
17:42:48.920 [main] INFO  com.demoblaze.automation.utils.LoggerUtil - Clicked on element: [[ChromeDriver: chrome on windows (d7465e021d29fea5ae1a74ff80d09d48)] -> link text: Samsung galaxy s6]
17:42:48.920 [main] INFO  com.demoblaze.automation.utils.LoggerUtil - Selected product: Samsung galaxy s6
17:42:49.949 [main] INFO  com.demoblaze.automation.utils.LoggerUtil - Retrieved text: Samsung galaxy s6
17:42:49.949 [main] INFO  com.demoblaze.automation.utils.LoggerUtil - Product name: Samsung galaxy s6
17:42:49.950 [main] INFO  com.demoblaze.automation.utils.LoggerUtil - ✓ TEST PASSED: testSelectSpecificProduct
17:42:49.950 [main] INFO  com.demoblaze.automation.utils.LoggerUtil - Execution Time: 5967 ms
]]></system-out>
    <system-err><![CDATA[Oct 08, 2025 5:42:42 PM org.openqa.selenium.devtools.CdpVersionFinder findNearestMatch
WARNING: Unable to find CDP implementation matching 141
Oct 08, 2025 5:42:42 PM org.openqa.selenium.chromium.ChromiumDriver lambda$new$5
WARNING: Unable to find version of CDP to use for 141.0.7390.54. You may need to include a dependency on a specific version of the CDP using something similar to `org.seleniumhq.selenium:selenium-devtools-v86:4.15.0` where the version ("v86") matches the version of the chromium-based browser you're using and the version number of the artifact is the same as Selenium's.
]]></system-err>
  </testcase>
  <testcase name="testProductDetailsDisplay" classname="com.demoblaze.automation.tests.ProductSearchTests" time="6.039">
    <system-out><![CDATA[17:42:49.950 [main] INFO  com.demoblaze.automation.utils.LoggerUtil - ============================================
17:42:49.950 [main] INFO  com.demoblaze.automation.utils.LoggerUtil - Starting test teardown
17:42:49.953 [main] INFO  com.demoblaze.automation.utils.LoggerUtil - Quitting driver
17:42:50.200 [main] INFO  com.demoblaze.automation.utils.LoggerUtil - Driver quit successfully
17:42:50.201 [main] INFO  com.demoblaze.automation.utils.LoggerUtil - Test teardown completed
17:42:50.201 [main] INFO  com.demoblaze.automation.utils.LoggerUtil - ============================================
17:42:50.202 [main] INFO  com.demoblaze.automation.utils.LoggerUtil - ============================================
17:42:50.202 [main] INFO  com.demoblaze.automation.utils.LoggerUtil - Starting test setup for browser: chrome
17:42:50.202 [main] INFO  com.demoblaze.automation.utils.LoggerUtil - Initializing chrome driver
17:42:50.931 [main] INFO  com.demoblaze.automation.utils.LoggerUtil - Chrome browser initialized
17:42:50.948 [main] INFO  com.demoblaze.automation.utils.LoggerUtil - Driver initialized successfully
17:42:52.267 [main] INFO  com.demoblaze.automation.utils.LoggerUtil - HomePage initialized
17:42:52.267 [main] INFO  com.demoblaze.automation.utils.LoggerUtil - LoginPage initialized
17:42:52.268 [main] INFO  com.demoblaze.automation.utils.LoggerUtil - SignUpPage initialized
17:42:52.268 [main] INFO  com.demoblaze.automation.utils.LoggerUtil - ProductPage initialized
17:42:52.268 [main] INFO  com.demoblaze.automation.utils.LoggerUtil - CartPage initialized
17:42:52.269 [main] INFO  com.demoblaze.automation.utils.LoggerUtil - CheckoutPage initialized
17:42:52.269 [main] INFO  com.demoblaze.automation.utils.LoggerUtil - Test setup completed successfully
17:42:52.269 [main] INFO  com.demoblaze.automation.utils.LoggerUtil - ============================================
17:42:52.270 [main] INFO  com.demoblaze.automation.utils.LoggerUtil - ========================================
17:42:52.270 [main] INFO  com.demoblaze.automation.utils.LoggerUtil - STARTING TEST: testProductDetailsDisplay
17:42:52.270 [main] INFO  com.demoblaze.automation.utils.LoggerUtil - Description: Test product details display
17:42:52.270 [main] INFO  com.demoblaze.automation.utils.LoggerUtil - ========================================
17:42:52.271 [main] INFO  com.demoblaze.automation.utils.LoggerUtil - Test: Product details display
17:42:53.389 [main] INFO  com.demoblaze.automation.utils.LoggerUtil - Clicked on element: [[ChromeDriver: chrome on windows (e60ee4e2c2d5387a22ae8c19e278ab57)] -> link text: Phones]
17:42:53.390 [main] INFO  com.demoblaze.automation.utils.LoggerUtil - Selected category: Phones
17:42:57.234 [main] INFO  com.demoblaze.automation.utils.LoggerUtil - Clicked on element: [[ChromeDriver: chrome on windows (e60ee4e2c2d5387a22ae8c19e278ab57)] -> link text: Samsung galaxy s6]
17:42:57.236 [main] INFO  com.demoblaze.automation.utils.LoggerUtil - Selected product: Samsung galaxy s6
17:42:58.284 [main] INFO  com.demoblaze.automation.utils.LoggerUtil - Retrieved text: Samsung galaxy s6
17:42:58.310 [main] INFO  com.demoblaze.automation.utils.LoggerUtil - Retrieved text: $360 *includes tax
17:42:58.311 [main] INFO  com.demoblaze.automation.utils.LoggerUtil - Product Name: Samsung galaxy s6
17:42:58.311 [main] INFO  com.demoblaze.automation.utils.LoggerUtil - Product Price: $360
17:42:58.311 [main] INFO  com.demoblaze.automation.utils.LoggerUtil - ✓ TEST PASSED: testProductDetailsDisplay
17:42:58.311 [main] INFO  com.demoblaze.automation.utils.LoggerUtil - Execution Time: 6041 ms
]]></system-out>
    <system-err><![CDATA[Oct 08, 2025 5:42:50 PM org.openqa.selenium.devtools.CdpVersionFinder findNearestMatch
WARNING: Unable to find CDP implementation matching 141
Oct 08, 2025 5:42:50 PM org.openqa.selenium.chromium.ChromiumDriver lambda$new$5
WARNING: Unable to find version of CDP to use for 141.0.7390.54. You may need to include a dependency on a specific version of the CDP using something similar to `org.seleniumhq.selenium:selenium-devtools-v86:4.15.0` where the version ("v86") matches the version of the chromium-based browser you're using and the version number of the artifact is the same as Selenium's.
]]></system-err>
  </testcase>
  <testcase name="testAddProductToCart" classname="com.demoblaze.automation.tests.CartTests" time="6.806">
    <system-out><![CDATA[17:42:58.311 [main] INFO  com.demoblaze.automation.utils.LoggerUtil - ============================================
17:42:58.311 [main] INFO  com.demoblaze.automation.utils.LoggerUtil - Starting test teardown
17:42:58.315 [main] INFO  com.demoblaze.automation.utils.LoggerUtil - Quitting driver
17:42:58.497 [main] INFO  com.demoblaze.automation.utils.LoggerUtil - Driver quit successfully
17:42:58.497 [main] INFO  com.demoblaze.automation.utils.LoggerUtil - Test teardown completed
17:42:58.497 [main] INFO  com.demoblaze.automation.utils.LoggerUtil - ============================================
17:42:58.500 [main] INFO  com.demoblaze.automation.utils.LoggerUtil - ============================================
17:42:58.500 [main] INFO  com.demoblaze.automation.utils.LoggerUtil - Starting test setup for browser: chrome
17:42:58.500 [main] INFO  com.demoblaze.automation.utils.LoggerUtil - Initializing chrome driver
17:42:59.214 [main] INFO  com.demoblaze.automation.utils.LoggerUtil - Chrome browser initialized
17:42:59.233 [main] INFO  com.demoblaze.automation.utils.LoggerUtil - Driver initialized successfully
17:43:01.600 [main] INFO  com.demoblaze.automation.utils.LoggerUtil - HomePage initialized
17:43:01.600 [main] INFO  com.demoblaze.automation.utils.LoggerUtil - LoginPage initialized
17:43:01.600 [main] INFO  com.demoblaze.automation.utils.LoggerUtil - SignUpPage initialized
17:43:01.601 [main] INFO  com.demoblaze.automation.utils.LoggerUtil - ProductPage initialized
17:43:01.601 [main] INFO  com.demoblaze.automation.utils.LoggerUtil - CartPage initialized
17:43:01.601 [main] INFO  com.demoblaze.automation.utils.LoggerUtil - CheckoutPage initialized
17:43:01.601 [main] INFO  com.demoblaze.automation.utils.LoggerUtil - Test setup completed successfully
17:43:01.602 [main] INFO  com.demoblaze.automation.utils.LoggerUtil - ============================================
17:43:01.603 [main] INFO  com.demoblaze.automation.utils.LoggerUtil - ========================================
17:43:01.603 [main] INFO  com.demoblaze.automation.utils.LoggerUtil - STARTING TEST: testAddProductToCart
17:43:01.603 [main] INFO  com.demoblaze.automation.utils.LoggerUtil - Description: Test adding product to cart
17:43:01.603 [main] INFO  com.demoblaze.automation.utils.LoggerUtil - ========================================
17:43:01.603 [main] INFO  com.demoblaze.automation.utils.LoggerUtil - Test: Add product to cart
17:43:02.722 [main] INFO  com.demoblaze.automation.utils.LoggerUtil - Clicked on element: [[ChromeDriver: chrome on windows (5c01917fc3de3d75122d92e894b8af74)] -> link text: Phones]
17:43:02.723 [main] INFO  com.demoblaze.automation.utils.LoggerUtil - Selected category: Phones
17:43:06.586 [main] INFO  com.demoblaze.automation.utils.LoggerUtil - Clicked on element: [[ChromeDriver: chrome on windows (5c01917fc3de3d75122d92e894b8af74)] -> link text: Samsung galaxy s6]
17:43:06.587 [main] INFO  com.demoblaze.automation.utils.LoggerUtil - Selected product: Samsung galaxy s6
17:43:07.386 [main] INFO  com.demoblaze.automation.utils.LoggerUtil - Clicked on element: [[ChromeDriver: chrome on windows (5c01917fc3de3d75122d92e894b8af74)] -> xpath: //a[contains(text(),'Add to cart')]]
17:43:07.387 [main] INFO  com.demoblaze.automation.utils.LoggerUtil - Clicked Add to Cart button
17:43:08.397 [main] INFO  com.demoblaze.automation.utils.LoggerUtil - Alert text: Product added
17:43:08.398 [main] INFO  com.demoblaze.automation.utils.LoggerUtil - Alert: Product added
17:43:08.402 [main] INFO  com.demoblaze.automation.utils.LoggerUtil - Alert text: Product added
17:43:08.408 [main] INFO  com.demoblaze.automation.utils.LoggerUtil - ✓ TEST PASSED: testAddProductToCart
17:43:08.408 [main] INFO  com.demoblaze.automation.utils.LoggerUtil - Execution Time: 6806 ms
]]></system-out>
    <system-err><![CDATA[Oct 08, 2025 5:42:59 PM org.openqa.selenium.devtools.CdpVersionFinder findNearestMatch
WARNING: Unable to find CDP implementation matching 141
Oct 08, 2025 5:42:59 PM org.openqa.selenium.chromium.ChromiumDriver lambda$new$5
WARNING: Unable to find version of CDP to use for 141.0.7390.54. You may need to include a dependency on a specific version of the CDP using something similar to `org.seleniumhq.selenium:selenium-devtools-v86:4.15.0` where the version ("v86") matches the version of the chromium-based browser you're using and the version number of the artifact is the same as Selenium's.
]]></system-err>
  </testcase>
  <testcase name="testViewCartAfterAddingProduct" classname="com.demoblaze.automation.tests.CartTests" time="44.355">
    <system-out><![CDATA[17:43:08.409 [main] INFO  com.demoblaze.automation.utils.LoggerUtil - ============================================
17:43:08.409 [main] INFO  com.demoblaze.automation.utils.LoggerUtil - Starting test teardown
17:43:08.415 [main] INFO  com.demoblaze.automation.utils.LoggerUtil - Quitting driver
17:43:08.608 [main] INFO  com.demoblaze.automation.utils.LoggerUtil - Driver quit successfully
17:43:08.609 [main] INFO  com.demoblaze.automation.utils.LoggerUtil - Test teardown completed
17:43:08.609 [main] INFO  com.demoblaze.automation.utils.LoggerUtil - ============================================
17:43:08.609 [main] INFO  com.demoblaze.automation.utils.LoggerUtil - ============================================
17:43:08.609 [main] INFO  com.demoblaze.automation.utils.LoggerUtil - Starting test setup for browser: chrome
17:43:08.609 [main] INFO  com.demoblaze.automation.utils.LoggerUtil - Initializing chrome driver
17:43:09.325 [main] INFO  com.demoblaze.automation.utils.LoggerUtil - Chrome browser initialized
17:43:09.344 [main] INFO  com.demoblaze.automation.utils.LoggerUtil - Driver initialized successfully
17:43:11.083 [main] INFO  com.demoblaze.automation.utils.LoggerUtil - HomePage initialized
17:43:11.083 [main] INFO  com.demoblaze.automation.utils.LoggerUtil - LoginPage initialized
17:43:11.083 [main] INFO  com.demoblaze.automation.utils.LoggerUtil - SignUpPage initialized
17:43:11.083 [main] INFO  com.demoblaze.automation.utils.LoggerUtil - ProductPage initialized
17:43:11.084 [main] INFO  com.demoblaze.automation.utils.LoggerUtil - CartPage initialized
17:43:11.084 [main] INFO  com.demoblaze.automation.utils.LoggerUtil - CheckoutPage initialized
17:43:11.084 [main] INFO  com.demoblaze.automation.utils.LoggerUtil - Test setup completed successfully
17:43:11.084 [main] INFO  com.demoblaze.automation.utils.LoggerUtil - ============================================
17:43:11.084 [main] INFO  com.demoblaze.automation.utils.LoggerUtil - ========================================
17:43:11.084 [main] INFO  com.demoblaze.automation.utils.LoggerUtil - STARTING TEST: testViewCartAfterAddingProduct
17:43:11.085 [main] INFO  com.demoblaze.automation.utils.LoggerUtil - Description: Test viewing cart after adding product
17:43:11.085 [main] INFO  com.demoblaze.automation.utils.LoggerUtil - ========================================
17:43:11.085 [main] INFO  com.demoblaze.automation.utils.LoggerUtil - Test: View cart after adding product
17:43:12.261 [main] INFO  com.demoblaze.automation.utils.LoggerUtil - Clicked on element: [[ChromeDriver: chrome on windows (991244ec64956bf425814c01bf83a7f0)] -> link text: Phones]
17:43:12.262 [main] INFO  com.demoblaze.automation.utils.LoggerUtil - Selected category: Phones
17:43:16.165 [main] INFO  com.demoblaze.automation.utils.LoggerUtil - Clicked on element: [[ChromeDriver: chrome on windows (991244ec64956bf425814c01bf83a7f0)] -> link text: Samsung galaxy s6]
17:43:16.165 [main] INFO  com.demoblaze.automation.utils.LoggerUtil - Selected product: Samsung galaxy s6
17:43:17.017 [main] INFO  com.demoblaze.automation.utils.LoggerUtil - Clicked on element: [[ChromeDriver: chrome on windows (991244ec64956bf425814c01bf83a7f0)] -> xpath: //a[contains(text(),'Add to cart')]]
17:43:17.017 [main] INFO  com.demoblaze.automation.utils.LoggerUtil - Clicked Add to Cart button
17:43:18.023 [main] INFO  com.demoblaze.automation.utils.LoggerUtil - Alert text: Product added
17:43:40.639 [main] ERROR com.demoblaze.automation.utils.LoggerUtil - Element not clickable: By.linkText: Home
17:43:40.639 [main] WARN  com.demoblaze.automation.utils.LoggerUtil - Could not click Home link, trying alternative method
17:43:43.505 [main] INFO  com.demoblaze.automation.utils.LoggerUtil - Navigated to home page using JavaScript
17:43:54.412 [main] INFO  com.demoblaze.automation.utils.LoggerUtil - Clicked on element: Proxy element for: DefaultElementLocator 'By.id: cartur'
17:43:54.413 [main] INFO  com.demoblaze.automation.utils.LoggerUtil - Clicked on Cart link
17:43:55.438 [main] INFO  com.demoblaze.automation.utils.LoggerUtil - Cart item count: 1
17:43:55.439 [main] INFO  com.demoblaze.automation.utils.LoggerUtil - ✓ TEST PASSED: testViewCartAfterAddingProduct
17:43:55.439 [main] INFO  com.demoblaze.automation.utils.LoggerUtil - Execution Time: 44355 ms
]]></system-out>
    <system-err><![CDATA[Oct 08, 2025 5:43:09 PM org.openqa.selenium.devtools.CdpVersionFinder findNearestMatch
WARNING: Unable to find CDP implementation matching 141
Oct 08, 2025 5:43:09 PM org.openqa.selenium.chromium.ChromiumDriver lambda$new$5
WARNING: Unable to find version of CDP to use for 141.0.7390.54. You may need to include a dependency on a specific version of the CDP using something similar to `org.seleniumhq.selenium:selenium-devtools-v86:4.15.0` where the version ("v86") matches the version of the chromium-based browser you're using and the version number of the artifact is the same as Selenium's.
]]></system-err>
  </testcase>
  <testcase name="testRemoveProductFromCart" classname="com.demoblaze.automation.tests.CartTests" time="40.125">
    <failure message="element click intercepted: Element &lt;a href=&quot;#&quot; onclick=&quot;deleteItem(&apos;b3b255d5-c3d1-521c-64fa-d1cd93860109&apos;)&quot;&gt;...&lt;/a&gt; is not clickable at point (745, 203). Other element would receive the click: &lt;input type=&quot;text&quot; class=&quot;form-control&quot; id=&quot;name&quot;&gt;&#10;  (Session info: chrome=141.0.7390.54)&#10;Build info: version: &apos;4.15.0&apos;, revision: &apos;1d14b5521b&apos;&#10;System info: os.name: &apos;Windows 11&apos;, os.arch: &apos;amd64&apos;, os.version: &apos;10.0&apos;, java.version: &apos;23.0.1&apos;&#10;Driver info: org.openqa.selenium.chrome.ChromeDriver&#10;Command: [cebf0c902a3f4e3c2adf15169d5a9cb4, clickElement {id=f.F24E2BF7867D01216D31D6CDB7EDCF41.d.55D46DE83FF43693BF6DFF6CFAC366BE.e.269}]&#10;Capabilities {acceptInsecureCerts: false, browserName: chrome, browserVersion: 141.0.7390.54, chrome: {chromedriverVersion: 141.0.7390.65 (b2ec783d2b51..., userDataDir: C:\Users\visha\AppData\Loca...}, fedcm:accounts: true, goog:chromeOptions: {debuggerAddress: localhost:54314}, networkConnectionEnabled: false, pageLoadStrategy: normal, platformName: windows, proxy: Proxy(), se:cdp: ws://localhost:54314/devtoo..., se:cdpVersion: 141.0.7390.54, setWindowRect: true, strictFileInteractability: false, timeouts: {implicit: 0, pageLoad: 300000, script: 30000}, unhandledPromptBehavior: dismiss and notify, webauthn:extension:credBlob: true, webauthn:extension:largeBlob: true, webauthn:extension:minPinLength: true, webauthn:extension:prf: true, webauthn:virtualAuthenticators: true}&#10;Element: [[ChromeDriver: chrome on windows (cebf0c902a3f4e3c2adf15169d5a9cb4)] -&gt; xpath: //a[contains(text(),&apos;Delete&apos;)]]&#10;Session ID: cebf0c902a3f4e3c2adf15169d5a9cb4" type="org.openqa.selenium.ElementClickInterceptedException"><![CDATA[org.openqa.selenium.ElementClickInterceptedException: 
element click intercepted: Element <a href="#" onclick="deleteItem('b3b255d5-c3d1-521c-64fa-d1cd93860109')">...</a> is not clickable at point (745, 203). Other element would receive the click: <input type="text" class="form-control" id="name">
  (Session info: chrome=141.0.7390.54)
Build info: version: '4.15.0', revision: '1d14b5521b'
System info: os.name: 'Windows 11', os.arch: 'amd64', os.version: '10.0', java.version: '23.0.1'
Driver info: org.openqa.selenium.chrome.ChromeDriver
Command: [cebf0c902a3f4e3c2adf15169d5a9cb4, clickElement {id=f.F24E2BF7867D01216D31D6CDB7EDCF41.d.55D46DE83FF43693BF6DFF6CFAC366BE.e.269}]
Capabilities {acceptInsecureCerts: false, browserName: chrome, browserVersion: 141.0.7390.54, chrome: {chromedriverVersion: 141.0.7390.65 (b2ec783d2b51..., userDataDir: C:\Users\visha\AppData\Loca...}, fedcm:accounts: true, goog:chromeOptions: {debuggerAddress: localhost:54314}, networkConnectionEnabled: false, pageLoadStrategy: normal, platformName: windows, proxy: Proxy(), se:cdp: ws://localhost:54314/devtoo..., se:cdpVersion: 141.0.7390.54, setWindowRect: true, strictFileInteractability: false, timeouts: {implicit: 0, pageLoad: 300000, script: 30000}, unhandledPromptBehavior: dismiss and notify, webauthn:extension:credBlob: true, webauthn:extension:largeBlob: true, webauthn:extension:minPinLength: true, webauthn:extension:prf: true, webauthn:virtualAuthenticators: true}
Element: [[ChromeDriver: chrome on windows (cebf0c902a3f4e3c2adf15169d5a9cb4)] -> xpath: //a[contains(text(),'Delete')]]
Session ID: cebf0c902a3f4e3c2adf15169d5a9cb4
	at java.base/jdk.internal.reflect.DirectConstructorHandleAccessor.newInstance(DirectConstructorHandleAccessor.java:62)
	at java.base/java.lang.reflect.Constructor.newInstanceWithCaller(Constructor.java:501)
	at java.base/java.lang.reflect.Constructor.newInstance(Constructor.java:485)
	at org.openqa.selenium.remote.codec.w3c.W3CHttpResponseCodec.createException(W3CHttpResponseCodec.java:200)
	at org.openqa.selenium.remote.codec.w3c.W3CHttpResponseCodec.decode(W3CHttpResponseCodec.java:133)
	at org.openqa.selenium.remote.codec.w3c.W3CHttpResponseCodec.decode(W3CHttpResponseCodec.java:52)
	at org.openqa.selenium.remote.HttpCommandExecutor.execute(HttpCommandExecutor.java:191)
	at org.openqa.selenium.remote.service.DriverCommandExecutor.invokeExecute(DriverCommandExecutor.java:200)
	at org.openqa.selenium.remote.service.DriverCommandExecutor.execute(DriverCommandExecutor.java:175)
	at org.openqa.selenium.remote.RemoteWebDriver.execute(RemoteWebDriver.java:607)
	at org.openqa.selenium.remote.RemoteWebElement.execute(RemoteWebElement.java:224)
	at org.openqa.selenium.remote.RemoteWebElement.click(RemoteWebElement.java:77)
	at com.demoblaze.automation.pages.BasePage.click(BasePage.java:32)
	at com.demoblaze.automation.pages.CartPage.deleteFirstItem(CartPage.java:86)
	at com.demoblaze.automation.tests.CartTests.testRemoveProductFromCart(CartTests.java:73)
	at java.base/jdk.internal.reflect.DirectMethodHandleAccessor.invoke(DirectMethodHandleAccessor.java:103)
	at java.base/java.lang.reflect.Method.invoke(Method.java:580)
	at org.testng.internal.invokers.MethodInvocationHelper.invokeMethod(MethodInvocationHelper.java:139)
	at org.testng.internal.invokers.TestInvoker.invokeMethod(TestInvoker.java:664)
	at org.testng.internal.invokers.TestInvoker.invokeTestMethod(TestInvoker.java:227)
	at org.testng.internal.invokers.MethodRunner.runInSequence(MethodRunner.java:50)
	at org.testng.internal.invokers.TestInvoker$MethodInvocationAgent.invoke(TestInvoker.java:957)
	at org.testng.internal.invokers.TestInvoker.invokeTestMethods(TestInvoker.java:200)
	at org.testng.internal.invokers.TestMethodWorker.invokeTestMethods(TestMethodWorker.java:148)
	at org.testng.internal.invokers.TestMethodWorker.run(TestMethodWorker.java:128)
	at java.base/java.util.ArrayList.forEach(ArrayList.java:1597)
	at org.testng.TestRunner.privateRun(TestRunner.java:848)
	at org.testng.TestRunner.run(TestRunner.java:621)
	at org.testng.SuiteRunner.runTest(SuiteRunner.java:443)
	at org.testng.SuiteRunner.runSequentially(SuiteRunner.java:437)
	at org.testng.SuiteRunner.privateRun(SuiteRunner.java:397)
	at org.testng.SuiteRunner.run(SuiteRunner.java:336)
	at org.testng.SuiteRunnerWorker.runSuite(SuiteRunnerWorker.java:52)
	at org.testng.SuiteRunnerWorker.run(SuiteRunnerWorker.java:95)
	at org.testng.TestNG.runSuitesSequentially(TestNG.java:1280)
	at org.testng.TestNG.runSuitesLocally(TestNG.java:1200)
	at org.testng.TestNG.runSuites(TestNG.java:1114)
	at org.testng.TestNG.run(TestNG.java:1082)
	at org.apache.maven.surefire.testng.TestNGExecutor.run(TestNGExecutor.java:308)
	at org.apache.maven.surefire.testng.TestNGXmlTestSuite.execute(TestNGXmlTestSuite.java:71)
	at org.apache.maven.surefire.testng.TestNGProvider.invoke(TestNGProvider.java:113)
	at org.apache.maven.surefire.booter.ForkedBooter.runSuitesInProcess(ForkedBooter.java:385)
	at org.apache.maven.surefire.booter.ForkedBooter.execute(ForkedBooter.java:162)
	at org.apache.maven.surefire.booter.ForkedBooter.run(ForkedBooter.java:507)
	at org.apache.maven.surefire.booter.ForkedBooter.main(ForkedBooter.java:495)
]]></failure>
    <system-out><![CDATA[17:43:55.439 [main] INFO  com.demoblaze.automation.utils.LoggerUtil - ============================================
17:43:55.439 [main] INFO  com.demoblaze.automation.utils.LoggerUtil - Starting test teardown
17:43:55.444 [main] INFO  com.demoblaze.automation.utils.LoggerUtil - Quitting driver
17:43:55.682 [main] INFO  com.demoblaze.automation.utils.LoggerUtil - Driver quit successfully
17:43:55.683 [main] INFO  com.demoblaze.automation.utils.LoggerUtil - Test teardown completed
17:43:55.683 [main] INFO  com.demoblaze.automation.utils.LoggerUtil - ============================================
17:43:55.684 [main] INFO  com.demoblaze.automation.utils.LoggerUtil - ============================================
17:43:55.684 [main] INFO  com.demoblaze.automation.utils.LoggerUtil - Starting test setup for browser: chrome
17:43:55.684 [main] INFO  com.demoblaze.automation.utils.LoggerUtil - Initializing chrome driver
17:43:56.404 [main] INFO  com.demoblaze.automation.utils.LoggerUtil - Chrome browser initialized
17:43:56.421 [main] INFO  com.demoblaze.automation.utils.LoggerUtil - Driver initialized successfully
17:43:58.246 [main] INFO  com.demoblaze.automation.utils.LoggerUtil - HomePage initialized
17:43:58.246 [main] INFO  com.demoblaze.automation.utils.LoggerUtil - LoginPage initialized
17:43:58.246 [main] INFO  com.demoblaze.automation.utils.LoggerUtil - SignUpPage initialized
17:43:58.246 [main] INFO  com.demoblaze.automation.utils.LoggerUtil - ProductPage initialized
17:43:58.246 [main] INFO  com.demoblaze.automation.utils.LoggerUtil - CartPage initialized
17:43:58.246 [main] INFO  com.demoblaze.automation.utils.LoggerUtil - CheckoutPage initialized
17:43:58.246 [main] INFO  com.demoblaze.automation.utils.LoggerUtil - Test setup completed successfully
17:43:58.246 [main] INFO  com.demoblaze.automation.utils.LoggerUtil - ============================================
17:43:58.247 [main] INFO  com.demoblaze.automation.utils.LoggerUtil - ========================================
17:43:58.247 [main] INFO  com.demoblaze.automation.utils.LoggerUtil - STARTING TEST: testRemoveProductFromCart
17:43:58.247 [main] INFO  com.demoblaze.automation.utils.LoggerUtil - Description: Test removing product from cart
17:43:58.247 [main] INFO  com.demoblaze.automation.utils.LoggerUtil - ========================================
17:43:58.247 [main] INFO  com.demoblaze.automation.utils.LoggerUtil - Test: Remove product from cart
17:43:59.356 [main] INFO  com.demoblaze.automation.utils.LoggerUtil - Clicked on element: [[ChromeDriver: chrome on windows (cebf0c902a3f4e3c2adf15169d5a9cb4)] -> link text: Phones]
17:43:59.357 [main] INFO  com.demoblaze.automation.utils.LoggerUtil - Selected category: Phones
17:44:03.197 [main] INFO  com.demoblaze.automation.utils.LoggerUtil - Clicked on element: [[ChromeDriver: chrome on windows (cebf0c902a3f4e3c2adf15169d5a9cb4)] -> link text: Samsung galaxy s6]
17:44:03.197 [main] INFO  com.demoblaze.automation.utils.LoggerUtil - Selected product: Samsung galaxy s6
17:44:04.078 [main] INFO  com.demoblaze.automation.utils.LoggerUtil - Clicked on element: [[ChromeDriver: chrome on windows (cebf0c902a3f4e3c2adf15169d5a9cb4)] -> xpath: //a[contains(text(),'Add to cart')]]
17:44:04.078 [main] INFO  com.demoblaze.automation.utils.LoggerUtil - Clicked Add to Cart button
17:44:05.098 [main] INFO  com.demoblaze.automation.utils.LoggerUtil - Alert text: Product added
17:44:22.216 [main] WARN  com.demoblaze.automation.utils.LoggerUtil - Could not click Home link, trying alternative method
17:44:24.969 [main] INFO  com.demoblaze.automation.utils.LoggerUtil - Navigated to home page using JavaScript
17:44:35.970 [main] INFO  com.demoblaze.automation.utils.LoggerUtil - Clicked on element: Proxy element for: DefaultElementLocator 'By.id: cartur'
17:44:35.970 [main] INFO  com.demoblaze.automation.utils.LoggerUtil - Clicked on Cart link
17:44:36.995 [main] INFO  com.demoblaze.automation.utils.LoggerUtil - Initial cart count: 2
17:44:38.100 [main] ERROR com.demoblaze.automation.utils.LoggerUtil - Failed to click element
org.openqa.selenium.ElementClickInterceptedException: element click intercepted: Element <a href="#" onclick="deleteItem('b3b255d5-c3d1-521c-64fa-d1cd93860109')">...</a> is not clickable at point (745, 203). Other element would receive the click: <input type="text" class="form-control" id="name">
  (Session info: chrome=141.0.7390.54)
Build info: version: '4.15.0', revision: '1d14b5521b'
System info: os.name: 'Windows 11', os.arch: 'amd64', os.version: '10.0', java.version: '23.0.1'
Driver info: org.openqa.selenium.chrome.ChromeDriver
Command: [cebf0c902a3f4e3c2adf15169d5a9cb4, clickElement {id=f.F24E2BF7867D01216D31D6CDB7EDCF41.d.55D46DE83FF43693BF6DFF6CFAC366BE.e.269}]
Capabilities {acceptInsecureCerts: false, browserName: chrome, browserVersion: 141.0.7390.54, chrome: {chromedriverVersion: 141.0.7390.65 (b2ec783d2b51..., userDataDir: C:\Users\visha\AppData\Loca...}, fedcm:accounts: true, goog:chromeOptions: {debuggerAddress: localhost:54314}, networkConnectionEnabled: false, pageLoadStrategy: normal, platformName: windows, proxy: Proxy(), se:cdp: ws://localhost:54314/devtoo..., se:cdpVersion: 141.0.7390.54, setWindowRect: true, strictFileInteractability: false, timeouts: {implicit: 0, pageLoad: 300000, script: 30000}, unhandledPromptBehavior: dismiss and notify, webauthn:extension:credBlob: true, webauthn:extension:largeBlob: true, webauthn:extension:minPinLength: true, webauthn:extension:prf: true, webauthn:virtualAuthenticators: true}
Element: [[ChromeDriver: chrome on windows (cebf0c902a3f4e3c2adf15169d5a9cb4)] -> xpath: //a[contains(text(),'Delete')]]
Session ID: cebf0c902a3f4e3c2adf15169d5a9cb4
	at java.base/jdk.internal.reflect.DirectConstructorHandleAccessor.newInstance(DirectConstructorHandleAccessor.java:62) ~[?:?]
	at java.base/java.lang.reflect.Constructor.newInstanceWithCaller(Constructor.java:501) ~[?:?]
	at java.base/java.lang.reflect.Constructor.newInstance(Constructor.java:485) ~[?:?]
	at org.openqa.selenium.remote.codec.w3c.W3CHttpResponseCodec.createException(W3CHttpResponseCodec.java:200) ~[selenium-remote-driver-4.15.0.jar:?]
	at org.openqa.selenium.remote.codec.w3c.W3CHttpResponseCodec.decode(W3CHttpResponseCodec.java:133) ~[selenium-remote-driver-4.15.0.jar:?]
	at org.openqa.selenium.remote.codec.w3c.W3CHttpResponseCodec.decode(W3CHttpResponseCodec.java:52) ~[selenium-remote-driver-4.15.0.jar:?]
	at org.openqa.selenium.remote.HttpCommandExecutor.execute(HttpCommandExecutor.java:191) ~[selenium-remote-driver-4.15.0.jar:?]
	at org.openqa.selenium.remote.service.DriverCommandExecutor.invokeExecute(DriverCommandExecutor.java:200) ~[selenium-remote-driver-4.15.0.jar:?]
	at org.openqa.selenium.remote.service.DriverCommandExecutor.execute(DriverCommandExecutor.java:175) ~[selenium-remote-driver-4.15.0.jar:?]
	at org.openqa.selenium.remote.RemoteWebDriver.execute(RemoteWebDriver.java:607) ~[selenium-remote-driver-4.15.0.jar:?]
	at org.openqa.selenium.remote.RemoteWebElement.execute(RemoteWebElement.java:224) ~[selenium-remote-driver-4.15.0.jar:?]
	at org.openqa.selenium.remote.RemoteWebElement.click(RemoteWebElement.java:77) ~[selenium-remote-driver-4.15.0.jar:?]
	at com.demoblaze.automation.pages.BasePage.click(BasePage.java:32) ~[classes/:?]
	at com.demoblaze.automation.pages.CartPage.deleteFirstItem(CartPage.java:86) ~[classes/:?]
	at com.demoblaze.automation.tests.CartTests.testRemoveProductFromCart(CartTests.java:73) ~[test-classes/:?]
	at java.base/jdk.internal.reflect.DirectMethodHandleAccessor.invoke(DirectMethodHandleAccessor.java:103) ~[?:?]
	at java.base/java.lang.reflect.Method.invoke(Method.java:580) ~[?:?]
	at org.testng.internal.invokers.MethodInvocationHelper.invokeMethod(MethodInvocationHelper.java:139) ~[testng-7.8.0.jar:7.8.0]
	at org.testng.internal.invokers.TestInvoker.invokeMethod(TestInvoker.java:664) ~[testng-7.8.0.jar:7.8.0]
	at org.testng.internal.invokers.TestInvoker.invokeTestMethod(TestInvoker.java:227) ~[testng-7.8.0.jar:7.8.0]
	at org.testng.internal.invokers.MethodRunner.runInSequence(MethodRunner.java:50) ~[testng-7.8.0.jar:7.8.0]
	at org.testng.internal.invokers.TestInvoker$MethodInvocationAgent.invoke(TestInvoker.java:957) ~[testng-7.8.0.jar:7.8.0]
	at org.testng.internal.invokers.TestInvoker.invokeTestMethods(TestInvoker.java:200) ~[testng-7.8.0.jar:7.8.0]
	at org.testng.internal.invokers.TestMethodWorker.invokeTestMethods(TestMethodWorker.java:148) ~[testng-7.8.0.jar:7.8.0]
	at org.testng.internal.invokers.TestMethodWorker.run(TestMethodWorker.java:128) ~[testng-7.8.0.jar:7.8.0]
	at java.base/java.util.ArrayList.forEach(ArrayList.java:1597) [?:?]
	at org.testng.TestRunner.privateRun(TestRunner.java:848) [testng-7.8.0.jar:7.8.0]
	at org.testng.TestRunner.run(TestRunner.java:621) [testng-7.8.0.jar:7.8.0]
	at org.testng.SuiteRunner.runTest(SuiteRunner.java:443) [testng-7.8.0.jar:7.8.0]
	at org.testng.SuiteRunner.runSequentially(SuiteRunner.java:437) [testng-7.8.0.jar:7.8.0]
	at org.testng.SuiteRunner.privateRun(SuiteRunner.java:397) [testng-7.8.0.jar:7.8.0]
	at org.testng.SuiteRunner.run(SuiteRunner.java:336) [testng-7.8.0.jar:7.8.0]
	at org.testng.SuiteRunnerWorker.runSuite(SuiteRunnerWorker.java:52) [testng-7.8.0.jar:7.8.0]
	at org.testng.SuiteRunnerWorker.run(SuiteRunnerWorker.java:95) [testng-7.8.0.jar:7.8.0]
	at org.testng.TestNG.runSuitesSequentially(TestNG.java:1280) [testng-7.8.0.jar:7.8.0]
	at org.testng.TestNG.runSuitesLocally(TestNG.java:1200) [testng-7.8.0.jar:7.8.0]
	at org.testng.TestNG.runSuites(TestNG.java:1114) [testng-7.8.0.jar:7.8.0]
	at org.testng.TestNG.run(TestNG.java:1082) [testng-7.8.0.jar:7.8.0]
	at org.apache.maven.surefire.testng.TestNGExecutor.run(TestNGExecutor.java:308) [surefire-testng-3.2.2.jar:3.2.2]
	at org.apache.maven.surefire.testng.TestNGXmlTestSuite.execute(TestNGXmlTestSuite.java:71) [surefire-testng-3.2.2.jar:3.2.2]
	at org.apache.maven.surefire.testng.TestNGProvider.invoke(TestNGProvider.java:113) [surefire-testng-3.2.2.jar:3.2.2]
	at org.apache.maven.surefire.booter.ForkedBooter.runSuitesInProcess(ForkedBooter.java:385) [surefire-booter-3.2.2.jar:3.2.2]
	at org.apache.maven.surefire.booter.ForkedBooter.execute(ForkedBooter.java:162) [surefire-booter-3.2.2.jar:3.2.2]
	at org.apache.maven.surefire.booter.ForkedBooter.run(ForkedBooter.java:507) [surefire-booter-3.2.2.jar:3.2.2]
	at org.apache.maven.surefire.booter.ForkedBooter.main(ForkedBooter.java:495) [surefire-booter-3.2.2.jar:3.2.2]
17:44:38.115 [main] ERROR com.demoblaze.automation.utils.LoggerUtil - ✗ TEST FAILED: testRemoveProductFromCart
17:44:38.115 [main] ERROR com.demoblaze.automation.utils.LoggerUtil - Failure reason: org.openqa.selenium.ElementClickInterceptedException: element click intercepted: Element <a href="#" onclick="deleteItem('b3b255d5-c3d1-521c-64fa-d1cd93860109')">...</a> is not clickable at point (745, 203). Other element would receive the click: <input type="text" class="form-control" id="name">
  (Session info: chrome=141.0.7390.54)
Build info: version: '4.15.0', revision: '1d14b5521b'
System info: os.name: 'Windows 11', os.arch: 'amd64', os.version: '10.0', java.version: '23.0.1'
Driver info: org.openqa.selenium.chrome.ChromeDriver
Command: [cebf0c902a3f4e3c2adf15169d5a9cb4, clickElement {id=f.F24E2BF7867D01216D31D6CDB7EDCF41.d.55D46DE83FF43693BF6DFF6CFAC366BE.e.269}]
Capabilities {acceptInsecureCerts: false, browserName: chrome, browserVersion: 141.0.7390.54, chrome: {chromedriverVersion: 141.0.7390.65 (b2ec783d2b51..., userDataDir: C:\Users\visha\AppData\Loca...}, fedcm:accounts: true, goog:chromeOptions: {debuggerAddress: localhost:54314}, networkConnectionEnabled: false, pageLoadStrategy: normal, platformName: windows, proxy: Proxy(), se:cdp: ws://localhost:54314/devtoo..., se:cdpVersion: 141.0.7390.54, setWindowRect: true, strictFileInteractability: false, timeouts: {implicit: 0, pageLoad: 300000, script: 30000}, unhandledPromptBehavior: dismiss and notify, webauthn:extension:credBlob: true, webauthn:extension:largeBlob: true, webauthn:extension:minPinLength: true, webauthn:extension:prf: true, webauthn:virtualAuthenticators: true}
Element: [[ChromeDriver: chrome on windows (cebf0c902a3f4e3c2adf15169d5a9cb4)] -> xpath: //a[contains(text(),'Delete')]]
Session ID: cebf0c902a3f4e3c2adf15169d5a9cb4
17:44:38.369 [main] INFO  com.demoblaze.automation.utils.LoggerUtil - Screenshot captured: output/screenshots/testRemoveProductFromCart_20251008_174438.png
17:44:38.369 [main] INFO  com.demoblaze.automation.utils.LoggerUtil - Screenshot saved at: output/screenshots/testRemoveProductFromCart_20251008_174438.png
]]></system-out>
    <system-err><![CDATA[Oct 08, 2025 5:43:56 PM org.openqa.selenium.devtools.CdpVersionFinder findNearestMatch
WARNING: Unable to find CDP implementation matching 141
Oct 08, 2025 5:43:56 PM org.openqa.selenium.chromium.ChromiumDriver lambda$new$5
WARNING: Unable to find version of CDP to use for 141.0.7390.54. You may need to include a dependency on a specific version of the CDP using something similar to `org.seleniumhq.selenium:selenium-devtools-v86:4.15.0` where the version ("v86") matches the version of the chromium-based browser you're using and the version number of the artifact is the same as Selenium's.
]]></system-err>
  </testcase>
  <testcase name="testCartTotalPriceDisplay" classname="com.demoblaze.automation.tests.CartTests" time="44.167">
    <system-out><![CDATA[17:44:38.372 [main] INFO  com.demoblaze.automation.utils.LoggerUtil - ============================================
17:44:38.372 [main] INFO  com.demoblaze.automation.utils.LoggerUtil - Starting test teardown
17:44:38.376 [main] INFO  com.demoblaze.automation.utils.LoggerUtil - Quitting driver
17:44:38.563 [main] INFO  com.demoblaze.automation.utils.LoggerUtil - Driver quit successfully
17:44:38.564 [main] INFO  com.demoblaze.automation.utils.LoggerUtil - Test teardown completed
17:44:38.564 [main] INFO  com.demoblaze.automation.utils.LoggerUtil - ============================================
17:44:38.566 [main] INFO  com.demoblaze.automation.utils.LoggerUtil - ============================================
17:44:38.566 [main] INFO  com.demoblaze.automation.utils.LoggerUtil - Starting test setup for browser: chrome
17:44:38.566 [main] INFO  com.demoblaze.automation.utils.LoggerUtil - Initializing chrome driver
17:44:39.297 [main] INFO  com.demoblaze.automation.utils.LoggerUtil - Chrome browser initialized
17:44:39.317 [main] INFO  com.demoblaze.automation.utils.LoggerUtil - Driver initialized successfully
17:44:41.733 [main] INFO  com.demoblaze.automation.utils.LoggerUtil - HomePage initialized
17:44:41.734 [main] INFO  com.demoblaze.automation.utils.LoggerUtil - LoginPage initialized
17:44:41.734 [main] INFO  com.demoblaze.automation.utils.LoggerUtil - SignUpPage initialized
17:44:41.734 [main] INFO  com.demoblaze.automation.utils.LoggerUtil - ProductPage initialized
17:44:41.734 [main] INFO  com.demoblaze.automation.utils.LoggerUtil - CartPage initialized
17:44:41.734 [main] INFO  com.demoblaze.automation.utils.LoggerUtil - CheckoutPage initialized
17:44:41.734 [main] INFO  com.demoblaze.automation.utils.LoggerUtil - Test setup completed successfully
17:44:41.734 [main] INFO  com.demoblaze.automation.utils.LoggerUtil - ============================================
17:44:41.735 [main] INFO  com.demoblaze.automation.utils.LoggerUtil - ========================================
17:44:41.735 [main] INFO  com.demoblaze.automation.utils.LoggerUtil - STARTING TEST: testCartTotalPriceDisplay
17:44:41.735 [main] INFO  com.demoblaze.automation.utils.LoggerUtil - Description: Test cart total price display
17:44:41.735 [main] INFO  com.demoblaze.automation.utils.LoggerUtil - ========================================
17:44:41.735 [main] INFO  com.demoblaze.automation.utils.LoggerUtil - Test: Cart total price display
17:44:42.855 [main] INFO  com.demoblaze.automation.utils.LoggerUtil - Clicked on element: [[ChromeDriver: chrome on windows (012722255af9047a495626a6ce62699c)] -> link text: Phones]
17:44:42.855 [main] INFO  com.demoblaze.automation.utils.LoggerUtil - Selected category: Phones
17:44:46.687 [main] INFO  com.demoblaze.automation.utils.LoggerUtil - Clicked on element: [[ChromeDriver: chrome on windows (012722255af9047a495626a6ce62699c)] -> link text: Samsung galaxy s6]
17:44:46.687 [main] INFO  com.demoblaze.automation.utils.LoggerUtil - Selected product: Samsung galaxy s6
17:44:47.424 [main] INFO  com.demoblaze.automation.utils.LoggerUtil - Retrieved text: $360 *includes tax
17:44:47.425 [main] INFO  com.demoblaze.automation.utils.LoggerUtil - Product price: $360
17:44:47.537 [main] INFO  com.demoblaze.automation.utils.LoggerUtil - Clicked on element: [[ChromeDriver: chrome on windows (012722255af9047a495626a6ce62699c)] -> xpath: //a[contains(text(),'Add to cart')]]
17:44:47.538 [main] INFO  com.demoblaze.automation.utils.LoggerUtil - Clicked Add to Cart button
17:44:48.555 [main] INFO  com.demoblaze.automation.utils.LoggerUtil - Alert text: Product added
17:45:11.169 [main] ERROR com.demoblaze.automation.utils.LoggerUtil - Element not clickable: By.linkText: Home
17:45:11.169 [main] WARN  com.demoblaze.automation.utils.LoggerUtil - Could not click Home link, trying alternative method
17:45:13.956 [main] INFO  com.demoblaze.automation.utils.LoggerUtil - Navigated to home page using JavaScript
17:45:24.855 [main] INFO  com.demoblaze.automation.utils.LoggerUtil - Clicked on element: Proxy element for: DefaultElementLocator 'By.id: cartur'
17:45:24.855 [main] INFO  com.demoblaze.automation.utils.LoggerUtil - Clicked on Cart link
17:45:25.902 [main] INFO  com.demoblaze.automation.utils.LoggerUtil - Retrieved text: 360
17:45:25.902 [main] INFO  com.demoblaze.automation.utils.LoggerUtil - Cart total: 360
17:45:25.902 [main] INFO  com.demoblaze.automation.utils.LoggerUtil - ✓ TEST PASSED: testCartTotalPriceDisplay
17:45:25.902 [main] INFO  com.demoblaze.automation.utils.LoggerUtil - Execution Time: 44168 ms
]]></system-out>
    <system-err><![CDATA[Oct 08, 2025 5:44:39 PM org.openqa.selenium.devtools.CdpVersionFinder findNearestMatch
WARNING: Unable to find CDP implementation matching 141
Oct 08, 2025 5:44:39 PM org.openqa.selenium.chromium.ChromiumDriver lambda$new$5
WARNING: Unable to find version of CDP to use for 141.0.7390.54. You may need to include a dependency on a specific version of the CDP using something similar to `org.seleniumhq.selenium:selenium-devtools-v86:4.15.0` where the version ("v86") matches the version of the chromium-based browser you're using and the version number of the artifact is the same as Selenium's.
]]></system-err>
  </testcase>
  <testcase name="testAddMultipleProductsToCart" classname="com.demoblaze.automation.tests.CartTests" time="57.941">
    <system-out><![CDATA[17:45:25.903 [main] INFO  com.demoblaze.automation.utils.LoggerUtil - ============================================
17:45:25.903 [main] INFO  com.demoblaze.automation.utils.LoggerUtil - Starting test teardown
17:45:25.906 [main] INFO  com.demoblaze.automation.utils.LoggerUtil - Quitting driver
17:45:26.102 [main] INFO  com.demoblaze.automation.utils.LoggerUtil - Driver quit successfully
17:45:26.103 [main] INFO  com.demoblaze.automation.utils.LoggerUtil - Test teardown completed
17:45:26.103 [main] INFO  com.demoblaze.automation.utils.LoggerUtil - ============================================
17:45:26.104 [main] INFO  com.demoblaze.automation.utils.LoggerUtil - ============================================
17:45:26.104 [main] INFO  com.demoblaze.automation.utils.LoggerUtil - Starting test setup for browser: chrome
17:45:26.104 [main] INFO  com.demoblaze.automation.utils.LoggerUtil - Initializing chrome driver
17:45:26.854 [main] INFO  com.demoblaze.automation.utils.LoggerUtil - Chrome browser initialized
17:45:26.870 [main] INFO  com.demoblaze.automation.utils.LoggerUtil - Driver initialized successfully
17:45:28.624 [main] INFO  com.demoblaze.automation.utils.LoggerUtil - HomePage initialized
17:45:28.625 [main] INFO  com.demoblaze.automation.utils.LoggerUtil - LoginPage initialized
17:45:28.625 [main] INFO  com.demoblaze.automation.utils.LoggerUtil - SignUpPage initialized
17:45:28.625 [main] INFO  com.demoblaze.automation.utils.LoggerUtil - ProductPage initialized
17:45:28.625 [main] INFO  com.demoblaze.automation.utils.LoggerUtil - CartPage initialized
17:45:28.625 [main] INFO  com.demoblaze.automation.utils.LoggerUtil - CheckoutPage initialized
17:45:28.625 [main] INFO  com.demoblaze.automation.utils.LoggerUtil - Test setup completed successfully
17:45:28.625 [main] INFO  com.demoblaze.automation.utils.LoggerUtil - ============================================
17:45:28.626 [main] INFO  com.demoblaze.automation.utils.LoggerUtil - ========================================
17:45:28.626 [main] INFO  com.demoblaze.automation.utils.LoggerUtil - STARTING TEST: testAddMultipleProductsToCart
17:45:28.626 [main] INFO  com.demoblaze.automation.utils.LoggerUtil - Description: Test adding multiple products to cart
17:45:28.626 [main] INFO  com.demoblaze.automation.utils.LoggerUtil - ========================================
17:45:28.626 [main] INFO  com.demoblaze.automation.utils.LoggerUtil - Test: Add multiple products to cart
17:45:29.725 [main] INFO  com.demoblaze.automation.utils.LoggerUtil - Clicked on element: [[ChromeDriver: chrome on windows (068dc33e2abcc4bbf09d14938fcda77d)] -> link text: Phones]
17:45:29.725 [main] INFO  com.demoblaze.automation.utils.LoggerUtil - Selected category: Phones
17:45:33.412 [main] INFO  com.demoblaze.automation.utils.LoggerUtil - Clicked on element: [[ChromeDriver: chrome on windows (068dc33e2abcc4bbf09d14938fcda77d)] -> link text: Samsung galaxy s6]
17:45:33.412 [main] INFO  com.demoblaze.automation.utils.LoggerUtil - Selected product: Samsung galaxy s6
17:45:34.170 [main] INFO  com.demoblaze.automation.utils.LoggerUtil - Clicked on element: [[ChromeDriver: chrome on windows (068dc33e2abcc4bbf09d14938fcda77d)] -> xpath: //a[contains(text(),'Add to cart')]]
17:45:34.170 [main] INFO  com.demoblaze.automation.utils.LoggerUtil - Clicked Add to Cart button
17:45:35.183 [main] INFO  com.demoblaze.automation.utils.LoggerUtil - Alert text: Product added
17:45:57.749 [main] ERROR com.demoblaze.automation.utils.LoggerUtil - Element not clickable: By.linkText: Home
17:45:57.749 [main] WARN  com.demoblaze.automation.utils.LoggerUtil - Could not click Home link, trying alternative method
17:46:00.878 [main] INFO  com.demoblaze.automation.utils.LoggerUtil - Navigated to home page using JavaScript
17:46:02.972 [main] INFO  com.demoblaze.automation.utils.LoggerUtil - Clicked on element: [[ChromeDriver: chrome on windows (068dc33e2abcc4bbf09d14938fcda77d)] -> link text: Nokia lumia 1520]
17:46:02.974 [main] INFO  com.demoblaze.automation.utils.LoggerUtil - Selected product: Nokia lumia 1520
17:46:04.219 [main] INFO  com.demoblaze.automation.utils.LoggerUtil - Clicked on element: [[ChromeDriver: chrome on windows (068dc33e2abcc4bbf09d14938fcda77d)] -> xpath: //a[contains(text(),'Add to cart')]]
17:46:04.219 [main] INFO  com.demoblaze.automation.utils.LoggerUtil - Clicked Add to Cart button
17:46:05.226 [main] INFO  com.demoblaze.automation.utils.LoggerUtil - Alert text: Product added
17:46:10.905 [main] WARN  com.demoblaze.automation.utils.LoggerUtil - Could not click Home link, trying alternative method
17:46:14.714 [main] INFO  com.demoblaze.automation.utils.LoggerUtil - Navigated to home page using JavaScript
17:46:25.546 [main] INFO  com.demoblaze.automation.utils.LoggerUtil - Clicked on element: Proxy element for: DefaultElementLocator 'By.id: cartur'
17:46:25.546 [main] INFO  com.demoblaze.automation.utils.LoggerUtil - Clicked on Cart link
17:46:26.566 [main] INFO  com.demoblaze.automation.utils.LoggerUtil - Cart item count: 3
17:46:26.566 [main] INFO  com.demoblaze.automation.utils.LoggerUtil - ✓ TEST PASSED: testAddMultipleProductsToCart
17:46:26.566 [main] INFO  com.demoblaze.automation.utils.LoggerUtil - Execution Time: 57940 ms
]]></system-out>
    <system-err><![CDATA[Oct 08, 2025 5:45:26 PM org.openqa.selenium.devtools.CdpVersionFinder findNearestMatch
WARNING: Unable to find CDP implementation matching 141
Oct 08, 2025 5:45:26 PM org.openqa.selenium.chromium.ChromiumDriver lambda$new$5
WARNING: Unable to find version of CDP to use for 141.0.7390.54. You may need to include a dependency on a specific version of the CDP using something similar to `org.seleniumhq.selenium:selenium-devtools-v86:4.15.0` where the version ("v86") matches the version of the chromium-based browser you're using and the version number of the artifact is the same as Selenium's.
]]></system-err>
  </testcase>
  <testcase name="testCompleteCheckoutProcess" classname="com.demoblaze.automation.tests.CheckoutTests" time="58.519">
    <system-out><![CDATA[17:46:26.567 [main] INFO  com.demoblaze.automation.utils.LoggerUtil - ============================================
17:46:26.567 [main] INFO  com.demoblaze.automation.utils.LoggerUtil - Starting test teardown
17:46:26.570 [main] INFO  com.demoblaze.automation.utils.LoggerUtil - Quitting driver
17:46:26.769 [main] INFO  com.demoblaze.automation.utils.LoggerUtil - Driver quit successfully
17:46:26.770 [main] INFO  com.demoblaze.automation.utils.LoggerUtil - Test teardown completed
17:46:26.770 [main] INFO  com.demoblaze.automation.utils.LoggerUtil - ============================================
17:46:26.771 [main] INFO  com.demoblaze.automation.utils.LoggerUtil - ============================================
17:46:26.771 [main] INFO  com.demoblaze.automation.utils.LoggerUtil - Starting test setup for browser: chrome
17:46:26.771 [main] INFO  com.demoblaze.automation.utils.LoggerUtil - Initializing chrome driver
17:46:27.503 [main] INFO  com.demoblaze.automation.utils.LoggerUtil - Chrome browser initialized
17:46:27.518 [main] INFO  com.demoblaze.automation.utils.LoggerUtil - Driver initialized successfully
17:46:29.299 [main] INFO  com.demoblaze.automation.utils.LoggerUtil - HomePage initialized
17:46:29.300 [main] INFO  com.demoblaze.automation.utils.LoggerUtil - LoginPage initialized
17:46:29.300 [main] INFO  com.demoblaze.automation.utils.LoggerUtil - SignUpPage initialized
17:46:29.300 [main] INFO  com.demoblaze.automation.utils.LoggerUtil - ProductPage initialized
17:46:29.300 [main] INFO  com.demoblaze.automation.utils.LoggerUtil - CartPage initialized
17:46:29.300 [main] INFO  com.demoblaze.automation.utils.LoggerUtil - CheckoutPage initialized
17:46:29.300 [main] INFO  com.demoblaze.automation.utils.LoggerUtil - Test setup completed successfully
17:46:29.300 [main] INFO  com.demoblaze.automation.utils.LoggerUtil - ============================================
17:46:29.300 [main] INFO  com.demoblaze.automation.utils.LoggerUtil - ========================================
17:46:29.300 [main] INFO  com.demoblaze.automation.utils.LoggerUtil - STARTING TEST: testCompleteCheckoutProcess
17:46:29.301 [main] INFO  com.demoblaze.automation.utils.LoggerUtil - Description: Test complete checkout process with valid details
17:46:29.301 [main] INFO  com.demoblaze.automation.utils.LoggerUtil - ========================================
17:46:29.301 [main] INFO  com.demoblaze.automation.utils.LoggerUtil - Test: Complete checkout process
17:46:30.442 [main] INFO  com.demoblaze.automation.utils.LoggerUtil - Clicked on element: [[ChromeDriver: chrome on windows (2af657f150cc069dbddd525dad395f0e)] -> link text: Phones]
17:46:30.442 [main] INFO  com.demoblaze.automation.utils.LoggerUtil - Selected category: Phones
17:46:34.134 [main] INFO  com.demoblaze.automation.utils.LoggerUtil - Clicked on element: [[ChromeDriver: chrome on windows (2af657f150cc069dbddd525dad395f0e)] -> link text: Samsung galaxy s6]
17:46:34.134 [main] INFO  com.demoblaze.automation.utils.LoggerUtil - Selected product: Samsung galaxy s6
17:46:34.920 [main] INFO  com.demoblaze.automation.utils.LoggerUtil - Clicked on element: [[ChromeDriver: chrome on windows (2af657f150cc069dbddd525dad395f0e)] -> xpath: //a[contains(text(),'Add to cart')]]
17:46:34.920 [main] INFO  com.demoblaze.automation.utils.LoggerUtil - Clicked Add to Cart button
17:46:35.932 [main] INFO  com.demoblaze.automation.utils.LoggerUtil - Alert text: Product added
17:46:58.548 [main] ERROR com.demoblaze.automation.utils.LoggerUtil - Element not clickable: By.linkText: Home
17:46:58.548 [main] WARN  com.demoblaze.automation.utils.LoggerUtil - Could not click Home link, trying alternative method
17:47:01.094 [main] INFO  com.demoblaze.automation.utils.LoggerUtil - Navigated to home page using JavaScript
17:47:11.887 [main] INFO  com.demoblaze.automation.utils.LoggerUtil - Clicked on element: Proxy element for: DefaultElementLocator 'By.id: cartur'
17:47:11.887 [main] INFO  com.demoblaze.automation.utils.LoggerUtil - Clicked on Cart link
17:47:11.975 [main] INFO  com.demoblaze.automation.utils.LoggerUtil - Clicked on element: [[ChromeDriver: chrome on windows (2af657f150cc069dbddd525dad395f0e)] -> xpath: //button[contains(text(),'Place Order')]]
17:47:11.975 [main] INFO  com.demoblaze.automation.utils.LoggerUtil - Clicked Place Order button
17:47:14.015 [main] INFO  com.demoblaze.automation.utils.LoggerUtil - Checkout modal is visible
17:47:14.150 [main] INFO  com.demoblaze.automation.utils.LoggerUtil - Entered text: John Doe
17:47:14.248 [main] INFO  com.demoblaze.automation.utils.LoggerUtil - Entered text: USA
17:47:14.355 [main] INFO  com.demoblaze.automation.utils.LoggerUtil - Entered text: New York
17:47:14.472 [main] INFO  com.demoblaze.automation.utils.LoggerUtil - Entered text: 1234567890123456
17:47:14.583 [main] INFO  com.demoblaze.automation.utils.LoggerUtil - Entered text: 12
17:47:14.701 [main] INFO  com.demoblaze.automation.utils.LoggerUtil - Entered text: 2025
17:47:14.701 [main] INFO  com.demoblaze.automation.utils.LoggerUtil - Filled checkout form for: John Doe
17:47:14.835 [main] INFO  com.demoblaze.automation.utils.LoggerUtil - Clicked on element: [[ChromeDriver: chrome on windows (2af657f150cc069dbddd525dad395f0e)] -> xpath: //button[contains(text(),'Purchase')]]
17:47:14.835 [main] INFO  com.demoblaze.automation.utils.LoggerUtil - Clicked Purchase button
17:47:16.878 [main] INFO  com.demoblaze.automation.utils.LoggerUtil - Order confirmed: true
17:47:27.819 [main] INFO  com.demoblaze.automation.utils.LoggerUtil - Clicked on element: Proxy element for: DefaultElementLocator 'By.xpath: //button[contains(text(),'OK')]'
17:47:27.819 [main] INFO  com.demoblaze.automation.utils.LoggerUtil - Clicked OK on order confirmation
17:47:27.819 [main] INFO  com.demoblaze.automation.utils.LoggerUtil - ✓ TEST PASSED: testCompleteCheckoutProcess
17:47:27.819 [main] INFO  com.demoblaze.automation.utils.LoggerUtil - Execution Time: 58519 ms
]]></system-out>
    <system-err><![CDATA[Oct 08, 2025 5:46:27 PM org.openqa.selenium.devtools.CdpVersionFinder findNearestMatch
WARNING: Unable to find CDP implementation matching 141
Oct 08, 2025 5:46:27 PM org.openqa.selenium.chromium.ChromiumDriver lambda$new$5
WARNING: Unable to find version of CDP to use for 141.0.7390.54. You may need to include a dependency on a specific version of the CDP using something similar to `org.seleniumhq.selenium:selenium-devtools-v86:4.15.0` where the version ("v86") matches the version of the chromium-based browser you're using and the version number of the artifact is the same as Selenium's.
]]></system-err>
  </testcase>
  <testcase name="testCheckoutWithEmptyName" classname="com.demoblaze.automation.tests.CheckoutTests" time="48.708">
    <system-out><![CDATA[17:47:27.820 [main] INFO  com.demoblaze.automation.utils.LoggerUtil - ============================================
17:47:27.820 [main] INFO  com.demoblaze.automation.utils.LoggerUtil - Starting test teardown
17:47:27.823 [main] INFO  com.demoblaze.automation.utils.LoggerUtil - Quitting driver
17:47:28.042 [main] INFO  com.demoblaze.automation.utils.LoggerUtil - Driver quit successfully
17:47:28.043 [main] INFO  com.demoblaze.automation.utils.LoggerUtil - Test teardown completed
17:47:28.043 [main] INFO  com.demoblaze.automation.utils.LoggerUtil - ============================================
17:47:28.044 [main] INFO  com.demoblaze.automation.utils.LoggerUtil - ============================================
17:47:28.044 [main] INFO  com.demoblaze.automation.utils.LoggerUtil - Starting test setup for browser: chrome
17:47:28.044 [main] INFO  com.demoblaze.automation.utils.LoggerUtil - Initializing chrome driver
17:47:28.798 [main] INFO  com.demoblaze.automation.utils.LoggerUtil - Chrome browser initialized
17:47:28.813 [main] INFO  com.demoblaze.automation.utils.LoggerUtil - Driver initialized successfully
17:47:31.011 [main] INFO  com.demoblaze.automation.utils.LoggerUtil - HomePage initialized
17:47:31.012 [main] INFO  com.demoblaze.automation.utils.LoggerUtil - LoginPage initialized
17:47:31.012 [main] INFO  com.demoblaze.automation.utils.LoggerUtil - SignUpPage initialized
17:47:31.012 [main] INFO  com.demoblaze.automation.utils.LoggerUtil - ProductPage initialized
17:47:31.012 [main] INFO  com.demoblaze.automation.utils.LoggerUtil - CartPage initialized
17:47:31.012 [main] INFO  com.demoblaze.automation.utils.LoggerUtil - CheckoutPage initialized
17:47:31.012 [main] INFO  com.demoblaze.automation.utils.LoggerUtil - Test setup completed successfully
17:47:31.013 [main] INFO  com.demoblaze.automation.utils.LoggerUtil - ============================================
17:47:31.013 [main] INFO  com.demoblaze.automation.utils.LoggerUtil - ========================================
17:47:31.013 [main] INFO  com.demoblaze.automation.utils.LoggerUtil - STARTING TEST: testCheckoutWithEmptyName
17:47:31.013 [main] INFO  com.demoblaze.automation.utils.LoggerUtil - Description: Test checkout with empty name field
17:47:31.013 [main] INFO  com.demoblaze.automation.utils.LoggerUtil - ========================================
17:47:31.013 [main] INFO  com.demoblaze.automation.utils.LoggerUtil - Test: Checkout with empty name
17:47:32.133 [main] INFO  com.demoblaze.automation.utils.LoggerUtil - Clicked on element: [[ChromeDriver: chrome on windows (55e1439e083386b0757569b74c38a8e5)] -> link text: Phones]
17:47:32.133 [main] INFO  com.demoblaze.automation.utils.LoggerUtil - Selected category: Phones
17:47:36.054 [main] INFO  com.demoblaze.automation.utils.LoggerUtil - Clicked on element: [[ChromeDriver: chrome on windows (55e1439e083386b0757569b74c38a8e5)] -> link text: Samsung galaxy s6]
17:47:36.054 [main] INFO  com.demoblaze.automation.utils.LoggerUtil - Selected product: Samsung galaxy s6
17:47:36.930 [main] INFO  com.demoblaze.automation.utils.LoggerUtil - Clicked on element: [[ChromeDriver: chrome on windows (55e1439e083386b0757569b74c38a8e5)] -> xpath: //a[contains(text(),'Add to cart')]]
17:47:36.930 [main] INFO  com.demoblaze.automation.utils.LoggerUtil - Clicked Add to Cart button
17:47:37.950 [main] INFO  com.demoblaze.automation.utils.LoggerUtil - Alert text: Product added
17:48:00.499 [main] ERROR com.demoblaze.automation.utils.LoggerUtil - Element not clickable: By.linkText: Home
17:48:00.499 [main] WARN  com.demoblaze.automation.utils.LoggerUtil - Could not click Home link, trying alternative method
17:48:03.802 [main] INFO  com.demoblaze.automation.utils.LoggerUtil - Navigated to home page using JavaScript
17:48:14.772 [main] INFO  com.demoblaze.automation.utils.LoggerUtil - Clicked on element: Proxy element for: DefaultElementLocator 'By.id: cartur'
17:48:14.772 [main] INFO  com.demoblaze.automation.utils.LoggerUtil - Clicked on Cart link
17:48:14.863 [main] INFO  com.demoblaze.automation.utils.LoggerUtil - Clicked on element: [[ChromeDriver: chrome on windows (55e1439e083386b0757569b74c38a8e5)] -> xpath: //button[contains(text(),'Place Order')]]
17:48:14.863 [main] INFO  com.demoblaze.automation.utils.LoggerUtil - Clicked Place Order button
17:48:16.913 [main] INFO  com.demoblaze.automation.utils.LoggerUtil - Checkout modal is visible
17:48:17.952 [main] INFO  com.demoblaze.automation.utils.LoggerUtil - Checkout modal is visible
17:48:18.065 [main] INFO  com.demoblaze.automation.utils.LoggerUtil - Entered text: 
17:48:18.173 [main] INFO  com.demoblaze.automation.utils.LoggerUtil - Entered text: USA
17:48:18.279 [main] INFO  com.demoblaze.automation.utils.LoggerUtil - Entered text: New York
17:48:18.388 [main] INFO  com.demoblaze.automation.utils.LoggerUtil - Entered text: 1234567890123456
17:48:18.496 [main] INFO  com.demoblaze.automation.utils.LoggerUtil - Entered text: 12
17:48:18.604 [main] INFO  com.demoblaze.automation.utils.LoggerUtil - Entered text: 2025
17:48:18.604 [main] INFO  com.demoblaze.automation.utils.LoggerUtil - Filled checkout form for: 
17:48:18.695 [main] INFO  com.demoblaze.automation.utils.LoggerUtil - Clicked Purchase button (alert expected)
17:48:19.710 [main] INFO  com.demoblaze.automation.utils.LoggerUtil - Alert text: Please fill out Name and Creditcard.
17:48:19.711 [main] INFO  com.demoblaze.automation.utils.LoggerUtil - Alert: Please fill out Name and Creditcard.
17:48:19.716 [main] INFO  com.demoblaze.automation.utils.LoggerUtil - Alert text: Please fill out Name and Creditcard.
17:48:19.721 [main] INFO  com.demoblaze.automation.utils.LoggerUtil - ✓ TEST PASSED: testCheckoutWithEmptyName
17:48:19.721 [main] INFO  com.demoblaze.automation.utils.LoggerUtil - Execution Time: 48708 ms
]]></system-out>
    <system-err><![CDATA[Oct 08, 2025 5:47:28 PM org.openqa.selenium.devtools.CdpVersionFinder findNearestMatch
WARNING: Unable to find CDP implementation matching 141
Oct 08, 2025 5:47:28 PM org.openqa.selenium.chromium.ChromiumDriver lambda$new$5
WARNING: Unable to find version of CDP to use for 141.0.7390.54. You may need to include a dependency on a specific version of the CDP using something similar to `org.seleniumhq.selenium:selenium-devtools-v86:4.15.0` where the version ("v86") matches the version of the chromium-based browser you're using and the version number of the artifact is the same as Selenium's.
]]></system-err>
  </testcase>
  <testcase name="testCheckoutWithEmptyCreditCard" classname="com.demoblaze.automation.tests.CheckoutTests" time="48.137">
    <system-out><![CDATA[17:48:19.721 [main] INFO  com.demoblaze.automation.utils.LoggerUtil - ============================================
17:48:19.722 [main] INFO  com.demoblaze.automation.utils.LoggerUtil - Starting test teardown
17:48:19.727 [main] INFO  com.demoblaze.automation.utils.LoggerUtil - Quitting driver
17:48:19.923 [main] INFO  com.demoblaze.automation.utils.LoggerUtil - Driver quit successfully
17:48:19.924 [main] INFO  com.demoblaze.automation.utils.LoggerUtil - Test teardown completed
17:48:19.924 [main] INFO  com.demoblaze.automation.utils.LoggerUtil - ============================================
17:48:19.924 [main] INFO  com.demoblaze.automation.utils.LoggerUtil - ============================================
17:48:19.924 [main] INFO  com.demoblaze.automation.utils.LoggerUtil - Starting test setup for browser: chrome
17:48:19.924 [main] INFO  com.demoblaze.automation.utils.LoggerUtil - Initializing chrome driver
17:48:20.647 [main] INFO  com.demoblaze.automation.utils.LoggerUtil - Chrome browser initialized
17:48:20.665 [main] INFO  com.demoblaze.automation.utils.LoggerUtil - Driver initialized successfully
17:48:22.369 [main] INFO  com.demoblaze.automation.utils.LoggerUtil - HomePage initialized
17:48:22.369 [main] INFO  com.demoblaze.automation.utils.LoggerUtil - LoginPage initialized
17:48:22.369 [main] INFO  com.demoblaze.automation.utils.LoggerUtil - SignUpPage initialized
17:48:22.369 [main] INFO  com.demoblaze.automation.utils.LoggerUtil - ProductPage initialized
17:48:22.369 [main] INFO  com.demoblaze.automation.utils.LoggerUtil - CartPage initialized
17:48:22.370 [main] INFO  com.demoblaze.automation.utils.LoggerUtil - CheckoutPage initialized
17:48:22.370 [main] INFO  com.demoblaze.automation.utils.LoggerUtil - Test setup completed successfully
17:48:22.370 [main] INFO  com.demoblaze.automation.utils.LoggerUtil - ============================================
17:48:22.370 [main] INFO  com.demoblaze.automation.utils.LoggerUtil - ========================================
17:48:22.370 [main] INFO  com.demoblaze.automation.utils.LoggerUtil - STARTING TEST: testCheckoutWithEmptyCreditCard
17:48:22.370 [main] INFO  com.demoblaze.automation.utils.LoggerUtil - Description: Test checkout with empty credit card field
17:48:22.370 [main] INFO  com.demoblaze.automation.utils.LoggerUtil - ========================================
17:48:22.370 [main] INFO  com.demoblaze.automation.utils.LoggerUtil - Test: Checkout with empty credit card
17:48:23.466 [main] INFO  com.demoblaze.automation.utils.LoggerUtil - Clicked on element: [[ChromeDriver: chrome on windows (6cd461e5b2400c29b6243e0a9a71233d)] -> link text: Phones]
17:48:23.466 [main] INFO  com.demoblaze.automation.utils.LoggerUtil - Selected category: Phones
17:48:27.302 [main] INFO  com.demoblaze.automation.utils.LoggerUtil - Clicked on element: [[ChromeDriver: chrome on windows (6cd461e5b2400c29b6243e0a9a71233d)] -> link text: Samsung galaxy s6]
17:48:27.303 [main] INFO  com.demoblaze.automation.utils.LoggerUtil - Selected product: Samsung galaxy s6
17:48:28.121 [main] INFO  com.demoblaze.automation.utils.LoggerUtil - Clicked on element: [[ChromeDriver: chrome on windows (6cd461e5b2400c29b6243e0a9a71233d)] -> xpath: //a[contains(text(),'Add to cart')]]
17:48:28.121 [main] INFO  com.demoblaze.automation.utils.LoggerUtil - Clicked Add to Cart button
17:48:29.139 [main] INFO  com.demoblaze.automation.utils.LoggerUtil - Alert text: Product added
17:48:51.698 [main] ERROR com.demoblaze.automation.utils.LoggerUtil - Element not clickable: By.linkText: Home
17:48:51.698 [main] WARN  com.demoblaze.automation.utils.LoggerUtil - Could not click Home link, trying alternative method
17:48:54.483 [main] INFO  com.demoblaze.automation.utils.LoggerUtil - Navigated to home page using JavaScript
17:49:05.585 [main] INFO  com.demoblaze.automation.utils.LoggerUtil - Clicked on element: Proxy element for: DefaultElementLocator 'By.id: cartur'
17:49:05.586 [main] INFO  com.demoblaze.automation.utils.LoggerUtil - Clicked on Cart link
17:49:05.675 [main] INFO  com.demoblaze.automation.utils.LoggerUtil - Clicked on element: [[ChromeDriver: chrome on windows (6cd461e5b2400c29b6243e0a9a71233d)] -> xpath: //button[contains(text(),'Place Order')]]
17:49:05.675 [main] INFO  com.demoblaze.automation.utils.LoggerUtil - Clicked Place Order button
17:49:07.712 [main] INFO  com.demoblaze.automation.utils.LoggerUtil - Checkout modal is visible
17:49:08.749 [main] INFO  com.demoblaze.automation.utils.LoggerUtil - Checkout modal is visible
17:49:08.872 [main] INFO  com.demoblaze.automation.utils.LoggerUtil - Entered text: John Doe
17:49:08.971 [main] INFO  com.demoblaze.automation.utils.LoggerUtil - Entered text: USA
17:49:09.078 [main] INFO  com.demoblaze.automation.utils.LoggerUtil - Entered text: New York
17:49:09.189 [main] INFO  com.demoblaze.automation.utils.LoggerUtil - Entered text: 
17:49:09.290 [main] INFO  com.demoblaze.automation.utils.LoggerUtil - Entered text: 12
17:49:09.391 [main] INFO  com.demoblaze.automation.utils.LoggerUtil - Entered text: 2025
17:49:09.391 [main] INFO  com.demoblaze.automation.utils.LoggerUtil - Filled checkout form for: John Doe
17:49:09.486 [main] INFO  com.demoblaze.automation.utils.LoggerUtil - Clicked Purchase button (alert expected)
17:49:10.496 [main] INFO  com.demoblaze.automation.utils.LoggerUtil - Alert text: Please fill out Name and Creditcard.
17:49:10.496 [main] INFO  com.demoblaze.automation.utils.LoggerUtil - Alert: Please fill out Name and Creditcard.
17:49:10.500 [main] INFO  com.demoblaze.automation.utils.LoggerUtil - Alert text: Please fill out Name and Creditcard.
17:49:10.505 [main] INFO  com.demoblaze.automation.utils.LoggerUtil - ✓ TEST PASSED: testCheckoutWithEmptyCreditCard
17:49:10.505 [main] INFO  com.demoblaze.automation.utils.LoggerUtil - Execution Time: 48135 ms
]]></system-out>
    <system-err><![CDATA[Oct 08, 2025 5:48:20 PM org.openqa.selenium.devtools.CdpVersionFinder findNearestMatch
WARNING: Unable to find CDP implementation matching 141
Oct 08, 2025 5:48:20 PM org.openqa.selenium.chromium.ChromiumDriver lambda$new$5
WARNING: Unable to find version of CDP to use for 141.0.7390.54. You may need to include a dependency on a specific version of the CDP using something similar to `org.seleniumhq.selenium:selenium-devtools-v86:4.15.0` where the version ("v86") matches the version of the chromium-based browser you're using and the version number of the artifact is the same as Selenium's.
]]></system-err>
  </testcase>
  <testcase name="testOrderDetailsDisplay" classname="com.demoblaze.automation.tests.CheckoutTests" time="59.024">
    <system-out><![CDATA[17:49:10.507 [main] INFO  com.demoblaze.automation.utils.LoggerUtil - ============================================
17:49:10.507 [main] INFO  com.demoblaze.automation.utils.LoggerUtil - Starting test teardown
17:49:10.516 [main] INFO  com.demoblaze.automation.utils.LoggerUtil - Quitting driver
17:49:10.703 [main] INFO  com.demoblaze.automation.utils.LoggerUtil - Driver quit successfully
17:49:10.703 [main] INFO  com.demoblaze.automation.utils.LoggerUtil - Test teardown completed
17:49:10.703 [main] INFO  com.demoblaze.automation.utils.LoggerUtil - ============================================
17:49:10.704 [main] INFO  com.demoblaze.automation.utils.LoggerUtil - ============================================
17:49:10.704 [main] INFO  com.demoblaze.automation.utils.LoggerUtil - Starting test setup for browser: chrome
17:49:10.704 [main] INFO  com.demoblaze.automation.utils.LoggerUtil - Initializing chrome driver
17:49:11.407 [main] INFO  com.demoblaze.automation.utils.LoggerUtil - Chrome browser initialized
17:49:11.428 [main] INFO  com.demoblaze.automation.utils.LoggerUtil - Driver initialized successfully
17:49:12.780 [main] INFO  com.demoblaze.automation.utils.LoggerUtil - HomePage initialized
17:49:12.780 [main] INFO  com.demoblaze.automation.utils.LoggerUtil - LoginPage initialized
17:49:12.780 [main] INFO  com.demoblaze.automation.utils.LoggerUtil - SignUpPage initialized
17:49:12.781 [main] INFO  com.demoblaze.automation.utils.LoggerUtil - ProductPage initialized
17:49:12.781 [main] INFO  com.demoblaze.automation.utils.LoggerUtil - CartPage initialized
17:49:12.781 [main] INFO  com.demoblaze.automation.utils.LoggerUtil - CheckoutPage initialized
17:49:12.781 [main] INFO  com.demoblaze.automation.utils.LoggerUtil - Test setup completed successfully
17:49:12.781 [main] INFO  com.demoblaze.automation.utils.LoggerUtil - ============================================
17:49:12.781 [main] INFO  com.demoblaze.automation.utils.LoggerUtil - ========================================
17:49:12.781 [main] INFO  com.demoblaze.automation.utils.LoggerUtil - STARTING TEST: testOrderDetailsDisplay
17:49:12.781 [main] INFO  com.demoblaze.automation.utils.LoggerUtil - Description: Test order details display after successful purchase
17:49:12.781 [main] INFO  com.demoblaze.automation.utils.LoggerUtil - ========================================
17:49:12.782 [main] INFO  com.demoblaze.automation.utils.LoggerUtil - Test: Order details display
17:49:13.884 [main] INFO  com.demoblaze.automation.utils.LoggerUtil - Clicked on element: [[ChromeDriver: chrome on windows (513ddd79a93c7b361a830a0f7e3074ff)] -> link text: Phones]
17:49:13.884 [main] INFO  com.demoblaze.automation.utils.LoggerUtil - Selected category: Phones
17:49:17.684 [main] INFO  com.demoblaze.automation.utils.LoggerUtil - Clicked on element: [[ChromeDriver: chrome on windows (513ddd79a93c7b361a830a0f7e3074ff)] -> link text: Samsung galaxy s6]
17:49:17.684 [main] INFO  com.demoblaze.automation.utils.LoggerUtil - Selected product: Samsung galaxy s6
17:49:18.668 [main] INFO  com.demoblaze.automation.utils.LoggerUtil - Clicked on element: [[ChromeDriver: chrome on windows (513ddd79a93c7b361a830a0f7e3074ff)] -> xpath: //a[contains(text(),'Add to cart')]]
17:49:18.668 [main] INFO  com.demoblaze.automation.utils.LoggerUtil - Clicked Add to Cart button
17:49:19.684 [main] INFO  com.demoblaze.automation.utils.LoggerUtil - Alert text: Product added
17:49:42.264 [main] ERROR com.demoblaze.automation.utils.LoggerUtil - Element not clickable: By.linkText: Home
17:49:42.265 [main] WARN  com.demoblaze.automation.utils.LoggerUtil - Could not click Home link, trying alternative method
17:49:44.806 [main] INFO  com.demoblaze.automation.utils.LoggerUtil - Navigated to home page using JavaScript
17:49:55.837 [main] INFO  com.demoblaze.automation.utils.LoggerUtil - Clicked on element: Proxy element for: DefaultElementLocator 'By.id: cartur'
17:49:55.837 [main] INFO  com.demoblaze.automation.utils.LoggerUtil - Clicked on Cart link
17:49:55.960 [main] INFO  com.demoblaze.automation.utils.LoggerUtil - Clicked on element: [[ChromeDriver: chrome on windows (513ddd79a93c7b361a830a0f7e3074ff)] -> xpath: //button[contains(text(),'Place Order')]]
17:49:55.960 [main] INFO  com.demoblaze.automation.utils.LoggerUtil - Clicked Place Order button
17:49:58.024 [main] INFO  com.demoblaze.automation.utils.LoggerUtil - Checkout modal is visible
17:49:58.156 [main] INFO  com.demoblaze.automation.utils.LoggerUtil - Entered text: Jane Smith
17:49:58.274 [main] INFO  com.demoblaze.automation.utils.LoggerUtil - Entered text: UK
17:49:58.392 [main] INFO  com.demoblaze.automation.utils.LoggerUtil - Entered text: London
17:49:58.523 [main] INFO  com.demoblaze.automation.utils.LoggerUtil - Entered text: 9876543210987654
17:49:58.638 [main] INFO  com.demoblaze.automation.utils.LoggerUtil - Entered text: 06
17:49:58.757 [main] INFO  com.demoblaze.automation.utils.LoggerUtil - Entered text: 2026
17:49:58.758 [main] INFO  com.demoblaze.automation.utils.LoggerUtil - Filled checkout form for: Jane Smith
17:49:58.890 [main] INFO  com.demoblaze.automation.utils.LoggerUtil - Clicked on element: [[ChromeDriver: chrome on windows (513ddd79a93c7b361a830a0f7e3074ff)] -> xpath: //button[contains(text(),'Purchase')]]
17:49:58.890 [main] INFO  com.demoblaze.automation.utils.LoggerUtil - Clicked Purchase button
17:50:00.943 [main] INFO  com.demoblaze.automation.utils.LoggerUtil - Retrieved text: Id: 3533188
Amount: 360 USD
Card Number: 9876543210987654
Name: Jane Smith
Date: 8/9/2025
17:50:00.943 [main] INFO  com.demoblaze.automation.utils.LoggerUtil - Order details: Id: 3533188
Amount: 360 USD
Card Number: 9876543210987654
Name: Jane Smith
Date: 8/9/2025
17:50:11.804 [main] INFO  com.demoblaze.automation.utils.LoggerUtil - Clicked on element: Proxy element for: DefaultElementLocator 'By.xpath: //button[contains(text(),'OK')]'
17:50:11.804 [main] INFO  com.demoblaze.automation.utils.LoggerUtil - Clicked OK on order confirmation
17:50:11.804 [main] INFO  com.demoblaze.automation.utils.LoggerUtil - ✓ TEST PASSED: testOrderDetailsDisplay
17:50:11.804 [main] INFO  com.demoblaze.automation.utils.LoggerUtil - Execution Time: 59023 ms
]]></system-out>
    <system-err><![CDATA[Oct 08, 2025 5:49:11 PM org.openqa.selenium.devtools.CdpVersionFinder findNearestMatch
WARNING: Unable to find CDP implementation matching 141
Oct 08, 2025 5:49:11 PM org.openqa.selenium.chromium.ChromiumDriver lambda$new$5
WARNING: Unable to find version of CDP to use for 141.0.7390.54. You may need to include a dependency on a specific version of the CDP using something similar to `org.seleniumhq.selenium:selenium-devtools-v86:4.15.0` where the version ("v86") matches the version of the chromium-based browser you're using and the version number of the artifact is the same as Selenium's.
]]></system-err>
  </testcase>
  <testcase name="testCloseCheckoutModal" classname="com.demoblaze.automation.tests.CheckoutTests" time="45.652">
    <system-out><![CDATA[17:50:11.804 [main] INFO  com.demoblaze.automation.utils.LoggerUtil - ============================================
17:50:11.805 [main] INFO  com.demoblaze.automation.utils.LoggerUtil - Starting test teardown
17:50:11.809 [main] INFO  com.demoblaze.automation.utils.LoggerUtil - Quitting driver
17:50:11.996 [main] INFO  com.demoblaze.automation.utils.LoggerUtil - Driver quit successfully
17:50:11.996 [main] INFO  com.demoblaze.automation.utils.LoggerUtil - Test teardown completed
17:50:11.996 [main] INFO  com.demoblaze.automation.utils.LoggerUtil - ============================================
17:50:11.997 [main] INFO  com.demoblaze.automation.utils.LoggerUtil - ============================================
17:50:11.997 [main] INFO  com.demoblaze.automation.utils.LoggerUtil - Starting test setup for browser: chrome
17:50:11.997 [main] INFO  com.demoblaze.automation.utils.LoggerUtil - Initializing chrome driver
17:50:12.737 [main] INFO  com.demoblaze.automation.utils.LoggerUtil - Chrome browser initialized
17:50:12.757 [main] INFO  com.demoblaze.automation.utils.LoggerUtil - Driver initialized successfully
17:50:14.519 [main] INFO  com.demoblaze.automation.utils.LoggerUtil - HomePage initialized
17:50:14.519 [main] INFO  com.demoblaze.automation.utils.LoggerUtil - LoginPage initialized
17:50:14.519 [main] INFO  com.demoblaze.automation.utils.LoggerUtil - SignUpPage initialized
17:50:14.519 [main] INFO  com.demoblaze.automation.utils.LoggerUtil - ProductPage initialized
17:50:14.519 [main] INFO  com.demoblaze.automation.utils.LoggerUtil - CartPage initialized
17:50:14.520 [main] INFO  com.demoblaze.automation.utils.LoggerUtil - CheckoutPage initialized
17:50:14.520 [main] INFO  com.demoblaze.automation.utils.LoggerUtil - Test setup completed successfully
17:50:14.520 [main] INFO  com.demoblaze.automation.utils.LoggerUtil - ============================================
17:50:14.520 [main] INFO  com.demoblaze.automation.utils.LoggerUtil - ========================================
17:50:14.520 [main] INFO  com.demoblaze.automation.utils.LoggerUtil - STARTING TEST: testCloseCheckoutModal
17:50:14.520 [main] INFO  com.demoblaze.automation.utils.LoggerUtil - Description: Test closing checkout modal
17:50:14.520 [main] INFO  com.demoblaze.automation.utils.LoggerUtil - ========================================
17:50:14.521 [main] INFO  com.demoblaze.automation.utils.LoggerUtil - Test: Close checkout modal
17:50:15.630 [main] INFO  com.demoblaze.automation.utils.LoggerUtil - Clicked on element: [[ChromeDriver: chrome on windows (bb084a91a74ae70e151a65cd65124299)] -> link text: Phones]
17:50:15.630 [main] INFO  com.demoblaze.automation.utils.LoggerUtil - Selected category: Phones
17:50:19.488 [main] INFO  com.demoblaze.automation.utils.LoggerUtil - Clicked on element: [[ChromeDriver: chrome on windows (bb084a91a74ae70e151a65cd65124299)] -> link text: Samsung galaxy s6]
17:50:19.488 [main] INFO  com.demoblaze.automation.utils.LoggerUtil - Selected product: Samsung galaxy s6
17:50:20.453 [main] INFO  com.demoblaze.automation.utils.LoggerUtil - Clicked on element: [[ChromeDriver: chrome on windows (bb084a91a74ae70e151a65cd65124299)] -> xpath: //a[contains(text(),'Add to cart')]]
17:50:20.453 [main] INFO  com.demoblaze.automation.utils.LoggerUtil - Clicked Add to Cart button
17:50:21.469 [main] INFO  com.demoblaze.automation.utils.LoggerUtil - Alert text: Product added
17:50:44.111 [main] ERROR com.demoblaze.automation.utils.LoggerUtil - Element not clickable: By.linkText: Home
17:50:44.112 [main] WARN  com.demoblaze.automation.utils.LoggerUtil - Could not click Home link, trying alternative method
17:50:46.930 [main] INFO  com.demoblaze.automation.utils.LoggerUtil - Navigated to home page using JavaScript
17:50:57.917 [main] INFO  com.demoblaze.automation.utils.LoggerUtil - Clicked on element: Proxy element for: DefaultElementLocator 'By.id: cartur'
17:50:57.917 [main] INFO  com.demoblaze.automation.utils.LoggerUtil - Clicked on Cart link
17:50:58.019 [main] INFO  com.demoblaze.automation.utils.LoggerUtil - Clicked on element: [[ChromeDriver: chrome on windows (bb084a91a74ae70e151a65cd65124299)] -> xpath: //button[contains(text(),'Place Order')]]
17:50:58.019 [main] INFO  com.demoblaze.automation.utils.LoggerUtil - Clicked Place Order button
17:51:00.059 [main] INFO  com.demoblaze.automation.utils.LoggerUtil - Checkout modal is visible
17:51:00.156 [main] INFO  com.demoblaze.automation.utils.LoggerUtil - Clicked on element: [[ChromeDriver: chrome on windows (bb084a91a74ae70e151a65cd65124299)] -> xpath: //div[@id='orderModal']//button[contains(text(),'Close')]]
17:51:00.172 [main] INFO  com.demoblaze.automation.utils.LoggerUtil - Current URL: https://www.demoblaze.com/cart.html
17:51:00.172 [main] INFO  com.demoblaze.automation.utils.LoggerUtil - ✓ TEST PASSED: testCloseCheckoutModal
17:51:00.172 [main] INFO  com.demoblaze.automation.utils.LoggerUtil - Execution Time: 45652 ms
]]></system-out>
    <system-err><![CDATA[Oct 08, 2025 5:50:12 PM org.openqa.selenium.devtools.CdpVersionFinder findNearestMatch
WARNING: Unable to find CDP implementation matching 141
Oct 08, 2025 5:50:12 PM org.openqa.selenium.chromium.ChromiumDriver lambda$new$5
WARNING: Unable to find version of CDP to use for 141.0.7390.54. You may need to include a dependency on a specific version of the CDP using something similar to `org.seleniumhq.selenium:selenium-devtools-v86:4.15.0` where the version ("v86") matches the version of the chromium-based browser you're using and the version number of the artifact is the same as Selenium's.
]]></system-err>
  </testcase>
</testsuite>