<?xml version="1.0" encoding="UTF-8"?>
<!-- Generated by org.testng.reporters.JUnitReportReporter -->
<testsuite hostname="VishalNivangune" failures="0" tests="5" name="com.demoblaze.automation.tests.CheckoutTests" time="273.601" errors="0" timestamp="2025-10-08T17:51:07 IST" skipped="0">
  <testcase classname="com.demoblaze.automation.tests.CheckoutTests" name="testCompleteCheckoutProcess" time="60.821"/>
  <testcase classname="com.demoblaze.automation.tests.CheckoutTests" name="testCheckoutWithEmptyName" time="51.431"/>
  <testcase classname="com.demoblaze.automation.tests.CheckoutTests" name="testCheckoutWithEmptyCreditCard" time="51.297"/>
  <testcase classname="com.demoblaze.automation.tests.CheckoutTests" name="testOrderDetailsDisplay" time="61.756"/>
  <testcase classname="com.demoblaze.automation.tests.CheckoutTests" name="testCloseCheckoutModal" time="48.296"/>
  <system-out>
    <![CDATA[<br><img src='output/screenshots/testRemoveProductFromCart_20251008_174438.png' height='400' width='600'/><br>]]>
  </system-out>
</testsuite> <!-- com.demoblaze.automation.tests.CheckoutTests -->
