<?xml version="1.0" encoding="UTF-8"?>
<!-- Generated by org.testng.reporters.JUnitReportReporter -->
<testsuite hostname="VishalNivangune" failures="0" tests="5" name="com.demoblaze.automation.tests.ProductSearchTests" time="33.845" errors="0" timestamp="2025-10-08T17:51:07 IST" skipped="0">
  <testcase classname="com.demoblaze.automation.tests.ProductSearchTests" name="testSearchByPhonesCategory" time="5.523"/>
  <testcase classname="com.demoblaze.automation.tests.ProductSearchTests" name="testSearchByLaptopsCategory" time="5.682"/>
  <testcase classname="com.demoblaze.automation.tests.ProductSearchTests" name="testSearchByMonitorsCategory" time="6.177"/>
  <testcase classname="com.demoblaze.automation.tests.ProductSearchTests" name="testSelectSpecificProduct" time="8.135"/>
  <testcase classname="com.demoblaze.automation.tests.ProductSearchTests" name="testProductDetailsDisplay" time="8.328"/>
  <system-out>
    <![CDATA[<br><img src='output/screenshots/testRemoveProductFromCart_20251008_174438.png' height='400' width='600'/><br>]]>
  </system-out>
</testsuite> <!-- com.demoblaze.automation.tests.ProductSearchTests -->
